#
# There is insufficient memory for the Java Runtime Environment to continue.
# Native memory allocation (malloc) failed to allocate 1692784 bytes for Chunk::new
# Possible reasons:
#   The system is out of physical RAM or swap space
#   The process is running with CompressedOops enabled, and the Java Heap may be blocking the growth of the native heap
# Possible solutions:
#   Reduce memory load on the system
#   Increase physical memory or swap space
#   Check if swap backing store is full
#   Decrease Java heap size (-Xmx/-Xms)
#   Decrease number of Java threads
#   Decrease Java thread stack sizes (-Xss)
#   Set larger code cache with -XX:ReservedCodeCacheSize=
#   JVM is running with Zero Based Compressed Oops mode in which the Java heap is
#     placed in the first 32GB address space. The Java Heap base address is the
#     maximum limit for the native heap growth. Please use -XX:HeapBaseMinAddress
#     to set the Java Heap base and to place the Java Heap above 32GB virtual address.
# This output file may be truncated or incomplete.
#
#  Out of Memory Error (arena.cpp:189), pid=14992, tid=5616
#
# JRE version: Java(TM) SE Runtime Environment (17.0.6+9) (build 17.0.6+9-LTS-190)
# Java VM: Java HotSpot(TM) 64-Bit Server VM (17.0.6+9-LTS-190, mixed mode, sharing, tiered, compressed oops, compressed class ptrs, parallel gc, windows-amd64)
# No core dump will be written. Minidumps are not enabled by default on client versions of Windows
#

---------------  S U M M A R Y ------------

Command Line: -XX:+HeapDumpOnOutOfMemoryError -XX:+UseParallelGC -XX:MaxMetaspaceSize=1g --add-opens=java.base/java.util=ALL-UNNAMED --add-opens=java.base/java.lang=ALL-UNNAMED --add-opens=java.base/java.lang.invoke=ALL-UNNAMED --add-opens=java.prefs/java.util.prefs=ALL-UNNAMED --add-opens=java.base/java.nio.charset=ALL-UNNAMED --add-opens=java.base/java.net=ALL-UNNAMED --add-opens=java.base/java.util.concurrent.atomic=ALL-UNNAMED -Xmx6g -Dfile.encoding=UTF-8 -Duser.country=IN -Duser.language=en -Duser.variant -javaagent:C:\Users\91914\.gradle\wrapper\dists\gradle-8.2-bin\bbg7u40eoinfdyxsxr3z4i7ta\gradle-8.2\lib\agents\gradle-instrumentation-agent-8.2.jar org.gradle.launcher.daemon.bootstrap.GradleDaemon 8.2

Host: AMD Ryzen 7 3750H with Radeon Vega Mobile Gfx  , 8 cores, 15G,  Windows 10 , 64 bit Build 19041 (10.0.19041.3636)
Time: Sun May 12 19:45:04 2024 India Standard Time elapsed time: 242.696707 seconds (0d 0h 4m 2s)

---------------  T H R E A D  ---------------

Current thread (0x0000013a64427cf0):  JavaThread "C2 CompilerThread0" daemon [_thread_in_native, id=5616, stack(0x00000021e4b00000,0x00000021e4c00000)]


Current CompileTask:
C2: 242696 75147       4       com.android.tools.r8.internal.AX::a (326 bytes)

Stack: [0x00000021e4b00000,0x00000021e4c00000]
Native frames: (J=compiled Java code, j=interpreted, Vv=VM code, C=native code)
V  [jvm.dll+0x6734ea]
V  [jvm.dll+0x7d18f4]
V  [jvm.dll+0x7d309e]
V  [jvm.dll+0x7d3703]
V  [jvm.dll+0x2433c5]
V  [jvm.dll+0xaa46b]
V  [jvm.dll+0xaaa0c]
V  [jvm.dll+0x35eb2e]
V  [jvm.dll+0x1b967a]
V  [jvm.dll+0x215f37]
V  [jvm.dll+0x215211]
V  [jvm.dll+0x1a1730]
V  [jvm.dll+0x224b6e]
V  [jvm.dll+0x222f15]
V  [jvm.dll+0x78753c]
V  [jvm.dll+0x781a7a]
V  [jvm.dll+0x672375]
C  [ucrtbase.dll+0x21bb2]
C  [KERNEL32.DLL+0x17344]
C  [ntdll.dll+0x526b1]


---------------  P R O C E S S  ---------------

Threads class SMR info:
_java_thread_list=0x0000013a2889a810, length=177, elements={
0x0000013a647fa6d0, 0x0000013a6440de80, 0x0000013a6440f490, 0x0000013a64422630,
0x0000013a644234a0, 0x0000013a64424310, 0x0000013a64426670, 0x0000013a64427cf0,
0x0000013a64438340, 0x0000013a7f408070, 0x0000013a648ba430, 0x0000013a7f5f0040,
0x0000013a0ca8d530, 0x0000013a0cfc8010, 0x0000013a0c12c050, 0x0000013a7fe6e530,
0x0000013a0cc6d860, 0x0000013a0c6c0090, 0x0000013a0cdac440, 0x0000013a0c12cec0,
0x0000013a0c12f540, 0x0000013a0c12d390, 0x0000013a0c12fa10, 0x0000013a0c12dd30,
0x0000013a0c12e200, 0x0000013a0c12fee0, 0x0000013a0c12eba0, 0x0000013a0c12c9f0,
0x0000013a0c1303b0, 0x0000013a0d70d3d0, 0x0000013a0d70ca30, 0x0000013a0d70b6f0,
0x0000013a0d708ba0, 0x0000013a0d709ee0, 0x0000013a0d70d8a0, 0x0000013a0d709a10,
0x0000013a0d70c560, 0x0000013a0d70b220, 0x0000013a0d70a880, 0x0000013a0d70cf00,
0x0000013a0d70f580, 0x0000013a0d70ff20, 0x0000013a0d70e240, 0x0000013a0d7086d0,
0x0000013a0d70ad50, 0x0000013a0d709540, 0x0000013a0d70e710, 0x0000013a0d70ebe0,
0x0000013a0d70a3b0, 0x0000013a12d70430, 0x0000013a12d6e750, 0x0000013a12d6d410,
0x0000013a12d6a3f0, 0x0000013a12d6ddb0, 0x0000013a12d6c5a0, 0x0000013a12d70dd0,
0x0000013a12d6f5c0, 0x0000013a12d70900, 0x0000013a12d712a0, 0x0000013a12d6ad90,
0x0000013a12d6b260, 0x0000013a12491bf0, 0x0000013a12493da0, 0x0000013a12490d80,
0x0000013a12494270, 0x0000013a124920c0, 0x0000013a12492a60, 0x0000013a12492f30,
0x0000013a12495f50, 0x0000013a12493400, 0x0000013a12496420, 0x0000013a124938d0,
0x0000013a124903e0, 0x0000013a12494740, 0x0000013a124968f0, 0x0000013a12494c10,
0x0000013a124950e0, 0x0000013a12497760, 0x0000013a12496dc0, 0x0000013a124955b0,
0x0000013a12495a80, 0x0000013a1248ff10, 0x0000013a124908b0, 0x0000013a128ff760,
0x0000013a12901440, 0x0000013a12901910, 0x0000013a128fa0c0, 0x0000013a128fc270,
0x0000013a128fb400, 0x0000013a12900aa0, 0x0000013a128fa590, 0x0000013a128faa60,
0x0000013a128fedc0, 0x0000013a128ff290, 0x0000013a128faf30, 0x0000013a128fda80,
0x0000013a12900100, 0x0000013a128fcc10, 0x0000013a0c5e9540, 0x0000013a0c5e86d0,
0x0000013a0c5e4d10, 0x0000013a131e0180, 0x0000013a0c5e6050, 0x0000013a19cfcef0,
0x0000013a7f4d2dc0, 0x0000013a19cfb6e0, 0x0000013a10e2af70, 0x0000013a7f4d28f0,
0x0000013a0c5e8ba0, 0x0000013a0c5e6520, 0x0000013a0c5e7390, 0x0000013a0c5e7860,
0x0000013a0c5e7d30, 0x0000013a0c5e3030, 0x0000013a0c5e69f0, 0x0000013a0c7b7720,
0x0000013a10e2c780, 0x0000013a7f4d3290, 0x0000013a10e2bde0, 0x0000013a7f4d4100,
0x0000013a10e2b440, 0x0000013a7f4d3760, 0x0000013a10e2b910, 0x0000013a0c7b8590,
0x0000013a10e2c2b0, 0x0000013a7f4d3c30, 0x0000013a19cfbbb0, 0x0000013a0d2adbe0,
0x0000013a18400870, 0x0000013a19cfc080, 0x0000013a0d2abf00, 0x0000013a19cfc550,
0x0000013a19cfca20, 0x0000013a18b086a0, 0x0000013a0c7b8a60, 0x0000013a0c7b8f30,
0x0000013a131e0650, 0x0000013a131e0ff0, 0x0000013a131e14c0, 0x0000013a0d2aba30,
0x0000013a18b08b70, 0x0000013a183dfec0, 0x0000013a0d2ac8a0, 0x0000013a0d2ae580,
0x0000013a0c5e9a10, 0x0000013a0c5e9ee0, 0x0000013a0c5e2b60, 0x0000013a12d6a8c0,
0x0000013a1a2baf30, 0x0000013a1a2baa60, 0x0000013a19ebec50, 0x0000013a1c0a0860,
0x0000013a10428100, 0x0000013a18b09eb0, 0x0000013a1a2b9720, 0x0000013a1a2bb8d0,
0x0000013a1a2b83e0, 0x0000013a1a2b8d80, 0x0000013a1a2b9250, 0x0000013a1a2b9bf0,
0x0000013a1a2ba0c0, 0x0000013a2dba4310, 0x0000013a2cb1d760, 0x0000013a2cb1e5d0,
0x0000013a2dba34a0, 0x0000013a2dba47e0, 0x0000013a1cce6080, 0x0000013a3112d7a0,
0x0000013a1cce3060, 0x0000013a18b0a850, 0x0000013a19ebfac0, 0x0000013a3112f480,
0x0000013a32892320, 0x0000013a32893660, 0x0000013a328927f0, 0x0000013a2dba2fd0,
0x0000013a1cce56e0
}

Java Threads: ( => current thread )
  0x0000013a647fa6d0 JavaThread "main" [_thread_blocked, id=17784, stack(0x00000021e4200000,0x00000021e4300000)]
  0x0000013a6440de80 JavaThread "Reference Handler" daemon [_thread_blocked, id=3876, stack(0x00000021e4500000,0x00000021e4600000)]
  0x0000013a6440f490 JavaThread "Finalizer" daemon [_thread_blocked, id=552, stack(0x00000021e4600000,0x00000021e4700000)]
  0x0000013a64422630 JavaThread "Signal Dispatcher" daemon [_thread_blocked, id=7436, stack(0x00000021e4700000,0x00000021e4800000)]
  0x0000013a644234a0 JavaThread "Attach Listener" daemon [_thread_blocked, id=9504, stack(0x00000021e4800000,0x00000021e4900000)]
  0x0000013a64424310 JavaThread "Service Thread" daemon [_thread_blocked, id=9896, stack(0x00000021e4900000,0x00000021e4a00000)]
  0x0000013a64426670 JavaThread "Monitor Deflation Thread" daemon [_thread_blocked, id=4140, stack(0x00000021e4a00000,0x00000021e4b00000)]
=>0x0000013a64427cf0 JavaThread "C2 CompilerThread0" daemon [_thread_in_native, id=5616, stack(0x00000021e4b00000,0x00000021e4c00000)]
  0x0000013a64438340 JavaThread "C1 CompilerThread0" daemon [_thread_blocked, id=5588, stack(0x00000021e4c00000,0x00000021e4d00000)]
  0x0000013a7f408070 JavaThread "Sweeper thread" daemon [_thread_blocked, id=14644, stack(0x00000021e4d00000,0x00000021e4e00000)]
  0x0000013a648ba430 JavaThread "Common-Cleaner" daemon [_thread_blocked, id=3968, stack(0x00000021e4e00000,0x00000021e4f00000)]
  0x0000013a7f5f0040 JavaThread "Notification Thread" daemon [_thread_blocked, id=19424, stack(0x00000021e4f00000,0x00000021e5000000)]
  0x0000013a0ca8d530 JavaThread "Daemon health stats" [_thread_blocked, id=19164, stack(0x00000021e5600000,0x00000021e5700000)]
  0x0000013a0cfc8010 JavaThread "Incoming local TCP Connector on port 50124" [_thread_in_native, id=19180, stack(0x00000021e5700000,0x00000021e5800000)]
  0x0000013a0c12c050 JavaThread "Daemon periodic checks" [_thread_blocked, id=19232, stack(0x00000021e5800000,0x00000021e5900000)]
  0x0000013a7fe6e530 JavaThread "Daemon" [_thread_blocked, id=19348, stack(0x00000021e5900000,0x00000021e5a00000)]
  0x0000013a0cc6d860 JavaThread "Handler for socket connection from /127.0.0.1:50124 to /127.0.0.1:50125" [_thread_in_native, id=19320, stack(0x00000021e5a00000,0x00000021e5b00000)]
  0x0000013a0c6c0090 JavaThread "Cancel handler" [_thread_blocked, id=19336, stack(0x00000021e5b00000,0x00000021e5c00000)]
  0x0000013a0cdac440 JavaThread "Daemon worker" [_thread_blocked, id=19380, stack(0x00000021e5c00000,0x00000021e5d00000)]
  0x0000013a0c12cec0 JavaThread "Asynchronous log dispatcher for DefaultDaemonConnection: socket connection from /127.0.0.1:50124 to /127.0.0.1:50125" [_thread_blocked, id=19408, stack(0x00000021e5d00000,0x00000021e5e00000)]
  0x0000013a0c12f540 JavaThread "Stdin handler" [_thread_blocked, id=19432, stack(0x00000021e5e00000,0x00000021e5f00000)]
  0x0000013a0c12d390 JavaThread "Daemon client event forwarder" [_thread_blocked, id=19264, stack(0x00000021e5f00000,0x00000021e6000000)]
  0x0000013a0c12fa10 JavaThread "Cache worker for journal cache (C:\Users\91914\.gradle\caches\journal-1)" [_thread_blocked, id=13976, stack(0x00000021e6000000,0x00000021e6100000)]
  0x0000013a0c12dd30 JavaThread "File lock request listener" [_thread_in_native, id=19272, stack(0x00000021e6100000,0x00000021e6200000)]
  0x0000013a0c12e200 JavaThread "Cache worker for file hash cache (C:\Users\91914\.gradle\caches\8.2\fileHashes)" [_thread_blocked, id=19256, stack(0x00000021e6200000,0x00000021e6300000)]
  0x0000013a0c12fee0 JavaThread "File watcher server" daemon [_thread_in_native, id=7288, stack(0x00000021e6700000,0x00000021e6800000)]
  0x0000013a0c12eba0 JavaThread "File watcher consumer" daemon [_thread_blocked, id=1532, stack(0x00000021e6800000,0x00000021e6900000)]
  0x0000013a0c12c9f0 JavaThread "Cache worker for checksums cache (C:\Users\91914\android-client\.gradle\8.2\checksums)" [_thread_blocked, id=9160, stack(0x00000021e6900000,0x00000021e6a00000)]
  0x0000013a0c1303b0 JavaThread "Cache worker for cache directory md-rule (C:\Users\91914\.gradle\caches\8.2\md-rule)" [_thread_blocked, id=14952, stack(0x00000021e6a00000,0x00000021e6b00000)]
  0x0000013a0d70d3d0 JavaThread "Cache worker for file content cache (C:\Users\91914\.gradle\caches\8.2\fileContent)" [_thread_blocked, id=3028, stack(0x00000021e6b00000,0x00000021e6c00000)]
  0x0000013a0d70ca30 JavaThread "Cache worker for file hash cache (C:\Users\91914\android-client\.gradle\8.2\fileHashes)" [_thread_blocked, id=11248, stack(0x00000021e6c00000,0x00000021e6d00000)]
  0x0000013a0d70b6f0 JavaThread "Cache worker for cache directory md-supplier (C:\Users\91914\.gradle\caches\8.2\md-supplier)" [_thread_blocked, id=17528, stack(0x00000021e6d00000,0x00000021e6e00000)]
  0x0000013a0d708ba0 JavaThread "Cache worker for execution history cache (C:\Users\91914\.gradle\caches\8.2\executionHistory)" [_thread_blocked, id=19388, stack(0x00000021e6e00000,0x00000021e6f00000)]
  0x0000013a0d709ee0 JavaThread "Cache worker for kotlin-dsl (C:\Users\91914\.gradle\caches\8.2\kotlin-dsl)" [_thread_blocked, id=1844, stack(0x00000021e6f00000,0x00000021e7000000)]
  0x0000013a0d70d8a0 JavaThread "jar transforms" [_thread_blocked, id=1744, stack(0x00000021e7000000,0x00000021e7100000)]
  0x0000013a0d709a10 JavaThread "jar transforms Thread 2" [_thread_blocked, id=5504, stack(0x00000021e7100000,0x00000021e7200000)]
  0x0000013a0d70c560 JavaThread "jar transforms Thread 3" [_thread_blocked, id=12732, stack(0x00000021e7200000,0x00000021e7300000)]
  0x0000013a0d70b220 JavaThread "jar transforms Thread 4" [_thread_blocked, id=1176, stack(0x00000021e7300000,0x00000021e7400000)]
  0x0000013a0d70a880 JavaThread "jar transforms Thread 5" [_thread_blocked, id=10696, stack(0x00000021e7400000,0x00000021e7500000)]
  0x0000013a0d70cf00 JavaThread "jar transforms Thread 6" [_thread_blocked, id=10988, stack(0x00000021e7500000,0x00000021e7600000)]
  0x0000013a0d70f580 JavaThread "Cache worker for dependencies-accessors (C:\Users\91914\android-client\.gradle\8.2\dependencies-accessors)" [_thread_blocked, id=10124, stack(0x00000021e7600000,0x00000021e7700000)]
  0x0000013a0d70ff20 JavaThread "Cache worker for Build Output Cleanup Cache (C:\Users\91914\android-client\.gradle\buildOutputCleanup)" [_thread_blocked, id=3836, stack(0x00000021e7700000,0x00000021e7800000)]
  0x0000013a0d70e240 JavaThread "jar transforms Thread 7" [_thread_blocked, id=8416, stack(0x00000021e7800000,0x00000021e7900000)]
  0x0000013a0d7086d0 JavaThread "jar transforms Thread 8" [_thread_blocked, id=18912, stack(0x00000021e7900000,0x00000021e7a00000)]
  0x0000013a0d70ad50 JavaThread "Cache worker for Build Output Cleanup Cache (C:\Users\91914\android-client\build-logic\.gradle\buildOutputCleanup)" [_thread_blocked, id=4228, stack(0x00000021e7a00000,0x00000021e7b00000)]
  0x0000013a0d709540 JavaThread "Unconstrained build operations" [_thread_blocked, id=8316, stack(0x00000021e7b00000,0x00000021e7c00000)]
  0x0000013a0d70e710 JavaThread "Unconstrained build operations Thread 2" [_thread_blocked, id=4068, stack(0x00000021e7c00000,0x00000021e7d00000)]
  0x0000013a0d70ebe0 JavaThread "Unconstrained build operations Thread 3" [_thread_blocked, id=14572, stack(0x00000021e7d00000,0x00000021e7e00000)]
  0x0000013a0d70a3b0 JavaThread "Unconstrained build operations Thread 4" [_thread_blocked, id=15844, stack(0x00000021e7e00000,0x00000021e7f00000)]
  0x0000013a12d70430 JavaThread "Unconstrained build operations Thread 5" [_thread_blocked, id=4112, stack(0x00000021e7f00000,0x00000021e8000000)]
  0x0000013a12d6e750 JavaThread "Unconstrained build operations Thread 6" [_thread_blocked, id=18952, stack(0x00000021e8000000,0x00000021e8100000)]
  0x0000013a12d6d410 JavaThread "Unconstrained build operations Thread 7" [_thread_blocked, id=5964, stack(0x00000021e8100000,0x00000021e8200000)]
  0x0000013a12d6a3f0 JavaThread "Memory manager" [_thread_blocked, id=4472, stack(0x00000021e8200000,0x00000021e8300000)]
  0x0000013a12d6ddb0 JavaThread "Unconstrained build operations Thread 8" [_thread_blocked, id=5108, stack(0x00000021e6600000,0x00000021e6700000)]
  0x0000013a12d6c5a0 JavaThread "Unconstrained build operations Thread 9" [_thread_blocked, id=8496, stack(0x00000021e8300000,0x00000021e8400000)]
  0x0000013a12d70dd0 JavaThread "Unconstrained build operations Thread 10" [_thread_blocked, id=8992, stack(0x00000021e8400000,0x00000021e8500000)]
  0x0000013a12d6f5c0 JavaThread "Unconstrained build operations Thread 11" [_thread_blocked, id=6800, stack(0x00000021e8500000,0x00000021e8600000)]
  0x0000013a12d70900 JavaThread "Unconstrained build operations Thread 12" [_thread_blocked, id=1604, stack(0x00000021e8600000,0x00000021e8700000)]
  0x0000013a12d712a0 JavaThread "Unconstrained build operations Thread 13" [_thread_blocked, id=2172, stack(0x00000021e8700000,0x00000021e8800000)]
  0x0000013a12d6ad90 JavaThread "Unconstrained build operations Thread 14" [_thread_blocked, id=6528, stack(0x00000021e8800000,0x00000021e8900000)]
  0x0000013a12d6b260 JavaThread "build event listener" [_thread_blocked, id=7076, stack(0x00000021e8a00000,0x00000021e8b00000)]
  0x0000013a12491bf0 JavaThread "included builds" [_thread_blocked, id=5896, stack(0x00000021e8900000,0x00000021e8a00000)]
  0x0000013a12493da0 JavaThread "Execution worker" [_thread_blocked, id=9592, stack(0x00000021e8b00000,0x00000021e8c00000)]
  0x0000013a12490d80 JavaThread "Execution worker Thread 2" [_thread_blocked, id=4580, stack(0x00000021e8c00000,0x00000021e8d00000)]
  0x0000013a12494270 JavaThread "Execution worker Thread 3" [_thread_blocked, id=13060, stack(0x00000021e8d00000,0x00000021e8e00000)]
  0x0000013a124920c0 JavaThread "Execution worker Thread 4" [_thread_blocked, id=18792, stack(0x00000021e8e00000,0x00000021e8f00000)]
  0x0000013a12492a60 JavaThread "Execution worker Thread 5" [_thread_blocked, id=10208, stack(0x00000021e8f00000,0x00000021e9000000)]
  0x0000013a12492f30 JavaThread "Execution worker Thread 6" [_thread_blocked, id=3992, stack(0x00000021e9000000,0x00000021e9100000)]
  0x0000013a12495f50 JavaThread "Execution worker Thread 7" [_thread_blocked, id=17300, stack(0x00000021e9100000,0x00000021e9200000)]
  0x0000013a12493400 JavaThread "Cache worker for execution history cache (C:\Users\91914\android-client\build-logic\.gradle\8.2\executionHistory)" [_thread_blocked, id=17520, stack(0x00000021e9200000,0x00000021e9300000)]
  0x0000013a12496420 JavaThread "Unconstrained build operations Thread 15" [_thread_blocked, id=14544, stack(0x00000021e9400000,0x00000021e9500000)]
  0x0000013a124938d0 JavaThread "Unconstrained build operations Thread 16" [_thread_blocked, id=16996, stack(0x00000021e9500000,0x00000021e9600000)]
  0x0000013a124903e0 JavaThread "Unconstrained build operations Thread 17" [_thread_blocked, id=17304, stack(0x00000021e9600000,0x00000021e9700000)]
  0x0000013a12494740 JavaThread "Unconstrained build operations Thread 18" [_thread_blocked, id=9548, stack(0x00000021e9700000,0x00000021e9800000)]
  0x0000013a124968f0 JavaThread "Unconstrained build operations Thread 19" [_thread_blocked, id=17856, stack(0x00000021e9800000,0x00000021e9900000)]
  0x0000013a12494c10 JavaThread "Unconstrained build operations Thread 20" [_thread_blocked, id=10364, stack(0x00000021e9900000,0x00000021e9a00000)]
  0x0000013a124950e0 JavaThread "Unconstrained build operations Thread 21" [_thread_blocked, id=11700, stack(0x00000021e9a00000,0x00000021e9b00000)]
  0x0000013a12497760 JavaThread "Unconstrained build operations Thread 22" [_thread_blocked, id=14800, stack(0x00000021e9b00000,0x00000021e9c00000)]
  0x0000013a12496dc0 JavaThread "Unconstrained build operations Thread 23" [_thread_blocked, id=8936, stack(0x00000021e9c00000,0x00000021e9d00000)]
  0x0000013a124955b0 JavaThread "Unconstrained build operations Thread 24" [_thread_blocked, id=1436, stack(0x00000021e9d00000,0x00000021e9e00000)]
  0x0000013a12495a80 JavaThread "Unconstrained build operations Thread 25" [_thread_blocked, id=4064, stack(0x00000021e9e00000,0x00000021e9f00000)]
  0x0000013a1248ff10 JavaThread "Unconstrained build operations Thread 26" [_thread_blocked, id=18656, stack(0x00000021e9f00000,0x00000021ea000000)]
  0x0000013a124908b0 JavaThread "Unconstrained build operations Thread 27" [_thread_blocked, id=9012, stack(0x00000021ea000000,0x00000021ea100000)]
  0x0000013a128ff760 JavaThread "Unconstrained build operations Thread 28" [_thread_blocked, id=18648, stack(0x00000021ea100000,0x00000021ea200000)]
  0x0000013a12901440 JavaThread "Unconstrained build operations Thread 29" [_thread_blocked, id=15748, stack(0x00000021ea200000,0x00000021ea300000)]
  0x0000013a12901910 JavaThread "Unconstrained build operations Thread 30" [_thread_blocked, id=18640, stack(0x00000021ea300000,0x00000021ea400000)]
  0x0000013a128fa0c0 JavaThread "Unconstrained build operations Thread 31" [_thread_blocked, id=18960, stack(0x00000021ea400000,0x00000021ea500000)]
  0x0000013a128fc270 JavaThread "Unconstrained build operations Thread 32" [_thread_blocked, id=4336, stack(0x00000021ea500000,0x00000021ea600000)]
  0x0000013a128fb400 JavaThread "Unconstrained build operations Thread 33" [_thread_blocked, id=17924, stack(0x00000021ea600000,0x00000021ea700000)]
  0x0000013a12900aa0 JavaThread "Unconstrained build operations Thread 34" [_thread_blocked, id=5828, stack(0x00000021ea700000,0x00000021ea800000)]
  0x0000013a128fa590 JavaThread "Unconstrained build operations Thread 35" [_thread_blocked, id=11960, stack(0x00000021ea800000,0x00000021ea900000)]
  0x0000013a128faa60 JavaThread "Unconstrained build operations Thread 36" [_thread_blocked, id=2740, stack(0x00000021ea900000,0x00000021eaa00000)]
  0x0000013a128fedc0 JavaThread "Unconstrained build operations Thread 37" [_thread_blocked, id=224, stack(0x00000021eaa00000,0x00000021eab00000)]
  0x0000013a128ff290 JavaThread "Unconstrained build operations Thread 38" [_thread_blocked, id=13340, stack(0x00000021eab00000,0x00000021eac00000)]
  0x0000013a128faf30 JavaThread "Unconstrained build operations Thread 39" [_thread_blocked, id=10280, stack(0x00000021eac00000,0x00000021ead00000)]
  0x0000013a128fda80 JavaThread "Unconstrained build operations Thread 40" [_thread_blocked, id=8964, stack(0x00000021ead00000,0x00000021eae00000)]
  0x0000013a12900100 JavaThread "Unconstrained build operations Thread 41" [_thread_blocked, id=7840, stack(0x00000021eae00000,0x00000021eaf00000)]
  0x0000013a128fcc10 JavaThread "Unconstrained build operations Thread 42" [_thread_blocked, id=8916, stack(0x00000021eaf00000,0x00000021eb000000)]
  0x0000013a0c5e9540 JavaThread "pool-3-thread-1" [_thread_blocked, id=18924, stack(0x00000021eb000000,0x00000021eb100000)]
  0x0000013a0c5e86d0 JavaThread "build event listener" [_thread_blocked, id=14252, stack(0x00000021eb100000,0x00000021eb200000)]
  0x0000013a0c5e4d10 JavaThread "Cache worker for execution history cache (C:\Users\91914\android-client\.gradle\8.2\executionHistory)" [_thread_blocked, id=8204, stack(0x00000021eb200000,0x00000021eb300000)]
  0x0000013a131e0180 JavaThread "Unconstrained build operations Thread 43" [_thread_blocked, id=2712, stack(0x00000021e9300000,0x00000021e9400000)]
  0x0000013a0c5e6050 JavaThread "Unconstrained build operations Thread 44" [_thread_blocked, id=7036, stack(0x00000021eb300000,0x00000021eb400000)]
  0x0000013a19cfcef0 JavaThread "Unconstrained build operations Thread 45" [_thread_blocked, id=1764, stack(0x00000021eb400000,0x00000021eb500000)]
  0x0000013a7f4d2dc0 JavaThread "Unconstrained build operations Thread 46" [_thread_blocked, id=17136, stack(0x00000021eb500000,0x00000021eb600000)]
  0x0000013a19cfb6e0 JavaThread "Unconstrained build operations Thread 47" [_thread_blocked, id=9696, stack(0x00000021eb600000,0x00000021eb700000)]
  0x0000013a10e2af70 JavaThread "Unconstrained build operations Thread 48" [_thread_blocked, id=19156, stack(0x00000021eb700000,0x00000021eb800000)]
  0x0000013a7f4d28f0 JavaThread "Unconstrained build operations Thread 49" [_thread_blocked, id=8560, stack(0x00000021eb800000,0x00000021eb900000)]
  0x0000013a0c5e8ba0 JavaThread "Unconstrained build operations Thread 50" [_thread_blocked, id=12892, stack(0x00000021eba00000,0x00000021ebb00000)]
  0x0000013a0c5e6520 JavaThread "Unconstrained build operations Thread 51" [_thread_blocked, id=11584, stack(0x00000021ebb00000,0x00000021ebc00000)]
  0x0000013a0c5e7390 JavaThread "Unconstrained build operations Thread 52" [_thread_blocked, id=18660, stack(0x00000021ebc00000,0x00000021ebd00000)]
  0x0000013a0c5e7860 JavaThread "Unconstrained build operations Thread 53" [_thread_blocked, id=13948, stack(0x00000021ebd00000,0x00000021ebe00000)]
  0x0000013a0c5e7d30 JavaThread "Unconstrained build operations Thread 55" [_thread_blocked, id=18968, stack(0x00000021ebe00000,0x00000021ebf00000)]
  0x0000013a0c5e3030 JavaThread "Unconstrained build operations Thread 56" [_thread_blocked, id=8644, stack(0x00000021ebf00000,0x00000021ec000000)]
  0x0000013a0c5e69f0 JavaThread "Unconstrained build operations Thread 59" [_thread_blocked, id=10780, stack(0x00000021ec000000,0x00000021ec100000)]
  0x0000013a0c7b7720 JavaThread "Unconstrained build operations Thread 54" [_thread_blocked, id=12608, stack(0x00000021ec100000,0x00000021ec200000)]
  0x0000013a10e2c780 JavaThread "Unconstrained build operations Thread 58" [_thread_blocked, id=16468, stack(0x00000021ec200000,0x00000021ec300000)]
  0x0000013a7f4d3290 JavaThread "Unconstrained build operations Thread 57" [_thread_blocked, id=10668, stack(0x00000021ec300000,0x00000021ec400000)]
  0x0000013a10e2bde0 JavaThread "Unconstrained build operations Thread 61" [_thread_blocked, id=13100, stack(0x00000021ec400000,0x00000021ec500000)]
  0x0000013a7f4d4100 JavaThread "Unconstrained build operations Thread 62" [_thread_blocked, id=15616, stack(0x00000021ec500000,0x00000021ec600000)]
  0x0000013a10e2b440 JavaThread "Unconstrained build operations Thread 63" [_thread_blocked, id=11432, stack(0x00000021ec600000,0x00000021ec700000)]
  0x0000013a7f4d3760 JavaThread "Unconstrained build operations Thread 64" [_thread_blocked, id=18048, stack(0x00000021ec700000,0x00000021ec800000)]
  0x0000013a10e2b910 JavaThread "Unconstrained build operations Thread 65" [_thread_blocked, id=15888, stack(0x00000021ec800000,0x00000021ec900000)]
  0x0000013a0c7b8590 JavaThread "Unconstrained build operations Thread 60" [_thread_blocked, id=12984, stack(0x00000021ec900000,0x00000021eca00000)]
  0x0000013a10e2c2b0 JavaThread "Unconstrained build operations Thread 67" [_thread_blocked, id=17628, stack(0x00000021eca00000,0x00000021ecb00000)]
  0x0000013a7f4d3c30 JavaThread "Unconstrained build operations Thread 66" [_thread_blocked, id=17692, stack(0x00000021ecb00000,0x00000021ecc00000)]
  0x0000013a19cfbbb0 JavaThread "Unconstrained build operations Thread 68" [_thread_blocked, id=12104, stack(0x00000021ecc00000,0x00000021ecd00000)]
  0x0000013a0d2adbe0 JavaThread "Unconstrained build operations Thread 69" [_thread_blocked, id=12064, stack(0x00000021ecd00000,0x00000021ece00000)]
  0x0000013a18400870 JavaThread "Unconstrained build operations Thread 70" [_thread_blocked, id=2240, stack(0x00000021ece00000,0x00000021ecf00000)]
  0x0000013a19cfc080 JavaThread "Unconstrained build operations Thread 71" [_thread_blocked, id=6772, stack(0x00000021ecf00000,0x00000021ed000000)]
  0x0000013a0d2abf00 JavaThread "Unconstrained build operations Thread 72" [_thread_blocked, id=8752, stack(0x00000021ed000000,0x00000021ed100000)]
  0x0000013a19cfc550 JavaThread "Unconstrained build operations Thread 74" [_thread_in_Java, id=11980, stack(0x00000021ed100000,0x00000021ed200000)]
  0x0000013a19cfca20 JavaThread "Unconstrained build operations Thread 75" [_thread_blocked, id=504, stack(0x00000021ed200000,0x00000021ed300000)]
  0x0000013a18b086a0 JavaThread "Unconstrained build operations Thread 76" [_thread_blocked, id=7268, stack(0x00000021ed300000,0x00000021ed400000)]
  0x0000013a0c7b8a60 JavaThread "Unconstrained build operations Thread 73" [_thread_blocked, id=18632, stack(0x00000021ed400000,0x00000021ed500000)]
  0x0000013a0c7b8f30 JavaThread "Unconstrained build operations Thread 77" [_thread_blocked, id=6812, stack(0x00000021ed500000,0x00000021ed600000)]
  0x0000013a131e0650 JavaThread "Unconstrained build operations Thread 78" [_thread_blocked, id=14568, stack(0x00000021ed600000,0x00000021ed700000)]
  0x0000013a131e0ff0 JavaThread "Unconstrained build operations Thread 79" [_thread_blocked, id=3324, stack(0x00000021ed700000,0x00000021ed800000)]
  0x0000013a131e14c0 JavaThread "Unconstrained build operations Thread 80" [_thread_blocked, id=10352, stack(0x00000021ed800000,0x00000021ed900000)]
  0x0000013a0d2aba30 JavaThread "WorkerExecutor Queue Thread 4" [_thread_blocked, id=14936, stack(0x00000021edc00000,0x00000021edd00000)]
  0x0000013a18b08b70 JavaThread "WorkerExecutor Queue Thread 9" [_thread_blocked, id=8388, stack(0x00000021ee400000,0x00000021ee500000)]
  0x0000013a183dfec0 JavaThread "pool-4-thread-1" [_thread_blocked, id=1172, stack(0x00000021ee700000,0x00000021ee800000)]
  0x0000013a0d2ac8a0 JavaThread "stderr" [_thread_in_native, id=16720, stack(0x00000021ee800000,0x00000021ee900000)]
  0x0000013a0d2ae580 JavaThread "stdout" [_thread_in_native, id=17868, stack(0x00000021ee900000,0x00000021eea00000)]
  0x0000013a0c5e9a10 JavaThread "stderr" [_thread_in_native, id=544, stack(0x00000021eea00000,0x00000021eeb00000)]
  0x0000013a0c5e9ee0 JavaThread "stdout" [_thread_in_native, id=12184, stack(0x00000021eeb00000,0x00000021eec00000)]
  0x0000013a0c5e2b60 JavaThread "RMI Scheduler(0)" daemon [_thread_blocked, id=10236, stack(0x00000021ee000000,0x00000021ee100000)]
  0x0000013a12d6a8c0 JavaThread "RMI GC Daemon" daemon [_thread_blocked, id=17164, stack(0x00000021ee600000,0x00000021ee700000)]
  0x0000013a1a2baf30 JavaThread "RMI TCP Accept-0" daemon [_thread_in_native, id=8756, stack(0x00000021eee00000,0x00000021eef00000)]
  0x0000013a1a2baa60 JavaThread "RMI Reaper" [_thread_blocked, id=7664, stack(0x00000021eef00000,0x00000021ef000000)]
  0x0000013a19ebec50 JavaThread "RMI TCP Connection(11)-127.0.0.1" daemon [_thread_in_native, id=10516, stack(0x00000021ef000000,0x00000021ef100000)]
  0x0000013a1c0a0860 JavaThread "WorkerExecutor Queue Thread 12" [_thread_blocked, id=11672, stack(0x00000021ef100000,0x00000021ef200000)]
  0x0000013a10428100 JavaThread "C2 CompilerThread1" daemon [_thread_in_native, id=13328, stack(0x00000021e3f00000,0x00000021e4000000)]
  0x0000013a18b09eb0 JavaThread "Cache worker for Java compile cache (C:\Users\91914\.gradle\caches\8.2\javaCompile)" [_thread_blocked, id=17140, stack(0x00000021e4100000,0x00000021e4200000)]
  0x0000013a1a2b9720 JavaThread "Build operations" [_thread_blocked, id=1520, stack(0x00000021e5100000,0x00000021e5200000)]
  0x0000013a1a2bb8d0 JavaThread "Build operations Thread 2" [_thread_blocked, id=17152, stack(0x00000021eb900000,0x00000021eba00000)]
  0x0000013a1a2b83e0 JavaThread "Build operations Thread 3" [_thread_blocked, id=11316, stack(0x00000021edd00000,0x00000021ede00000)]
  0x0000013a1a2b8d80 JavaThread "Build operations Thread 4" [_thread_blocked, id=15800, stack(0x00000021ef200000,0x00000021ef300000)]
  0x0000013a1a2b9250 JavaThread "Build operations Thread 5" [_thread_blocked, id=2020, stack(0x00000021ef400000,0x00000021ef500000)]
  0x0000013a1a2b9bf0 JavaThread "Build operations Thread 6" [_thread_blocked, id=3168, stack(0x00000021ef500000,0x00000021ef600000)]
  0x0000013a1a2ba0c0 JavaThread "Build operations Thread 7" [_thread_blocked, id=3956, stack(0x00000021ef600000,0x00000021ef700000)]
  0x0000013a2dba4310 JavaThread "WorkerExecutor Queue Thread 15" [_thread_in_Java, id=7672, stack(0x00000021ed900000,0x00000021eda00000)]
  0x0000013a2cb1d760 JavaThread "stderr" [_thread_in_native, id=9596, stack(0x00000021ee100000,0x00000021ee200000)]
  0x0000013a2cb1e5d0 JavaThread "stdout" [_thread_in_native, id=14588, stack(0x00000021ee200000,0x00000021ee300000)]
  0x0000013a2dba34a0 JavaThread "stderr" [_thread_in_native, id=8324, stack(0x00000021ee300000,0x00000021ee400000)]
  0x0000013a2dba47e0 JavaThread "stdout" [_thread_in_native, id=12312, stack(0x00000021ef900000,0x00000021efa00000)]
  0x0000013a1cce6080 JavaThread "WorkerExecutor Queue Thread 16" [_thread_blocked, id=4844, stack(0x00000021edf00000,0x00000021ee000000)]
  0x0000013a3112d7a0 JavaThread "RMI TCP Connection(10)-127.0.0.1" daemon [_thread_in_native, id=9524, stack(0x00000021eec00000,0x00000021eed00000)]
  0x0000013a1cce3060 JavaThread "WorkerExecutor Queue Thread 17" [_thread_blocked, id=10068, stack(0x00000021ee500000,0x00000021ee600000)]
  0x0000013a18b0a850 JavaThread "WorkerExecutor Queue Thread 18" [_thread_blocked, id=18216, stack(0x00000021ede00000,0x00000021edf00000)]
  0x0000013a19ebfac0 JavaThread "Java2D Disposer" daemon [_thread_blocked, id=18540, stack(0x00000021eed00000,0x00000021eee00000)]
  0x0000013a3112f480 JavaThread "Exec process Thread 4" [_thread_blocked, id=7700, stack(0x00000021ef300000,0x00000021ef400000)]
  0x0000013a32892320 JavaThread "Exec process Thread 5" [_thread_blocked, id=18524, stack(0x00000021efd00000,0x00000021efe00000)]
  0x0000013a32893660 JavaThread "Exec process Thread 6" [_thread_blocked, id=18580, stack(0x00000021efe00000,0x00000021eff00000)]
  0x0000013a328927f0 JavaThread "Exec process Thread 7" [_thread_blocked, id=18520, stack(0x00000021eff00000,0x00000021f0000000)]
  0x0000013a2dba2fd0 JavaThread "RMI TCP Connection(12)-127.0.0.1" daemon [_thread_in_native, id=18076, stack(0x00000021f0000000,0x00000021f0100000)]
  0x0000013a1cce56e0 JavaThread "WorkerExecutor Queue Thread 19" [_thread_blocked, id=13564, stack(0x00000021ef800000,0x00000021ef900000)]

Other Threads:
  0x0000013a648ccba0 VMThread "VM Thread" [stack: 0x00000021e4400000,0x00000021e4500000] [id=2180]
  0x0000013a7f5e5080 WatcherThread [stack: 0x00000021e5000000,0x00000021e5100000] [id=19400]
  0x0000013a64812a50 GCTaskThread "GC Thread#0" [stack: 0x00000021e4300000,0x00000021e4400000] [id=17792]
  0x0000013a7f6b5a60 GCTaskThread "GC Thread#1" [stack: 0x00000021e5200000,0x00000021e5300000] [id=19248]
  0x0000013a7f7008d0 GCTaskThread "GC Thread#2" [stack: 0x00000021e5300000,0x00000021e5400000] [id=19368]
  0x0000013a0c24e620 GCTaskThread "GC Thread#3" [stack: 0x00000021e5400000,0x00000021e5500000] [id=19356]
  0x0000013a0c24e8d0 GCTaskThread "GC Thread#4" [stack: 0x00000021e5500000,0x00000021e5600000] [id=19168]
  0x0000013a0d90dcf0 GCTaskThread "GC Thread#5" [stack: 0x00000021e6300000,0x00000021e6400000] [id=19364]
  0x0000013a0d8a6290 GCTaskThread "GC Thread#6" [stack: 0x00000021e6400000,0x00000021e6500000] [id=19404]
  0x0000013a0f52b410 GCTaskThread "GC Thread#7" [stack: 0x00000021e6500000,0x00000021e6600000] [id=19372]

Threads with active compile tasks:
C2 CompilerThread0   242737 75147       4       com.android.tools.r8.internal.AX::a (326 bytes)
C2 CompilerThread1   242737 75150   !   4       com.android.tools.r8.ir.optimize.w::a (805 bytes)

VM state: not at safepoint (normal execution)

VM Mutex/Monitor currently owned by a thread: None

Heap address: 0x0000000680000000, size: 6144 MB, Compressed Oops mode: Zero based, Oop shift amount: 3

CDS archive(s) mapped at: [0x0000000800000000-0x0000000800bd0000-0x0000000800bd0000), size 12386304, SharedBaseAddress: 0x0000000800000000, ArchiveRelocationMode: 0.
Compressed class space mapped at: 0x0000000800c00000-0x0000000834000000, reserved size: 859832320
Narrow klass base: 0x0000000800000000, Narrow klass shift: 0, Narrow klass range: 0x100000000

GC Precious Log:
 CPUs: 8 total, 8 available
 Memory: 15808M
 Large Page Support: Disabled
 NUMA Support: Disabled
 Compressed Oops: Enabled (Zero based)
 Alignments: Space 512K, Generation 512K, Heap 2M
 Heap Min Capacity: 8M
 Heap Initial Capacity: 248M
 Heap Max Capacity: 6G
 Pre-touch: Disabled
 Parallel Workers: 8

Heap:
 PSYoungGen      total 1602560K, used 760831K [0x0000000780000000, 0x00000007fba00000, 0x0000000800000000)
  eden space 1217536K, 57% used [0x0000000780000000,0x00000007aa7c4040,0x00000007ca500000)
  from space 385024K, 16% used [0x00000007e4200000,0x00000007e813bd00,0x00000007fba00000)
  to   space 403968K, 0% used [0x00000007ca500000,0x00000007ca500000,0x00000007e2f80000)
 ParOldGen       total 1346560K, used 1184380K [0x0000000680000000, 0x00000006d2300000, 0x0000000780000000)
  object space 1346560K, 87% used [0x0000000680000000,0x00000006c849f0a8,0x00000006d2300000)
 Metaspace       used 269996K, committed 272960K, reserved 1085440K
  class space    used 33313K, committed 34688K, reserved 839680K

Card table byte_map: [0x0000013a7b080000,0x0000013a7bc90000] _byte_map_base: 0x0000013a77c80000

Marking Bits: (ParMarkBitMap*) 0x00007ffbd1ae95f0
 Begin Bits: [0x0000013a00000000, 0x0000013a06000000)
 End Bits:   [0x0000013a06000000, 0x0000013a0c000000)

Polling page: 0x0000013a63fd0000

Metaspace:

Usage:
  Non-class:    231.14 MB used.
      Class:     32.53 MB used.
       Both:    263.67 MB used.

Virtual space:
  Non-class space:      240.00 MB reserved,     232.69 MB ( 97%) committed,  30 nodes.
      Class space:      820.00 MB reserved,      33.88 MB (  4%) committed,  1 nodes.
             Both:        1.04 GB reserved,     266.56 MB ( 25%) committed. 

Chunk freelists:
   Non-Class:  2.98 MB
       Class:  2.19 MB
        Both:  5.16 MB

MaxMetaspaceSize: 1.00 GB
CompressedClassSpaceSize: 820.00 MB
Initial GC threshold: 21.00 MB
Current GC threshold: 414.00 MB
CDS: on
MetaspaceReclaimPolicy: balanced
 - commit_granule_bytes: 65536.
 - commit_granule_words: 8192.
 - virtual_space_node_default_size: 1048576.
 - enlarge_chunks_in_place: 1.
 - new_chunks_are_fully_committed: 0.
 - uncommit_free_chunks: 1.
 - use_allocation_guard: 0.
 - handle_deallocations: 1.


Internal statistics:

num_allocs_failed_limit: 15.
num_arena_births: 4588.
num_arena_deaths: 82.
num_vsnodes_births: 31.
num_vsnodes_deaths: 0.
num_space_committed: 4265.
num_space_uncommitted: 4.
num_chunks_returned_to_freelist: 176.
num_chunks_taken_from_freelist: 17552.
num_chunk_merges: 45.
num_chunk_splits: 11050.
num_chunks_enlarged: 6267.
num_purges: 6.
num_inconsistent_stats: 0.

CodeHeap 'non-profiled nmethods': size=120000Kb used=56316Kb max_used=56316Kb free=63683Kb
 bounds [0x0000013a73b50000, 0x0000013a77250000, 0x0000013a7b080000]
CodeHeap 'profiled nmethods': size=120000Kb used=108925Kb max_used=108938Kb free=11074Kb
 bounds [0x0000013a6c080000, 0x0000013a72b60000, 0x0000013a735b0000]
CodeHeap 'non-nmethods': size=5760Kb used=2634Kb max_used=2738Kb free=3125Kb
 bounds [0x0000013a735b0000, 0x0000013a73870000, 0x0000013a73b50000]
 total_blobs=50817 nmethods=49618 adapters=1108
 compilation: enabled
              stopped_count=0, restarted_count=0
 full_count=0

Compilation events (20 events):
Event: 241.695 Thread 0x0000013a64427cf0 nmethod 75085 0x0000013a77225590 code [0x0000013a77225ce0, 0x0000013a7722cd38]
Event: 241.724 Thread 0x0000013a64427cf0 75140 %     4       com.android.tools.r8.internal.Tf::a @ 226 (462 bytes)
Event: 241.920 Thread 0x0000013a10428100 75141 %     4       com.android.tools.r8.internal.GJ::e @ 75 (332 bytes)
Event: 241.982 Thread 0x0000013a10428100 nmethod 75141% 0x0000013a77230510 code [0x0000013a772307a0, 0x0000013a772328d8]
Event: 241.982 Thread 0x0000013a10428100 75142       4       java.util.ComparableTimSort::mergeHi (729 bytes)
Event: 242.039 Thread 0x0000013a10428100 nmethod 75142 0x0000013a77233910 code [0x0000013a77233b40, 0x0000013a77235e78]
Event: 242.136 Thread 0x0000013a64427cf0 nmethod 75140% 0x0000013a77236f90 code [0x0000013a77237520, 0x0000013a7723caa0]
Event: 242.159 Thread 0x0000013a10428100 75143       4       com.android.tools.r8.internal.Tf::a (462 bytes)
Event: 242.223 Thread 0x0000013a64438340 75144       3       com.android.tools.lint.client.api.LintDriver$Companion::matches (151 bytes)
Event: 242.224 Thread 0x0000013a64438340 nmethod 75144 0x0000013a705b6410 code [0x0000013a705b6680, 0x0000013a705b73e8]
Event: 242.230 Thread 0x0000013a64438340 75145       3       com.android.tools.lint.client.api.LintDriver$Companion::access$matches (7 bytes)
Event: 242.231 Thread 0x0000013a64438340 nmethod 75145 0x0000013a714e1790 code [0x0000013a714e1920, 0x0000013a714e1a48]
Event: 242.232 Thread 0x0000013a64427cf0 75146       4       org.objectweb.asm.tree.Util::asArrayList (60 bytes)
Event: 242.243 Thread 0x0000013a64427cf0 nmethod 75146 0x0000013a77240a90 code [0x0000013a77240c40, 0x0000013a77241538]
Event: 242.328 Thread 0x0000013a64427cf0 75147       4       com.android.tools.r8.internal.AX::a (326 bytes)
Event: 242.626 Thread 0x0000013a10428100 nmethod 75143 0x0000013a77241990 code [0x0000013a77241f00, 0x0000013a772477f0]
Event: 242.627 Thread 0x0000013a10428100 75149       4       org.objectweb.asm.tree.MethodNode::visitTableSwitchInsn (28 bytes)
Event: 242.655 Thread 0x0000013a10428100 nmethod 75149 0x0000013a7724d310 code [0x0000013a7724d500, 0x0000013a7724e4f8]
Event: 242.655 Thread 0x0000013a10428100 75148       4       java.util.ComparableTimSort::ensureCapacity (64 bytes)
Event: 242.657 Thread 0x0000013a10428100 nmethod 75148 0x0000013a7724ed10 code [0x0000013a7724eea0, 0x0000013a7724f0b8]

GC Heap History (20 events):
Event: 224.246 GC heap before
{Heap before GC invocations=89 (full 10):
 PSYoungGen      total 1528832K, used 1528817K [0x0000000780000000, 0x0000000800000000, 0x0000000800000000)
  eden space 1128448K, 100% used [0x0000000780000000,0x00000007c4e00000,0x00000007c4e00000)
  from space 400384K, 99% used [0x00000007e7900000,0x00000007ffffc600,0x0000000800000000)
  to   space 484352K, 0% used [0x00000007c4e00000,0x00000007c4e00000,0x00000007e2700000)
 ParOldGen       total 1346560K, used 936200K [0x0000000680000000, 0x00000006d2300000, 0x0000000780000000)
  object space 1346560K, 69% used [0x0000000680000000,0x00000006b92422b8,0x00000006d2300000)
 Metaspace       used 256733K, committed 259520K, reserved 1069056K
  class space    used 31738K, committed 32960K, reserved 839680K
}
Event: 224.372 GC heap after
{Heap after GC invocations=89 (full 10):
 PSYoungGen      total 1594880K, used 466179K [0x0000000780000000, 0x0000000800000000, 0x0000000800000000)
  eden space 1128448K, 0% used [0x0000000780000000,0x0000000780000000,0x00000007c4e00000)
  from space 466432K, 99% used [0x00000007c4e00000,0x00000007e1540ec0,0x00000007e1580000)
  to   space 502272K, 0% used [0x00000007e1580000,0x00000007e1580000,0x0000000800000000)
 ParOldGen       total 1346560K, used 942371K [0x0000000680000000, 0x00000006d2300000, 0x0000000780000000)
  object space 1346560K, 69% used [0x0000000680000000,0x00000006b9848c30,0x00000006d2300000)
 Metaspace       used 256733K, committed 259520K, reserved 1069056K
  class space    used 31738K, committed 32960K, reserved 839680K
}
Event: 225.133 GC heap before
{Heap before GC invocations=90 (full 10):
 PSYoungGen      total 1594880K, used 1594627K [0x0000000780000000, 0x0000000800000000, 0x0000000800000000)
  eden space 1128448K, 100% used [0x0000000780000000,0x00000007c4e00000,0x00000007c4e00000)
  from space 466432K, 99% used [0x00000007c4e00000,0x00000007e1540ec0,0x00000007e1580000)
  to   space 502272K, 0% used [0x00000007e1580000,0x00000007e1580000,0x0000000800000000)
 ParOldGen       total 1346560K, used 942431K [0x0000000680000000, 0x00000006d2300000, 0x0000000780000000)
  object space 1346560K, 69% used [0x0000000680000000,0x00000006b9857d70,0x00000006d2300000)
 Metaspace       used 257177K, committed 259968K, reserved 1069056K
  class space    used 31772K, committed 33024K, reserved 839680K
}
Event: 225.253 GC heap after
{Heap after GC invocations=90 (full 10):
 PSYoungGen      total 1535488K, used 214632K [0x0000000780000000, 0x0000000800000000, 0x0000000800000000)
  eden space 1033216K, 0% used [0x0000000780000000,0x0000000780000000,0x00000007bf100000)
  from space 502272K, 42% used [0x00000007e1580000,0x00000007ee71a290,0x0000000800000000)
  to   space 531968K, 0% used [0x00000007bf100000,0x00000007bf100000,0x00000007df880000)
 ParOldGen       total 1346560K, used 1045479K [0x0000000680000000, 0x00000006d2300000, 0x0000000780000000)
  object space 1346560K, 77% used [0x0000000680000000,0x00000006bfcf9ea0,0x00000006d2300000)
 Metaspace       used 257177K, committed 259968K, reserved 1069056K
  class space    used 31772K, committed 33024K, reserved 839680K
}
Event: 226.433 GC heap before
{Heap before GC invocations=91 (full 10):
 PSYoungGen      total 1535488K, used 1247848K [0x0000000780000000, 0x0000000800000000, 0x0000000800000000)
  eden space 1033216K, 100% used [0x0000000780000000,0x00000007bf100000,0x00000007bf100000)
  from space 502272K, 42% used [0x00000007e1580000,0x00000007ee71a290,0x0000000800000000)
  to   space 531968K, 0% used [0x00000007bf100000,0x00000007bf100000,0x00000007df880000)
 ParOldGen       total 1346560K, used 1045479K [0x0000000680000000, 0x00000006d2300000, 0x0000000780000000)
  object space 1346560K, 77% used [0x0000000680000000,0x00000006bfcf9ea0,0x00000006d2300000)
 Metaspace       used 257913K, committed 260672K, reserved 1069056K
  class space    used 31869K, committed 33088K, reserved 839680K
}
Event: 226.517 GC heap after
{Heap after GC invocations=91 (full 10):
 PSYoungGen      total 1565184K, used 43540K [0x0000000780000000, 0x0000000800000000, 0x0000000800000000)
  eden space 1033216K, 0% used [0x0000000780000000,0x0000000780000000,0x00000007bf100000)
  from space 531968K, 8% used [0x00000007bf100000,0x00000007c1b851d8,0x00000007df880000)
  to   space 525824K, 0% used [0x00000007dfe80000,0x00000007dfe80000,0x0000000800000000)
 ParOldGen       total 1346560K, used 1142493K [0x0000000680000000, 0x00000006d2300000, 0x0000000780000000)
  object space 1346560K, 84% used [0x0000000680000000,0x00000006c5bb7560,0x00000006d2300000)
 Metaspace       used 257913K, committed 260672K, reserved 1069056K
  class space    used 31869K, committed 33088K, reserved 839680K
}
Event: 227.948 GC heap before
{Heap before GC invocations=92 (full 10):
 PSYoungGen      total 1565184K, used 1076756K [0x0000000780000000, 0x0000000800000000, 0x0000000800000000)
  eden space 1033216K, 100% used [0x0000000780000000,0x00000007bf100000,0x00000007bf100000)
  from space 531968K, 8% used [0x00000007bf100000,0x00000007c1b851d8,0x00000007df880000)
  to   space 525824K, 0% used [0x00000007dfe80000,0x00000007dfe80000,0x0000000800000000)
 ParOldGen       total 1346560K, used 1142493K [0x0000000680000000, 0x00000006d2300000, 0x0000000780000000)
  object space 1346560K, 84% used [0x0000000680000000,0x00000006c5bb7560,0x00000006d2300000)
 Metaspace       used 258209K, committed 260992K, reserved 1069056K
  class space    used 31888K, committed 33152K, reserved 839680K
}
Event: 227.986 GC heap after
{Heap after GC invocations=92 (full 10):
 PSYoungGen      total 1540608K, used 38279K [0x0000000780000000, 0x00000007fe800000, 0x0000000800000000)
  eden space 1039360K, 0% used [0x0000000780000000,0x0000000780000000,0x00000007bf700000)
  from space 501248K, 7% used [0x00000007dfe80000,0x00000007e23e1d80,0x00000007fe800000)
  to   space 516608K, 0% used [0x00000007bf700000,0x00000007bf700000,0x00000007def80000)
 ParOldGen       total 1346560K, used 1164256K [0x0000000680000000, 0x00000006d2300000, 0x0000000780000000)
  object space 1346560K, 86% used [0x0000000680000000,0x00000006c70f8128,0x00000006d2300000)
 Metaspace       used 258209K, committed 260992K, reserved 1069056K
  class space    used 31888K, committed 33152K, reserved 839680K
}
Event: 229.502 GC heap before
{Heap before GC invocations=93 (full 10):
 PSYoungGen      total 1540608K, used 1077639K [0x0000000780000000, 0x00000007fe800000, 0x0000000800000000)
  eden space 1039360K, 100% used [0x0000000780000000,0x00000007bf700000,0x00000007bf700000)
  from space 501248K, 7% used [0x00000007dfe80000,0x00000007e23e1d80,0x00000007fe800000)
  to   space 516608K, 0% used [0x00000007bf700000,0x00000007bf700000,0x00000007def80000)
 ParOldGen       total 1346560K, used 1164256K [0x0000000680000000, 0x00000006d2300000, 0x0000000780000000)
  object space 1346560K, 86% used [0x0000000680000000,0x00000006c70f8128,0x00000006d2300000)
 Metaspace       used 258321K, committed 261056K, reserved 1069056K
  class space    used 31894K, committed 33152K, reserved 839680K
}
Event: 229.520 GC heap after
{Heap after GC invocations=93 (full 10):
 PSYoungGen      total 1555968K, used 11750K [0x0000000780000000, 0x0000000800000000, 0x0000000800000000)
  eden space 1039360K, 0% used [0x0000000780000000,0x0000000780000000,0x00000007bf700000)
  from space 516608K, 2% used [0x00000007bf700000,0x00000007c0279970,0x00000007def80000)
  to   space 508928K, 0% used [0x00000007e0f00000,0x00000007e0f00000,0x0000000800000000)
 ParOldGen       total 1346560K, used 1177688K [0x0000000680000000, 0x00000006d2300000, 0x0000000780000000)
  object space 1346560K, 87% used [0x0000000680000000,0x00000006c7e162d0,0x00000006d2300000)
 Metaspace       used 258321K, committed 261056K, reserved 1069056K
  class space    used 31894K, committed 33152K, reserved 839680K
}
Event: 231.807 GC heap before
{Heap before GC invocations=94 (full 10):
 PSYoungGen      total 1555968K, used 1051110K [0x0000000780000000, 0x0000000800000000, 0x0000000800000000)
  eden space 1039360K, 100% used [0x0000000780000000,0x00000007bf700000,0x00000007bf700000)
  from space 516608K, 2% used [0x00000007bf700000,0x00000007c0279970,0x00000007def80000)
  to   space 508928K, 0% used [0x00000007e0f00000,0x00000007e0f00000,0x0000000800000000)
 ParOldGen       total 1346560K, used 1177688K [0x0000000680000000, 0x00000006d2300000, 0x0000000780000000)
  object space 1346560K, 87% used [0x0000000680000000,0x00000006c7e162d0,0x00000006d2300000)
 Metaspace       used 262072K, committed 264832K, reserved 1077248K
  class space    used 32245K, committed 33472K, reserved 839680K
}
Event: 231.834 GC heap after
{Heap after GC invocations=94 (full 10):
 PSYoungGen      total 1547264K, used 20422K [0x0000000780000000, 0x00000007fdf80000, 0x0000000800000000)
  eden space 1071616K, 0% used [0x0000000780000000,0x0000000780000000,0x00000007c1680000)
  from space 475648K, 4% used [0x00000007e0f00000,0x00000007e22f1ac0,0x00000007fdf80000)
  to   space 496128K, 0% used [0x00000007c1680000,0x00000007c1680000,0x00000007dfb00000)
 ParOldGen       total 1346560K, used 1184356K [0x0000000680000000, 0x00000006d2300000, 0x0000000780000000)
  object space 1346560K, 87% used [0x0000000680000000,0x00000006c8499090,0x00000006d2300000)
 Metaspace       used 262072K, committed 264832K, reserved 1077248K
  class space    used 32245K, committed 33472K, reserved 839680K
}
Event: 237.090 GC heap before
{Heap before GC invocations=95 (full 10):
 PSYoungGen      total 1547264K, used 1092038K [0x0000000780000000, 0x00000007fdf80000, 0x0000000800000000)
  eden space 1071616K, 100% used [0x0000000780000000,0x00000007c1680000,0x00000007c1680000)
  from space 475648K, 4% used [0x00000007e0f00000,0x00000007e22f1ac0,0x00000007fdf80000)
  to   space 496128K, 0% used [0x00000007c1680000,0x00000007c1680000,0x00000007dfb00000)
 ParOldGen       total 1346560K, used 1184356K [0x0000000680000000, 0x00000006d2300000, 0x0000000780000000)
  object space 1346560K, 87% used [0x0000000680000000,0x00000006c8499090,0x00000006d2300000)
 Metaspace       used 269598K, committed 272512K, reserved 1085440K
  class space    used 33288K, committed 34624K, reserved 839680K
}
Event: 237.137 GC heap after
{Heap after GC invocations=95 (full 10):
 PSYoungGen      total 1567744K, used 58317K [0x0000000780000000, 0x00000007fea00000, 0x0000000800000000)
  eden space 1071616K, 0% used [0x0000000780000000,0x0000000780000000,0x00000007c1680000)
  from space 496128K, 11% used [0x00000007c1680000,0x00000007c4f73790,0x00000007dfb00000)
  to   space 474624K, 0% used [0x00000007e1a80000,0x00000007e1a80000,0x00000007fea00000)
 ParOldGen       total 1346560K, used 1184364K [0x0000000680000000, 0x00000006d2300000, 0x0000000780000000)
  object space 1346560K, 87% used [0x0000000680000000,0x00000006c849b090,0x00000006d2300000)
 Metaspace       used 269598K, committed 272512K, reserved 1085440K
  class space    used 33288K, committed 34624K, reserved 839680K
}
Event: 239.330 GC heap before
{Heap before GC invocations=96 (full 10):
 PSYoungGen      total 1567744K, used 1129933K [0x0000000780000000, 0x00000007fea00000, 0x0000000800000000)
  eden space 1071616K, 100% used [0x0000000780000000,0x00000007c1680000,0x00000007c1680000)
  from space 496128K, 11% used [0x00000007c1680000,0x00000007c4f73790,0x00000007dfb00000)
  to   space 474624K, 0% used [0x00000007e1a80000,0x00000007e1a80000,0x00000007fea00000)
 ParOldGen       total 1346560K, used 1184364K [0x0000000680000000, 0x00000006d2300000, 0x0000000780000000)
  object space 1346560K, 87% used [0x0000000680000000,0x00000006c849b090,0x00000006d2300000)
 Metaspace       used 269770K, committed 272704K, reserved 1085440K
  class space    used 33294K, committed 34624K, reserved 839680K
}
Event: 239.379 GC heap after
{Heap after GC invocations=96 (full 10):
 PSYoungGen      total 1554944K, used 68497K [0x0000000780000000, 0x00000007fbd00000, 0x0000000800000000)
  eden space 1126400K, 0% used [0x0000000780000000,0x0000000780000000,0x00000007c4c00000)
  from space 428544K, 15% used [0x00000007e1a80000,0x00000007e5d64478,0x00000007fbd00000)
  to   space 451072K, 0% used [0x00000007c4c00000,0x00000007c4c00000,0x00000007e0480000)
 ParOldGen       total 1346560K, used 1184372K [0x0000000680000000, 0x00000006d2300000, 0x0000000780000000)
  object space 1346560K, 87% used [0x0000000680000000,0x00000006c849d090,0x00000006d2300000)
 Metaspace       used 269770K, committed 272704K, reserved 1085440K
  class space    used 33294K, committed 34624K, reserved 839680K
}
Event: 240.604 GC heap before
{Heap before GC invocations=97 (full 10):
 PSYoungGen      total 1554944K, used 1194897K [0x0000000780000000, 0x00000007fbd00000, 0x0000000800000000)
  eden space 1126400K, 100% used [0x0000000780000000,0x00000007c4c00000,0x00000007c4c00000)
  from space 428544K, 15% used [0x00000007e1a80000,0x00000007e5d64478,0x00000007fbd00000)
  to   space 451072K, 0% used [0x00000007c4c00000,0x00000007c4c00000,0x00000007e0480000)
 ParOldGen       total 1346560K, used 1184372K [0x0000000680000000, 0x00000006d2300000, 0x0000000780000000)
  object space 1346560K, 87% used [0x0000000680000000,0x00000006c849d090,0x00000006d2300000)
 Metaspace       used 269977K, committed 272832K, reserved 1085440K
  class space    used 33310K, committed 34624K, reserved 839680K
}
Event: 240.655 GC heap after
{Heap after GC invocations=97 (full 10):
 PSYoungGen      total 1577472K, used 137067K [0x0000000780000000, 0x00000007fdf00000, 0x0000000800000000)
  eden space 1126400K, 0% used [0x0000000780000000,0x0000000780000000,0x00000007c4c00000)
  from space 451072K, 30% used [0x00000007c4c00000,0x00000007cd1dacc8,0x00000007e0480000)
  to   space 422912K, 0% used [0x00000007e4200000,0x00000007e4200000,0x00000007fdf00000)
 ParOldGen       total 1346560K, used 1184380K [0x0000000680000000, 0x00000006d2300000, 0x0000000780000000)
  object space 1346560K, 87% used [0x0000000680000000,0x00000006c849f090,0x00000006d2300000)
 Metaspace       used 269977K, committed 272832K, reserved 1085440K
  class space    used 33310K, committed 34624K, reserved 839680K
}
Event: 241.870 GC heap before
{Heap before GC invocations=98 (full 10):
 PSYoungGen      total 1577472K, used 1263467K [0x0000000780000000, 0x00000007fdf00000, 0x0000000800000000)
  eden space 1126400K, 100% used [0x0000000780000000,0x00000007c4c00000,0x00000007c4c00000)
  from space 451072K, 30% used [0x00000007c4c00000,0x00000007cd1dacc8,0x00000007e0480000)
  to   space 422912K, 0% used [0x00000007e4200000,0x00000007e4200000,0x00000007fdf00000)
 ParOldGen       total 1346560K, used 1184380K [0x0000000680000000, 0x00000006d2300000, 0x0000000780000000)
  object space 1346560K, 87% used [0x0000000680000000,0x00000006c849f0a8,0x00000006d2300000)
 Metaspace       used 269994K, committed 272960K, reserved 1085440K
  class space    used 33313K, committed 34688K, reserved 839680K
}
Event: 241.908 GC heap after
{Heap after GC invocations=98 (full 10):
 PSYoungGen      total 1602560K, used 64751K [0x0000000780000000, 0x00000007fba00000, 0x0000000800000000)
  eden space 1217536K, 0% used [0x0000000780000000,0x0000000780000000,0x00000007ca500000)
  from space 385024K, 16% used [0x00000007e4200000,0x00000007e813bd00,0x00000007fba00000)
  to   space 403968K, 0% used [0x00000007ca500000,0x00000007ca500000,0x00000007e2f80000)
 ParOldGen       total 1346560K, used 1184380K [0x0000000680000000, 0x00000006d2300000, 0x0000000780000000)
  object space 1346560K, 87% used [0x0000000680000000,0x00000006c849f0a8,0x00000006d2300000)
 Metaspace       used 269994K, committed 272960K, reserved 1085440K
  class space    used 33313K, committed 34688K, reserved 839680K
}

Deoptimization events (20 events):
Event: 240.501 Thread 0x0000013a0d2aba30 DEOPT PACKING pc=0x0000013a771d8180 sp=0x00000021edcfc990
Event: 240.501 Thread 0x0000013a0d2aba30 DEOPT UNPACKING pc=0x0000013a736020a3 sp=0x00000021edcfc918 mode 2
Event: 240.501 Thread 0x0000013a0d2aba30 Uncommon trap: trap_request=0xffffffd6 fr.pc=0x0000013a771d8180 relative=0x0000000000000260
Event: 240.501 Thread 0x0000013a0d2aba30 Uncommon trap: reason=array_check action=maybe_recompile pc=0x0000013a771d8180 method=com.sun.tools.javac.util.List.toArray([Ljava/lang/Object;)[Ljava/lang/Object; @ 27 c2
Event: 240.501 Thread 0x0000013a0d2aba30 DEOPT PACKING pc=0x0000013a771d8180 sp=0x00000021edcfc990
Event: 240.501 Thread 0x0000013a0d2aba30 DEOPT UNPACKING pc=0x0000013a736020a3 sp=0x00000021edcfc918 mode 2
Event: 240.550 Thread 0x0000013a0d2aba30 DEOPT PACKING pc=0x0000013a6f4afd32 sp=0x00000021edcfca60
Event: 240.550 Thread 0x0000013a0d2aba30 DEOPT UNPACKING pc=0x0000013a73602843 sp=0x00000021edcfbf48 mode 0
Event: 241.859 Thread 0x0000013a19cfc550 DEOPT PACKING pc=0x0000013a72b1d093 sp=0x00000021ed1faf80
Event: 241.859 Thread 0x0000013a19cfc550 DEOPT UNPACKING pc=0x0000013a73602843 sp=0x00000021ed1fa570 mode 0
Event: 242.040 Thread 0x0000013a19cfc550 DEOPT PACKING pc=0x0000013a72b1d093 sp=0x00000021ed1faf80
Event: 242.040 Thread 0x0000013a19cfc550 DEOPT UNPACKING pc=0x0000013a73602843 sp=0x00000021ed1fa570 mode 0
Event: 242.159 Thread 0x0000013a19cfc550 DEOPT PACKING pc=0x0000013a72b1d093 sp=0x00000021ed1faf80
Event: 242.160 Thread 0x0000013a19cfc550 DEOPT UNPACKING pc=0x0000013a73602843 sp=0x00000021ed1fa570 mode 0
Event: 242.284 Thread 0x0000013a19cfc550 DEOPT PACKING pc=0x0000013a72b1d093 sp=0x00000021ed1faf80
Event: 242.284 Thread 0x0000013a19cfc550 DEOPT UNPACKING pc=0x0000013a73602843 sp=0x00000021ed1fa570 mode 0
Event: 242.393 Thread 0x0000013a19cfc550 DEOPT PACKING pc=0x0000013a72b1d035 sp=0x00000021ed1faf80
Event: 242.393 Thread 0x0000013a19cfc550 DEOPT UNPACKING pc=0x0000013a73602843 sp=0x00000021ed1fa570 mode 0
Event: 242.517 Thread 0x0000013a19cfc550 DEOPT PACKING pc=0x0000013a72b1d093 sp=0x00000021ed1faf80
Event: 242.517 Thread 0x0000013a19cfc550 DEOPT UNPACKING pc=0x0000013a73602843 sp=0x00000021ed1fa570 mode 0

Classes unloaded (20 events):
Event: 192.802 Thread 0x0000013a648ccba0 Unloading class 0x0000000802a684f8 'androidx/compose/runtime/lint/ProduceStateDetector'
Event: 192.802 Thread 0x0000013a648ccba0 Unloading class 0x0000000802a67be0 'androidx/compose/runtime/lint/MutableCollectionMutableStateDetector$Companion'
Event: 192.802 Thread 0x0000013a648ccba0 Unloading class 0x0000000802a68000 'androidx/compose/runtime/lint/MutableCollectionMutableStateDetector'
Event: 192.802 Thread 0x0000013a648ccba0 Unloading class 0x0000000802a679e0 'androidx/compose/runtime/lint/CompositionLocalNamingDetector$Companion'
Event: 192.802 Thread 0x0000013a648ccba0 Unloading class 0x0000000802a674e8 'androidx/compose/runtime/lint/CompositionLocalNamingDetector'
Event: 192.802 Thread 0x0000013a648ccba0 Unloading class 0x0000000802a672e8 'androidx/compose/runtime/lint/ComposableStateFlowValueDetector$Companion'
Event: 192.802 Thread 0x0000013a648ccba0 Unloading class 0x0000000802a66df0 'androidx/compose/runtime/lint/ComposableStateFlowValueDetector'
Event: 192.802 Thread 0x0000013a648ccba0 Unloading class 0x0000000802a66bf0 'androidx/compose/runtime/lint/ComposableNamingDetector$Companion'
Event: 192.802 Thread 0x0000013a648ccba0 Unloading class 0x0000000802a666f8 'androidx/compose/runtime/lint/ComposableNamingDetector'
Event: 192.802 Thread 0x0000013a648ccba0 Unloading class 0x0000000802a664f8 'androidx/compose/runtime/lint/ComposableLambdaParameterDetector$Companion'
Event: 192.803 Thread 0x0000013a648ccba0 Unloading class 0x0000000802a66000 'androidx/compose/runtime/lint/ComposableLambdaParameterDetector'
Event: 192.803 Thread 0x0000013a648ccba0 Unloading class 0x0000000802a65df0 'androidx/compose/runtime/lint/ComposableFlowOperatorDetector$Companion'
Event: 192.803 Thread 0x0000013a648ccba0 Unloading class 0x0000000802a658f8 'androidx/compose/runtime/lint/ComposableFlowOperatorDetector'
Event: 192.803 Thread 0x0000013a648ccba0 Unloading class 0x0000000802a656f8 'androidx/compose/runtime/lint/ComposableCoroutineCreationDetector$Companion'
Event: 192.803 Thread 0x0000013a648ccba0 Unloading class 0x0000000802a65200 'androidx/compose/runtime/lint/ComposableCoroutineCreationDetector'
Event: 192.803 Thread 0x0000013a648ccba0 Unloading class 0x0000000802a65000 'androidx/compose/runtime/lint/AutoboxingStateCreationDetector$Companion'
Event: 192.803 Thread 0x0000013a648ccba0 Unloading class 0x0000000802a64958 'androidx/compose/runtime/lint/AutoboxingStateCreationDetector'
Event: 192.803 Thread 0x0000013a648ccba0 Unloading class 0x0000000802a64758 'androidx/compose/runtime/lint/AutoboxingStateValuePropertyDetector$Companion'
Event: 192.803 Thread 0x0000013a648ccba0 Unloading class 0x0000000802a64260 'androidx/compose/runtime/lint/AutoboxingStateValuePropertyDetector'
Event: 192.803 Thread 0x0000013a648ccba0 Unloading class 0x0000000802a64000 'androidx/compose/runtime/lint/RuntimeIssueRegistry'

Classes redefined (0 events):
No events

Internal exceptions (20 events):
Event: 238.309 Thread 0x0000013a0d2aba30 Exception <a 'sun/nio/fs/WindowsException'{0x000000079c2108e8}> (0x000000079c2108e8) 
thrown [s\open\src\hotspot\share\prims\jni.cpp, line 516]
Event: 238.519 Thread 0x0000013a2dba4310 Implicit null exception at 0x0000013a7516a61f to 0x0000013a7516ec07
Event: 239.514 Thread 0x0000013a0d2aba30 Exception <a 'sun/nio/fs/WindowsException'{0x000000078705a1c8}> (0x000000078705a1c8) 
thrown [s\open\src\hotspot\share\prims\jni.cpp, line 516]
Event: 239.519 Thread 0x0000013a0d2aba30 Exception <a 'sun/nio/fs/WindowsException'{0x00000007870667d8}> (0x00000007870667d8) 
thrown [s\open\src\hotspot\share\prims\jni.cpp, line 516]
Event: 239.519 Thread 0x0000013a0d2aba30 Exception <a 'sun/nio/fs/WindowsException'{0x0000000787067040}> (0x0000000787067040) 
thrown [s\open\src\hotspot\share\prims\jni.cpp, line 516]
Event: 239.519 Thread 0x0000013a0d2aba30 Exception <a 'sun/nio/fs/WindowsException'{0x0000000787067a70}> (0x0000000787067a70) 
thrown [s\open\src\hotspot\share\prims\jni.cpp, line 516]
Event: 239.520 Thread 0x0000013a0d2aba30 Exception <a 'sun/nio/fs/WindowsException'{0x0000000787067e30}> (0x0000000787067e30) 
thrown [s\open\src\hotspot\share\prims\jni.cpp, line 516]
Event: 239.520 Thread 0x0000013a0d2aba30 Exception <a 'sun/nio/fs/WindowsException'{0x0000000787069078}> (0x0000000787069078) 
thrown [s\open\src\hotspot\share\prims\jni.cpp, line 516]
Event: 239.520 Thread 0x0000013a0d2aba30 Exception <a 'sun/nio/fs/WindowsException'{0x0000000787069408}> (0x0000000787069408) 
thrown [s\open\src\hotspot\share\prims\jni.cpp, line 516]
Event: 239.520 Thread 0x0000013a0d2aba30 Exception <a 'sun/nio/fs/WindowsException'{0x000000078706a638}> (0x000000078706a638) 
thrown [s\open\src\hotspot\share\prims\jni.cpp, line 516]
Event: 239.520 Thread 0x0000013a0d2aba30 Exception <a 'sun/nio/fs/WindowsException'{0x000000078706a998}> (0x000000078706a998) 
thrown [s\open\src\hotspot\share\prims\jni.cpp, line 516]
Event: 239.520 Thread 0x0000013a0d2aba30 Exception <a 'sun/nio/fs/WindowsException'{0x000000078706bba8}> (0x000000078706bba8) 
thrown [s\open\src\hotspot\share\prims\jni.cpp, line 516]
Event: 239.675 Thread 0x0000013a0d2aba30 Exception <a 'sun/nio/fs/WindowsException'{0x00000007905002b8}> (0x00000007905002b8) 
thrown [s\open\src\hotspot\share\prims\jni.cpp, line 516]
Event: 239.679 Thread 0x0000013a0d2aba30 Exception <a 'java/lang/IncompatibleClassChangeError'{0x000000079052f370}: Found class java.lang.Object, but interface was expected> (0x000000079052f370) 
thrown [s\open\src\hotspot\share\interpreter\linkResolver.cpp, line 826]
Event: 239.680 Thread 0x0000013a0d2aba30 Exception <a 'java/lang/IncompatibleClassChangeError'{0x00000007905322e8}: Found class java.lang.Object, but interface was expected> (0x00000007905322e8) 
thrown [s\open\src\hotspot\share\interpreter\linkResolver.cpp, line 826]
Event: 239.681 Thread 0x0000013a0d2aba30 Exception <a 'java/lang/IncompatibleClassChangeError'{0x0000000790535040}: Found class java.lang.Object, but interface was expected> (0x0000000790535040) 
thrown [s\open\src\hotspot\share\interpreter\linkResolver.cpp, line 826]
Event: 239.733 Thread 0x0000013a0d2aba30 Exception <a 'sun/nio/fs/WindowsException'{0x000000079079b468}> (0x000000079079b468) 
thrown [s\open\src\hotspot\share\prims\jni.cpp, line 516]
Event: 239.733 Thread 0x0000013a0d2aba30 Exception <a 'sun/nio/fs/WindowsException'{0x000000079079b7c8}> (0x000000079079b7c8) 
thrown [s\open\src\hotspot\share\prims\jni.cpp, line 516]
Event: 240.672 Thread 0x0000013a0d2aba30 Exception <a 'java/lang/NoSuchMethodError'{0x0000000780e9b638}: static Lorg/jetbrains/kotlin/kapt3/base/incremental/JavaClassCache;.<clinit>()V> (0x0000000780e9b638) 
thrown [s\open\src\hotspot\share\prims\jni.cpp, line 1107]
Event: 240.675 Thread 0x0000013a0d2aba30 Exception <a 'java/lang/NoSuchMethodError'{0x0000000780eaa080}: static Lorg/jetbrains/kotlin/kapt3/base/incremental/IncrementalAptCache;.<clinit>()V> (0x0000000780eaa080) 
thrown [s\open\src\hotspot\share\prims\jni.cpp, line 1107]

VM Operations (20 events):
Event: 237.090 Executing VM operation: ParallelGCFailedAllocation
Event: 237.137 Executing VM operation: ParallelGCFailedAllocation done
Event: 237.714 Executing VM operation: HandshakeAllThreads
Event: 237.721 Executing VM operation: HandshakeAllThreads done
Event: 237.904 Executing VM operation: ICBufferFull
Event: 237.905 Executing VM operation: ICBufferFull done
Event: 238.600 Executing VM operation: ICBufferFull
Event: 238.600 Executing VM operation: ICBufferFull done
Event: 239.330 Executing VM operation: ParallelGCFailedAllocation
Event: 239.379 Executing VM operation: ParallelGCFailedAllocation done
Event: 239.786 Executing VM operation: HandshakeAllThreads
Event: 239.787 Executing VM operation: HandshakeAllThreads done
Event: 240.603 Executing VM operation: ParallelGCFailedAllocation
Event: 240.657 Executing VM operation: ParallelGCFailedAllocation done
Event: 241.658 Executing VM operation: Cleanup
Event: 241.658 Executing VM operation: Cleanup done
Event: 241.869 Executing VM operation: ParallelGCFailedAllocation
Event: 241.870 Executing VM operation: ParallelGCFailedAllocation done
Event: 241.870 Executing VM operation: ParallelGCSystemGC
Event: 241.909 Executing VM operation: ParallelGCSystemGC done

Events (20 events):
Event: 239.881 Thread 0x0000013a7f408070 flushing nmethod 0x0000013a6f0f0b90
Event: 239.882 Thread 0x0000013a7f408070 flushing nmethod 0x0000013a6f130990
Event: 239.893 Thread 0x0000013a7f408070 flushing nmethod 0x0000013a6fa7c110
Event: 239.893 Thread 0x0000013a7f408070 flushing nmethod 0x0000013a6fa7df10
Event: 239.893 Thread 0x0000013a7f408070 flushing nmethod 0x0000013a6fa7e890
Event: 239.893 Thread 0x0000013a7f408070 flushing nmethod 0x0000013a6fa7ec10
Event: 239.893 Thread 0x0000013a7f408070 flushing nmethod 0x0000013a6fa7f410
Event: 239.894 Thread 0x0000013a7f408070 flushing nmethod 0x0000013a6fa84f10
Event: 239.900 Thread 0x0000013a7f408070 flushing nmethod 0x0000013a70047210
Event: 239.901 Thread 0x0000013a7f408070 flushing nmethod 0x0000013a70138990
Event: 239.904 Thread 0x0000013a7f408070 flushing nmethod 0x0000013a703ea210
Event: 239.907 Thread 0x0000013a7f408070 flushing nmethod 0x0000013a706cfb90
Event: 239.907 Thread 0x0000013a7f408070 flushing nmethod 0x0000013a706df810
Event: 239.908 Thread 0x0000013a7f408070 flushing nmethod 0x0000013a707c4b10
Event: 239.910 Thread 0x0000013a7f408070 flushing nmethod 0x0000013a709c0790
Event: 239.921 Thread 0x0000013a7f408070 flushing nmethod 0x0000013a714e1790
Event: 239.928 Thread 0x0000013a7f408070 flushing nmethod 0x0000013a71ba7710
Event: 239.936 Thread 0x0000013a7f408070 flushing nmethod 0x0000013a72205a90
Event: 239.939 Thread 0x0000013a7f408070 flushing nmethod 0x0000013a724a9290
Event: 241.724 Thread 0x0000013a327a9650 Thread exited: 0x0000013a327a9650


Dynamic libraries:
0x00007ff7fe540000 - 0x00007ff7fe550000 	C:\Program Files\Java\jdk-17\bin\java.exe
0x00007ffc59c90000 - 0x00007ffc59e88000 	C:\WINDOWS\SYSTEM32\ntdll.dll
0x00007ffc58ce0000 - 0x00007ffc58d9d000 	C:\WINDOWS\System32\KERNEL32.DLL
0x00007ffc57340000 - 0x00007ffc57636000 	C:\WINDOWS\System32\KERNELBASE.dll
0x00007ffc57bc0000 - 0x00007ffc57cc0000 	C:\WINDOWS\System32\ucrtbase.dll
0x00007ffc3bf60000 - 0x00007ffc3bf78000 	C:\Program Files\Java\jdk-17\bin\jli.dll
0x00007ffc2b450000 - 0x00007ffc2b46b000 	C:\Program Files\Java\jdk-17\bin\VCRUNTIME140.dll
0x00007ffc58420000 - 0x00007ffc584d0000 	C:\WINDOWS\System32\ADVAPI32.dll
0x00007ffc59ad0000 - 0x00007ffc59b6e000 	C:\WINDOWS\System32\msvcrt.dll
0x00007ffc58c40000 - 0x00007ffc58ce0000 	C:\WINDOWS\System32\sechost.dll
0x00007ffc57dd0000 - 0x00007ffc57ef3000 	C:\WINDOWS\System32\RPCRT4.dll
0x00007ffc57a50000 - 0x00007ffc57a77000 	C:\WINDOWS\System32\bcrypt.dll
0x00007ffc59900000 - 0x00007ffc59a9f000 	C:\WINDOWS\System32\USER32.dll
0x00007ffc57a20000 - 0x00007ffc57a42000 	C:\WINDOWS\System32\win32u.dll
0x00007ffc46960000 - 0x00007ffc46bfa000 	C:\WINDOWS\WinSxS\amd64_microsoft.windows.common-controls_6595b64144ccf1df_6.0.19041.3636_none_60b6a03d71f818d5\COMCTL32.dll
0x00007ffc59aa0000 - 0x00007ffc59acb000 	C:\WINDOWS\System32\GDI32.dll
0x00007ffc57750000 - 0x00007ffc57867000 	C:\WINDOWS\System32\gdi32full.dll
0x00007ffc57640000 - 0x00007ffc576dd000 	C:\WINDOWS\System32\msvcp_win.dll
0x00007ffc4fb50000 - 0x00007ffc4fb5a000 	C:\WINDOWS\SYSTEM32\VERSION.dll
0x00007ffc58da0000 - 0x00007ffc58dd2000 	C:\WINDOWS\System32\IMM32.DLL
0x00007ffc50b80000 - 0x00007ffc50b8c000 	C:\Program Files\Java\jdk-17\bin\vcruntime140_1.dll
0x00007ffc2b3c0000 - 0x00007ffc2b44e000 	C:\Program Files\Java\jdk-17\bin\msvcp140.dll
0x00007ffbd0fd0000 - 0x00007ffbd1ba7000 	C:\Program Files\Java\jdk-17\bin\server\jvm.dll
0x00007ffc592d0000 - 0x00007ffc592d8000 	C:\WINDOWS\System32\PSAPI.DLL
0x00007ffc3be60000 - 0x00007ffc3be69000 	C:\WINDOWS\SYSTEM32\WSOCK32.dll
0x00007ffc4cb10000 - 0x00007ffc4cb37000 	C:\WINDOWS\SYSTEM32\WINMM.dll
0x00007ffc58f30000 - 0x00007ffc58f9b000 	C:\WINDOWS\System32\WS2_32.dll
0x00007ffc551d0000 - 0x00007ffc551e2000 	C:\WINDOWS\SYSTEM32\kernel.appcore.dll
0x00007ffc3c3f0000 - 0x00007ffc3c3fa000 	C:\Program Files\Java\jdk-17\bin\jimage.dll
0x00007ffc48fd0000 - 0x00007ffc491b4000 	C:\WINDOWS\SYSTEM32\DBGHELP.DLL
0x00007ffc42f10000 - 0x00007ffc42f44000 	C:\WINDOWS\SYSTEM32\dbgcore.DLL
0x00007ffc57a80000 - 0x00007ffc57b02000 	C:\WINDOWS\System32\bcryptPrimitives.dll
0x00007ffc237a0000 - 0x00007ffc237ae000 	C:\Program Files\Java\jdk-17\bin\instrument.dll
0x00007ffc2b390000 - 0x00007ffc2b3b5000 	C:\Program Files\Java\jdk-17\bin\java.dll
0x00007ffc00740000 - 0x00007ffc00817000 	C:\Program Files\Java\jdk-17\bin\jsvml.dll
0x00007ffc584d0000 - 0x00007ffc58c3b000 	C:\WINDOWS\System32\SHELL32.dll
0x00007ffc553d0000 - 0x00007ffc55b6e000 	C:\WINDOWS\SYSTEM32\windows.storage.dll
0x00007ffc59340000 - 0x00007ffc59693000 	C:\WINDOWS\System32\combase.dll
0x00007ffc56d70000 - 0x00007ffc56d9e000 	C:\WINDOWS\SYSTEM32\Wldp.dll
0x00007ffc58e40000 - 0x00007ffc58f0d000 	C:\WINDOWS\System32\OLEAUT32.dll
0x00007ffc59850000 - 0x00007ffc598fd000 	C:\WINDOWS\System32\SHCORE.dll
0x00007ffc59140000 - 0x00007ffc59195000 	C:\WINDOWS\System32\shlwapi.dll
0x00007ffc57270000 - 0x00007ffc57293000 	C:\WINDOWS\SYSTEM32\profapi.dll
0x00007ffc2b330000 - 0x00007ffc2b348000 	C:\Program Files\Java\jdk-17\bin\zip.dll
0x00007ffc2b370000 - 0x00007ffc2b389000 	C:\Program Files\Java\jdk-17\bin\net.dll
0x00007ffc4edc0000 - 0x00007ffc4eeca000 	C:\WINDOWS\SYSTEM32\WINHTTP.dll
0x00007ffc56ad0000 - 0x00007ffc56b3a000 	C:\WINDOWS\system32\mswsock.dll
0x00007ffc2b350000 - 0x00007ffc2b366000 	C:\Program Files\Java\jdk-17\bin\nio.dll
0x00007ffc3bf50000 - 0x00007ffc3bf60000 	C:\Program Files\Java\jdk-17\bin\verify.dll
0x00007ffbf9b80000 - 0x00007ffbf9ba7000 	C:\Users\91914\.gradle\native\68d5fa5c4cc2d200863cafc0d521ce42e7d3e7ee720ec0a83991735586a16f82\windows-amd64\native-platform.dll
0x00007ffbfc060000 - 0x00007ffbfc1a4000 	C:\Users\91914\.gradle\native\e376f236ea51e6404a007f0833ffe2c6e607c4080706a723a18a27aeea778392\windows-amd64\native-platform-file-events.dll
0x00007ffc2b310000 - 0x00007ffc2b31a000 	C:\Program Files\Java\jdk-17\bin\management.dll
0x00007ffc2b300000 - 0x00007ffc2b30b000 	C:\Program Files\Java\jdk-17\bin\management_ext.dll
0x00007ffc56cd0000 - 0x00007ffc56ce8000 	C:\WINDOWS\SYSTEM32\CRYPTSP.dll
0x00007ffc56380000 - 0x00007ffc563b4000 	C:\WINDOWS\system32\rsaenh.dll
0x00007ffc571f0000 - 0x00007ffc5721e000 	C:\WINDOWS\SYSTEM32\USERENV.dll
0x00007ffc56cc0000 - 0x00007ffc56ccc000 	C:\WINDOWS\SYSTEM32\CRYPTBASE.dll
0x00007ffc56760000 - 0x00007ffc5679b000 	C:\WINDOWS\SYSTEM32\IPHLPAPI.DLL
0x00007ffc58f20000 - 0x00007ffc58f28000 	C:\WINDOWS\System32\NSI.dll
0x00007ffc4fb70000 - 0x00007ffc4fb87000 	C:\WINDOWS\SYSTEM32\dhcpcsvc6.DLL
0x00007ffc4feb0000 - 0x00007ffc4fecd000 	C:\WINDOWS\SYSTEM32\dhcpcsvc.DLL
0x00007ffc567b0000 - 0x00007ffc5687b000 	C:\WINDOWS\SYSTEM32\DNSAPI.dll
0x00007ffc23790000 - 0x00007ffc2379d000 	C:\Program Files\Java\jdk-17\bin\sunmscapi.dll
0x00007ffc578c0000 - 0x00007ffc57a1e000 	C:\WINDOWS\System32\CRYPT32.dll
0x00007ffc56de0000 - 0x00007ffc56e08000 	C:\WINDOWS\SYSTEM32\ncrypt.dll
0x00007ffc56da0000 - 0x00007ffc56ddb000 	C:\WINDOWS\SYSTEM32\NTASN1.dll
0x00007ffc00430000 - 0x00007ffc00437000 	C:\WINDOWS\system32\wshunix.dll
0x00007ffc40900000 - 0x00007ffc40917000 	C:\WINDOWS\system32\napinsp.dll
0x00007ffc3fa00000 - 0x00007ffc3fa1b000 	C:\WINDOWS\system32\pnrpnsp.dll
0x00007ffc51f50000 - 0x00007ffc51f65000 	C:\WINDOWS\system32\wshbth.dll
0x00007ffc52f90000 - 0x00007ffc52fad000 	C:\WINDOWS\system32\NLAapi.dll
0x00007ffc3f9c0000 - 0x00007ffc3f9d2000 	C:\WINDOWS\System32\winrnr.dll
0x00007ffc50780000 - 0x00007ffc5078a000 	C:\Windows\System32\rasadhlp.dll
0x00007ffc45b50000 - 0x00007ffc45bd0000 	C:\WINDOWS\System32\fwpuclnt.dll
0x00007ffc564a0000 - 0x00007ffc564d3000 	C:\WINDOWS\SYSTEM32\ntmarta.dll
0x00007ffc23770000 - 0x00007ffc2378e000 	C:\Users\91914\AppData\Local\Temp\native-platform10985643758985517432dir\native-platform.dll
0x00007ffc41540000 - 0x00007ffc41547000 	C:\Program Files\Java\jdk-17\bin\rmi.dll
0x00007ffc1f6f0000 - 0x00007ffc1f881000 	C:\Program Files\Java\jdk-17\bin\awt.dll
0x00007ffc54b20000 - 0x00007ffc54bb0000 	C:\WINDOWS\SYSTEM32\apphelp.dll
0x00007ffc4cfa0000 - 0x00007ffc4cfce000 	C:\Program Files\Java\jdk-17\bin\javajpeg.dll
0x00007ffc362b0000 - 0x00007ffc362f1000 	C:\Program Files\Java\jdk-17\bin\lcms.dll

dbghelp: loaded successfully - version: 4.0.5 - missing functions: none
symbol engine: initialized successfully - sym options: 0x614 - pdb path: .;C:\Program Files\Java\jdk-17\bin;C:\WINDOWS\SYSTEM32;C:\WINDOWS\WinSxS\amd64_microsoft.windows.common-controls_6595b64144ccf1df_6.0.19041.3636_none_60b6a03d71f818d5;C:\Program Files\Java\jdk-17\bin\server;C:\Users\91914\.gradle\native\68d5fa5c4cc2d200863cafc0d521ce42e7d3e7ee720ec0a83991735586a16f82\windows-amd64;C:\Users\91914\.gradle\native\e376f236ea51e6404a007f0833ffe2c6e607c4080706a723a18a27aeea778392\windows-amd64;C:\Users\91914\AppData\Local\Temp\native-platform10985643758985517432dir

VM Arguments:
jvm_args: -XX:+HeapDumpOnOutOfMemoryError -XX:+UseParallelGC -XX:MaxMetaspaceSize=1g --add-opens=java.base/java.util=ALL-UNNAMED --add-opens=java.base/java.lang=ALL-UNNAMED --add-opens=java.base/java.lang.invoke=ALL-UNNAMED --add-opens=java.prefs/java.util.prefs=ALL-UNNAMED --add-opens=java.base/java.nio.charset=ALL-UNNAMED --add-opens=java.base/java.net=ALL-UNNAMED --add-opens=java.base/java.util.concurrent.atomic=ALL-UNNAMED -Xmx6g -Dfile.encoding=UTF-8 -Duser.country=IN -Duser.language=en -Duser.variant -javaagent:C:\Users\91914\.gradle\wrapper\dists\gradle-8.2-bin\bbg7u40eoinfdyxsxr3z4i7ta\gradle-8.2\lib\agents\gradle-instrumentation-agent-8.2.jar 
java_command: org.gradle.launcher.daemon.bootstrap.GradleDaemon 8.2
java_class_path (initial): C:\Users\91914\.gradle\wrapper\dists\gradle-8.2-bin\bbg7u40eoinfdyxsxr3z4i7ta\gradle-8.2\lib\gradle-launcher-8.2.jar
Launcher Type: SUN_STANDARD

[Global flags]
     intx CICompilerCount                          = 4                                         {product} {ergonomic}
   size_t CompressedClassSpaceSize                 = 859832320                                 {product} {ergonomic}
     bool HeapDumpOnOutOfMemoryError               = true                                   {manageable} {command line}
   size_t InitialHeapSize                          = 260046848                                 {product} {ergonomic}
   size_t MaxHeapSize                              = 6442450944                                {product} {command line}
   size_t MaxMetaspaceSize                         = 1073741824                                {product} {command line}
   size_t MaxNewSize                               = 2147483648                                {product} {ergonomic}
   size_t MinHeapDeltaBytes                        = 524288                                    {product} {ergonomic}
   size_t MinHeapSize                              = 8388608                                   {product} {ergonomic}
   size_t NewSize                                  = 86507520                                  {product} {ergonomic}
    uintx NonNMethodCodeHeapSize                   = 5839372                                {pd product} {ergonomic}
    uintx NonProfiledCodeHeapSize                  = 122909434                              {pd product} {ergonomic}
   size_t OldSize                                  = 173539328                                 {product} {ergonomic}
    uintx ProfiledCodeHeapSize                     = 122909434                              {pd product} {ergonomic}
    uintx ReservedCodeCacheSize                    = 251658240                              {pd product} {ergonomic}
     bool SegmentedCodeCache                       = true                                      {product} {ergonomic}
   size_t SoftMaxHeapSize                          = 6442450944                             {manageable} {ergonomic}
     bool UseCompressedClassPointers               = true                           {product lp64_product} {ergonomic}
     bool UseCompressedOops                        = true                           {product lp64_product} {ergonomic}
     bool UseLargePagesIndividualAllocation        = false                                  {pd product} {ergonomic}
     bool UseParallelGC                            = true                                      {product} {command line}

Logging:
Log output configuration:
 #0: stdout all=warning uptime,level,tags
 #1: stderr all=off uptime,level,tags

Environment Variables:
JAVA_HOME=C:\Program Files\Java\jdk-17
PATH=C:\Users\91914\bin;C:\Program Files\Git\mingw64\bin;C:\Program Files\Git\usr\local\bin;C:\Program Files\Git\usr\bin;C:\Program Files\Git\usr\bin;C:\Program Files\Git\mingw64\bin;C:\Program Files\Git\usr\bin;C:\Users\91914\bin;C:\Python311\Scripts;C:\Python311;C:\Program Files\Common Files\Oracle\Java\javapath;C:\Program Files (x86)\Common Files\Intel\Shared Libraries\redist\intel64\compiler;C:\WINDOWS\system32;C:\WINDOWS;C:\WINDOWS\System32\Wbem;C:\WINDOWS\System32\WindowsPowerShell\v1.0;C:\WINDOWS\System32\OpenSSH;C:\ProgramData\chocolatey\bin;C:\Python310;C:\Program Files\dotnet;C:\Program Files\NVIDIA Corporation\NVIDIA NvDLISR;C:\Program Files (x86)\NVIDIA Corporation\PhysX\Common;C:\MinGW\bin;C:\Program Files\apache-maven-3.8.7\bin;C:\Program Files\Java\jdk-17\bin;C:\Program Files\nodejs;C:\Program Files\Git\cmd;C:\Program Files\PuTTY;C:\Users\91914\AppData\Local\Programs\Python\Python38\Scripts;C:\Users\91914\AppData\Local\Programs\Python\Python38;C:\Users\91914\miniconda3;C:\Users\91914\miniconda3\Library\mingw-w64\bin;C:\Users\91914\miniconda3\Library\usr\bin;C:\Users\91914\miniconda3\Library\bin;C:\Users\91914\miniconda3\Scripts;C:\Users\91914\AppData\Local\Programs\Python\Python37\Scripts;C:\Users\91914\AppData\Local\Programs\Python\Python37;C:\Users\91914\AppData\Local\Programs\Python\Python310\Scripts;C:\Users\91914\AppData\Local\Programs\Python\Python310;C:\Users\91914\AppData\Local\Microsoft\WindowsApps;C:\Users\91914\AppData\Local\Programs\Microsoft VS Code\bin;C:\Users\91914\AppData\Roaming\npm;C:\Program Files\JetBrains\IntelliJ IDEA 2023.2\bin;C:\Program Files\Git\usr\bin\vendor_perl;C:\Program Files\Git\usr\bin\core_perl
USERNAME=91914
SHELL=C:\Program Files\Git\usr\bin\bash.exe
DISPLAY=needs-to-be-defined
LC_CTYPE=en_US.UTF-8
OS=Windows_NT
PROCESSOR_IDENTIFIER=AMD64 Family 23 Model 24 Stepping 1, AuthenticAMD



---------------  S Y S T E M  ---------------

OS:
 Windows 10 , 64 bit Build 19041 (10.0.19041.3636)
OS uptime: 0 days 0:12 hours

CPU: total 8 (initial active 8) (8 cores per cpu, 2 threads per core) family 23 model 24 stepping 1 microcode 0x0, cx8, cmov, fxsr, ht, mmx, 3dnowpref, sse, sse2, sse3, ssse3, sse4a, sse4.1, sse4.2, popcnt, lzcnt, tsc, tscinvbit, avx, avx2, aes, clmul, bmi1, bmi2, adx, sha, fma, vzeroupper, clflush, clflushopt

Memory: 4k page, system-wide physical 15808M (808M free)
TotalPageFile size 17856M (AvailPageFile size 213M)
current process WorkingSet (physical memory assigned to process): 3967M, peak: 4040M
current process commit charge ("private bytes"): 4304M, peak: 4430M

vm_info: Java HotSpot(TM) 64-Bit Server VM (17.0.6+9-LTS-190) for windows-amd64 JRE (17.0.6+9-LTS-190), built on Dec  6 2022 15:53:54 by "mach5one" with MS VC++ 17.1 (VS2022)

END.
