#
# There is insufficient memory for the Java Runtime Environment to continue.
# Native memory allocation (mmap) failed to map 28311552 bytes for G1 virtual space
# Possible reasons:
#   The system is out of physical RAM or swap space
#   The process is running with CompressedOops enabled, and the Java Heap may be blocking the growth of the native heap
# Possible solutions:
#   Reduce memory load on the system
#   Increase physical memory or swap space
#   Check if swap backing store is full
#   Decrease Java heap size (-Xmx/-Xms)
#   Decrease number of Java threads
#   Decrease Java thread stack sizes (-Xss)
#   Set larger code cache with -XX:ReservedCodeCacheSize=
#   JVM is running with Unscaled Compressed Oops mode in which the Java heap is
#     placed in the first 4GB address space. The Java Heap base address is the
#     maximum limit for the native heap growth. Please use -XX:HeapBaseMinAddress
#     to set the Java Heap base and to place the Java Heap above 4GB virtual address.
# This output file may be truncated or incomplete.
#
#  Out of Memory Error (os_windows.cpp:3825), pid=16296, tid=20196
#
# JRE version: OpenJDK Runtime Environment (17.0.10) (build 17.0.10+0--11572160)
# Java VM: OpenJDK 64-Bit Server VM (17.0.10+0--11572160, mixed mode, tiered, compressed oops, compressed class ptrs, g1 gc, windows-amd64)
# No core dump will be written. Minidumps are not enabled by default on client versions of Windows
#

---------------  S U M M A R Y ------------

Command Line: --add-opens=java.base/java.util=ALL-UNNAMED --add-opens=java.base/java.lang=ALL-UNNAMED --add-opens=java.base/java.lang.invoke=ALL-UNNAMED --add-opens=java.prefs/java.util.prefs=ALL-UNNAMED --add-opens=java.base/java.nio.charset=ALL-UNNAMED --add-opens=java.base/java.net=ALL-UNNAMED --add-opens=java.base/java.util.concurrent.atomic=ALL-UNNAMED -Xmx2048m -Dfile.encoding=UTF-8 -Duser.country=US -Duser.language=en -Duser.variant -javaagent:C:\Users\91914\.gradle\wrapper\dists\gradle-8.2-bin\bbg7u40eoinfdyxsxr3z4i7ta\gradle-8.2\lib\agents\gradle-instrumentation-agent-8.2.jar org.gradle.launcher.daemon.bootstrap.GradleDaemon 8.2

Host: AMD Ryzen 7 3750H with Radeon Vega Mobile Gfx  , 8 cores, 15G,  Windows 10 , 64 bit Build 19041 (10.0.19041.3636)
Time: Sun May 12 19:25:21 2024 India Standard Time elapsed time: 12.640976 seconds (0d 0h 0m 12s)

---------------  T H R E A D  ---------------

Current thread (0x0000016d75812640):  VMThread "VM Thread" [stack: 0x0000005a1e100000,0x0000005a1e200000] [id=20196]

Stack: [0x0000005a1e100000,0x0000005a1e200000]
Native frames: (J=compiled Java code, j=interpreted, Vv=VM code, C=native code)
V  [jvm.dll+0x688e89]
V  [jvm.dll+0x84247a]
V  [jvm.dll+0x8440be]
V  [jvm.dll+0x844723]
V  [jvm.dll+0x24be0f]
V  [jvm.dll+0x685c59]
V  [jvm.dll+0x67a50a]
V  [jvm.dll+0x30cbab]
V  [jvm.dll+0x314056]
V  [jvm.dll+0x363dce]
V  [jvm.dll+0x363fff]
V  [jvm.dll+0x2e2978]
V  [jvm.dll+0x2e0b54]
V  [jvm.dll+0x2e015c]
V  [jvm.dll+0x32502b]
V  [jvm.dll+0x848e1b]
V  [jvm.dll+0x849b61]
V  [jvm.dll+0x84a07d]
V  [jvm.dll+0x84a454]
V  [jvm.dll+0x84a520]
V  [jvm.dll+0x7f0d1a]
V  [jvm.dll+0x687d05]
C  [ucrtbase.dll+0x21bb2]
C  [KERNEL32.DLL+0x17344]
C  [ntdll.dll+0x526b1]

VM_Operation (0x0000005a1f9eeee0): G1CollectForAllocation, mode: safepoint, requested by thread 0x0000016d7b162c80


---------------  P R O C E S S  ---------------

Threads class SMR info:
_java_thread_list=0x0000016d7bf7d6c0, length=55, elements={
0x0000016d597e0800, 0x0000016d757e3780, 0x0000016d757e4510, 0x0000016d7582faa0,
0x0000016d75833890, 0x0000016d75834160, 0x0000016d75834a30, 0x0000016d7584aa70,
0x0000016d7587a5e0, 0x0000016d758e1e20, 0x0000016d75948c00, 0x0000016d75b01a90,
0x0000016d7af3e960, 0x0000016d7c1f9440, 0x0000016d7b0a93e0, 0x0000016d7c3ce050,
0x0000016d7ae1a690, 0x0000016d7c0adf60, 0x0000016d7c6c1590, 0x0000016d7b162c80,
0x0000016d7c8671c0, 0x0000016d7c866290, 0x0000016d7c865870, 0x0000016d7c8676d0,
0x0000016d7c864940, 0x0000016d7c867be0, 0x0000016d7c864e50, 0x0000016d7c865360,
0x0000016d7db50400, 0x0000016d7db52c80, 0x0000016d7db4e090, 0x0000016d7db4f9e0,
0x0000016d7db53190, 0x0000016d7db4fef0, 0x0000016d7db536a0, 0x0000016d7db52260,
0x0000016d7db50910, 0x0000016d7db4cc50, 0x0000016d7db50e20, 0x0000016d7db4e5a0,
0x0000016d7db4eab0, 0x0000016d7db4c230, 0x0000016d7d363010, 0x0000016d7db4d670,
0x0000016d7db53bb0, 0x0000016d7db4db80, 0x0000016d7d6a9d10, 0x0000016d7d6a83c0,
0x0000016d7d6ae900, 0x0000016d7d6a79a0, 0x0000016d7d6ab660, 0x0000016d7d6ae3f0,
0x0000016d7d6a7490, 0x0000016d7d6a8de0, 0x0000016d7d6aa730
}

Java Threads: ( => current thread )
  0x0000016d597e0800 JavaThread "main" [_thread_blocked, id=13720, stack(0x0000005a1db00000,0x0000005a1dc00000)]
  0x0000016d757e3780 JavaThread "Reference Handler" daemon [_thread_blocked, id=11272, stack(0x0000005a1e200000,0x0000005a1e300000)]
  0x0000016d757e4510 JavaThread "Finalizer" daemon [_thread_blocked, id=4128, stack(0x0000005a1e300000,0x0000005a1e400000)]
  0x0000016d7582faa0 JavaThread "Signal Dispatcher" daemon [_thread_blocked, id=3140, stack(0x0000005a1e400000,0x0000005a1e500000)]
  0x0000016d75833890 JavaThread "Attach Listener" daemon [_thread_blocked, id=17888, stack(0x0000005a1e500000,0x0000005a1e600000)]
  0x0000016d75834160 JavaThread "Service Thread" daemon [_thread_blocked, id=12164, stack(0x0000005a1e600000,0x0000005a1e700000)]
  0x0000016d75834a30 JavaThread "Monitor Deflation Thread" daemon [_thread_blocked, id=14728, stack(0x0000005a1e700000,0x0000005a1e800000)]
  0x0000016d7584aa70 JavaThread "C2 CompilerThread0" daemon [_thread_blocked, id=14176, stack(0x0000005a1e800000,0x0000005a1e900000)]
  0x0000016d7587a5e0 JavaThread "C1 CompilerThread0" daemon [_thread_blocked, id=15024, stack(0x0000005a1e900000,0x0000005a1ea00000)]
  0x0000016d758e1e20 JavaThread "Sweeper thread" daemon [_thread_blocked, id=6508, stack(0x0000005a1ea00000,0x0000005a1eb00000)]
  0x0000016d75948c00 JavaThread "Common-Cleaner" daemon [_thread_blocked, id=5852, stack(0x0000005a1eb00000,0x0000005a1ec00000)]
  0x0000016d75b01a90 JavaThread "Notification Thread" daemon [_thread_blocked, id=19544, stack(0x0000005a1ec00000,0x0000005a1ed00000)]
  0x0000016d7af3e960 JavaThread "C2 CompilerThread1" daemon [_thread_in_native, id=19580, stack(0x0000005a1ee00000,0x0000005a1ef00000)]
  0x0000016d7c1f9440 JavaThread "Daemon health stats" [_thread_blocked, id=18940, stack(0x0000005a1f400000,0x0000005a1f500000)]
  0x0000016d7b0a93e0 JavaThread "Incoming local TCP Connector on port 52017" [_thread_in_native, id=1188, stack(0x0000005a1f300000,0x0000005a1f400000)]
  0x0000016d7c3ce050 JavaThread "Daemon periodic checks" [_thread_blocked, id=14408, stack(0x0000005a1f500000,0x0000005a1f600000)]
  0x0000016d7ae1a690 JavaThread "Daemon" [_thread_blocked, id=1992, stack(0x0000005a1f600000,0x0000005a1f700000)]
  0x0000016d7c0adf60 JavaThread "Handler for socket connection from /127.0.0.1:52017 to /127.0.0.1:52018" [_thread_in_native, id=19948, stack(0x0000005a1f700000,0x0000005a1f800000)]
  0x0000016d7c6c1590 JavaThread "Cancel handler" [_thread_blocked, id=1624, stack(0x0000005a1f800000,0x0000005a1f900000)]
  0x0000016d7b162c80 JavaThread "Daemon worker" [_thread_blocked, id=16372, stack(0x0000005a1f900000,0x0000005a1fa00000)]
  0x0000016d7c8671c0 JavaThread "Asynchronous log dispatcher for DefaultDaemonConnection: socket connection from /127.0.0.1:52017 to /127.0.0.1:52018" [_thread_blocked, id=9620, stack(0x0000005a1fa00000,0x0000005a1fb00000)]
  0x0000016d7c866290 JavaThread "Stdin handler" [_thread_blocked, id=3928, stack(0x0000005a1fb00000,0x0000005a1fc00000)]
  0x0000016d7c865870 JavaThread "Daemon client event forwarder" [_thread_blocked, id=16304, stack(0x0000005a1fc00000,0x0000005a1fd00000)]
  0x0000016d7c8676d0 JavaThread "Cache worker for journal cache (C:\Users\91914\.gradle\caches\journal-1)" [_thread_blocked, id=6984, stack(0x0000005a20100000,0x0000005a20200000)]
  0x0000016d7c864940 JavaThread "File lock request listener" [_thread_in_native, id=10556, stack(0x0000005a20200000,0x0000005a20300000)]
  0x0000016d7c867be0 JavaThread "Cache worker for file hash cache (C:\Users\91914\.gradle\caches\8.2\fileHashes)" [_thread_blocked, id=17360, stack(0x0000005a20300000,0x0000005a20400000)]
  0x0000016d7c864e50 JavaThread "File watcher server" daemon [_thread_blocked, id=18112, stack(0x0000005a20500000,0x0000005a20600000)]
  0x0000016d7c865360 JavaThread "File watcher consumer" daemon [_thread_blocked, id=19476, stack(0x0000005a20600000,0x0000005a20700000)]
  0x0000016d7db50400 JavaThread "jar transforms" [_thread_blocked, id=21152, stack(0x0000005a20700000,0x0000005a20800000)]
  0x0000016d7db52c80 JavaThread "jar transforms Thread 2" [_thread_blocked, id=21052, stack(0x0000005a20800000,0x0000005a20900000)]
  0x0000016d7db4e090 JavaThread "jar transforms Thread 3" [_thread_blocked, id=6060, stack(0x0000005a20900000,0x0000005a20a00000)]
  0x0000016d7db4f9e0 JavaThread "jar transforms Thread 4" [_thread_blocked, id=14816, stack(0x0000005a20a00000,0x0000005a20b00000)]
  0x0000016d7db53190 JavaThread "jar transforms Thread 5" [_thread_blocked, id=2696, stack(0x0000005a20b00000,0x0000005a20c00000)]
  0x0000016d7db4fef0 JavaThread "jar transforms Thread 6" [_thread_blocked, id=21112, stack(0x0000005a20c00000,0x0000005a20d00000)]
  0x0000016d7db536a0 JavaThread "jar transforms Thread 7" [_thread_blocked, id=8368, stack(0x0000005a20d00000,0x0000005a20e00000)]
  0x0000016d7db52260 JavaThread "jar transforms Thread 8" [_thread_blocked, id=10496, stack(0x0000005a20e00000,0x0000005a20f00000)]
  0x0000016d7db50910 JavaThread "Cache worker for checksums cache (C:\Users\91914\android-client\.gradle\8.2\checksums)" [_thread_blocked, id=11688, stack(0x0000005a20400000,0x0000005a20500000)]
  0x0000016d7db4cc50 JavaThread "Cache worker for cache directory md-rule (C:\Users\91914\.gradle\caches\8.2\md-rule)" [_thread_blocked, id=4296, stack(0x0000005a20f00000,0x0000005a21000000)]
  0x0000016d7db50e20 JavaThread "Cache worker for file content cache (C:\Users\91914\.gradle\caches\8.2\fileContent)" [_thread_blocked, id=4352, stack(0x0000005a21000000,0x0000005a21100000)]
  0x0000016d7db4e5a0 JavaThread "Cache worker for file hash cache (C:\Users\91914\android-client\.gradle\8.2\fileHashes)" [_thread_blocked, id=19396, stack(0x0000005a21200000,0x0000005a21300000)]
  0x0000016d7db4eab0 JavaThread "Cache worker for cache directory md-supplier (C:\Users\91914\.gradle\caches\8.2\md-supplier)" [_thread_blocked, id=1224, stack(0x0000005a21300000,0x0000005a21400000)]
  0x0000016d7db4c230 JavaThread "Cache worker for execution history cache (C:\Users\91914\.gradle\caches\8.2\executionHistory)" [_thread_blocked, id=15092, stack(0x0000005a21100000,0x0000005a21200000)]
  0x0000016d7d363010 JavaThread "C2 CompilerThread2" daemon [_thread_blocked, id=1636, stack(0x0000005a21400000,0x0000005a21500000)]
  0x0000016d7db4d670 JavaThread "Cache worker for kotlin-dsl (C:\Users\91914\.gradle\caches\8.2\kotlin-dsl)" [_thread_blocked, id=5144, stack(0x0000005a21500000,0x0000005a21600000)]
  0x0000016d7db53bb0 JavaThread "Cache worker for dependencies-accessors (C:\Users\91914\android-client\.gradle\8.2\dependencies-accessors)" [_thread_blocked, id=6244, stack(0x0000005a21600000,0x0000005a21700000)]
  0x0000016d7db4db80 JavaThread "Cache worker for Build Output Cleanup Cache (C:\Users\91914\android-client\.gradle\buildOutputCleanup)" [_thread_blocked, id=7844, stack(0x0000005a21700000,0x0000005a21800000)]
  0x0000016d7d6a9d10 JavaThread "Cache worker for Build Output Cleanup Cache (C:\Users\91914\android-client\build-logic\.gradle\buildOutputCleanup)" [_thread_blocked, id=11956, stack(0x0000005a21900000,0x0000005a21a00000)]
  0x0000016d7d6a83c0 JavaThread "Unconstrained build operations" [_thread_blocked, id=7900, stack(0x0000005a21a00000,0x0000005a21b00000)]
  0x0000016d7d6ae900 JavaThread "Unconstrained build operations Thread 2" [_thread_blocked, id=18104, stack(0x0000005a21b00000,0x0000005a21c00000)]
  0x0000016d7d6a79a0 JavaThread "Unconstrained build operations Thread 3" [_thread_blocked, id=8416, stack(0x0000005a21c00000,0x0000005a21d00000)]
  0x0000016d7d6ab660 JavaThread "Unconstrained build operations Thread 4" [_thread_blocked, id=10432, stack(0x0000005a21d00000,0x0000005a21e00000)]
  0x0000016d7d6ae3f0 JavaThread "Unconstrained build operations Thread 5" [_thread_blocked, id=3748, stack(0x0000005a21e00000,0x0000005a21f00000)]
  0x0000016d7d6a7490 JavaThread "Unconstrained build operations Thread 6" [_thread_blocked, id=12792, stack(0x0000005a21f00000,0x0000005a22000000)]
  0x0000016d7d6a8de0 JavaThread "Unconstrained build operations Thread 7" [_thread_blocked, id=3680, stack(0x0000005a22000000,0x0000005a22100000)]
  0x0000016d7d6aa730 JavaThread "Memory manager" [_thread_blocked, id=17512, stack(0x0000005a22100000,0x0000005a22200000)]

Other Threads:
=>0x0000016d75812640 VMThread "VM Thread" [stack: 0x0000005a1e100000,0x0000005a1e200000] [id=20196]
  0x0000016d75ac2d50 WatcherThread [stack: 0x0000005a1ed00000,0x0000005a1ee00000] [id=8208]
  0x0000016d5983a770 GCTaskThread "GC Thread#0" [stack: 0x0000005a1dc00000,0x0000005a1dd00000] [id=15232]
  0x0000016d7aad4410 GCTaskThread "GC Thread#1" [stack: 0x0000005a1ef00000,0x0000005a1f000000] [id=15116]
  0x0000016d7a88a300 GCTaskThread "GC Thread#2" [stack: 0x0000005a1f000000,0x0000005a1f100000] [id=16116]
  0x0000016d7a88a5c0 GCTaskThread "GC Thread#3" [stack: 0x0000005a1f100000,0x0000005a1f200000] [id=1448]
  0x0000016d7acfde10 GCTaskThread "GC Thread#4" [stack: 0x0000005a1f200000,0x0000005a1f300000] [id=17636]
  0x0000016d7aeaf840 GCTaskThread "GC Thread#5" [stack: 0x0000005a1fd00000,0x0000005a1fe00000] [id=16368]
  0x0000016d7ad85c50 GCTaskThread "GC Thread#6" [stack: 0x0000005a1fe00000,0x0000005a1ff00000] [id=9912]
  0x0000016d7c0a9850 GCTaskThread "GC Thread#7" [stack: 0x0000005a1ff00000,0x0000005a20000000] [id=18548]
  0x0000016d5984b5d0 ConcurrentGCThread "G1 Main Marker" [stack: 0x0000005a1dd00000,0x0000005a1de00000] [id=12800]
  0x0000016d5984bf00 ConcurrentGCThread "G1 Conc#0" [stack: 0x0000005a1de00000,0x0000005a1df00000] [id=11448]
  0x0000016d7c079db0 ConcurrentGCThread "G1 Conc#1" [stack: 0x0000005a20000000,0x0000005a20100000] [id=4668]
  0x0000016d5989ec30 ConcurrentGCThread "G1 Refine#0" [stack: 0x0000005a1df00000,0x0000005a1e000000] [id=4432]
  0x0000016d7b616430 ConcurrentGCThread "G1 Refine#1" [stack: 0x0000005a21800000,0x0000005a21900000] [id=12672]
  0x0000016d75525130 ConcurrentGCThread "G1 Service" [stack: 0x0000005a1e000000,0x0000005a1e100000] [id=14416]

Threads with active compile tasks:
C2 CompilerThread1    12668 7350       4       java.lang.Class::annotationData (44 bytes)

VM state: at safepoint (normal execution)

VM Mutex/Monitor currently owned by a thread:  ([mutex/lock_event])
[0x0000016d597dc040] Threads_lock - owner thread: 0x0000016d75812640
[0x0000016d597dc0d0] Heap_lock - owner thread: 0x0000016d7b162c80

Heap address: 0x0000000080000000, size: 2048 MB, Compressed Oops mode: 32-bit

CDS archive(s) not mapped
Compressed class space mapped at: 0x0000000100000000-0x0000000140000000, reserved size: 1073741824
Narrow klass base: 0x0000000000000000, Narrow klass shift: 3, Narrow klass range: 0x140000000

GC Precious Log:
 CPUs: 8 total, 8 available
 Memory: 15808M
 Large Page Support: Disabled
 NUMA Support: Disabled
 Compressed Oops: Enabled (32-bit)
 Heap Region Size: 1M
 Heap Min Capacity: 8M
 Heap Initial Capacity: 248M
 Heap Max Capacity: 2G
 Pre-touch: Disabled
 Parallel Workers: 8
 Concurrent Workers: 2
 Concurrent Refinement Workers: 8
 Periodic GC: Disabled

Heap:
 garbage-first heap   total 208896K, used 84323K [0x0000000080000000, 0x0000000100000000)
  region size 1024K, 3 young (3072K), 3 survivors (3072K)
 Metaspace       used 65116K, committed 65856K, reserved 1114112K
  class space    used 8948K, committed 9280K, reserved 1048576K

Heap Regions: E=young(eden), S=young(survivor), O=old, HS=humongous(starts), HC=humongous(continues), CS=collection set, F=free, OA=open archive, CA=closed archive, TAMS=top-at-mark-start (previous, next)
|   0|0x0000000080000000, 0x0000000080100000, 0x0000000080100000|100%|HS|  |TAMS 0x0000000080100000, 0x0000000080000000| Complete 
|   1|0x0000000080100000, 0x0000000080200000, 0x0000000080200000|100%|HC|  |TAMS 0x0000000080200000, 0x0000000080100000| Complete 
|   2|0x0000000080200000, 0x0000000080300000, 0x0000000080300000|100%|HC|  |TAMS 0x0000000080300000, 0x0000000080200000| Complete 
|   3|0x0000000080300000, 0x0000000080400000, 0x0000000080400000|100%|HC|  |TAMS 0x0000000080400000, 0x0000000080300000| Complete 
|   4|0x0000000080400000, 0x0000000080500000, 0x0000000080500000|100%| O|  |TAMS 0x0000000080500000, 0x0000000080400000| Untracked 
|   5|0x0000000080500000, 0x0000000080600000, 0x0000000080600000|100%| O|  |TAMS 0x0000000080600000, 0x0000000080500000| Untracked 
|   6|0x0000000080600000, 0x0000000080700000, 0x0000000080700000|100%| O|  |TAMS 0x0000000080700000, 0x0000000080600000| Untracked 
|   7|0x0000000080700000, 0x0000000080800000, 0x0000000080800000|100%| O|  |TAMS 0x0000000080800000, 0x0000000080700000| Untracked 
|   8|0x0000000080800000, 0x0000000080900000, 0x0000000080900000|100%| O|  |TAMS 0x0000000080900000, 0x0000000080800000| Untracked 
|   9|0x0000000080900000, 0x0000000080a00000, 0x0000000080a00000|100%| O|  |TAMS 0x0000000080a00000, 0x0000000080900000| Untracked 
|  10|0x0000000080a00000, 0x0000000080b00000, 0x0000000080b00000|100%| O|  |TAMS 0x0000000080b00000, 0x0000000080a00000| Untracked 
|  11|0x0000000080b00000, 0x0000000080c00000, 0x0000000080c00000|100%| O|  |TAMS 0x0000000080c00000, 0x0000000080b00000| Untracked 
|  12|0x0000000080c00000, 0x0000000080d00000, 0x0000000080d00000|100%| O|  |TAMS 0x0000000080d00000, 0x0000000080c00000| Untracked 
|  13|0x0000000080d00000, 0x0000000080e00000, 0x0000000080e00000|100%| O|  |TAMS 0x0000000080e00000, 0x0000000080d00000| Untracked 
|  14|0x0000000080e00000, 0x0000000080f00000, 0x0000000080f00000|100%| O|  |TAMS 0x0000000080f00000, 0x0000000080e00000| Untracked 
|  15|0x0000000080f00000, 0x0000000081000000, 0x0000000081000000|100%| O|  |TAMS 0x0000000081000000, 0x0000000080f00000| Untracked 
|  16|0x0000000081000000, 0x0000000081100000, 0x0000000081100000|100%| O|  |TAMS 0x0000000081100000, 0x0000000081000000| Untracked 
|  17|0x0000000081100000, 0x0000000081200000, 0x0000000081200000|100%| O|  |TAMS 0x0000000081200000, 0x0000000081100000| Untracked 
|  18|0x0000000081200000, 0x0000000081300000, 0x0000000081300000|100%| O|  |TAMS 0x0000000081300000, 0x0000000081200000| Untracked 
|  19|0x0000000081300000, 0x0000000081400000, 0x0000000081400000|100%| O|  |TAMS 0x0000000081400000, 0x0000000081300000| Untracked 
|  20|0x0000000081400000, 0x0000000081500000, 0x0000000081500000|100%| O|  |TAMS 0x0000000081400000, 0x0000000081400000| Untracked 
|  21|0x0000000081500000, 0x0000000081600000, 0x0000000081600000|100%|HS|  |TAMS 0x0000000081600000, 0x0000000081500000| Complete 
|  22|0x0000000081600000, 0x0000000081700000, 0x0000000081700000|100%|HC|  |TAMS 0x0000000081700000, 0x0000000081600000| Complete 
|  23|0x0000000081700000, 0x0000000081800000, 0x0000000081800000|100%|HS|  |TAMS 0x0000000081800000, 0x0000000081700000| Complete 
|  24|0x0000000081800000, 0x0000000081900000, 0x0000000081900000|100%|HC|  |TAMS 0x0000000081900000, 0x0000000081800000| Complete 
|  25|0x0000000081900000, 0x0000000081a00000, 0x0000000081a00000|100%|HC|  |TAMS 0x0000000081a00000, 0x0000000081900000| Complete 
|  26|0x0000000081a00000, 0x0000000081b00000, 0x0000000081b00000|100%|HS|  |TAMS 0x0000000081b00000, 0x0000000081a00000| Complete 
|  27|0x0000000081b00000, 0x0000000081c00000, 0x0000000081c00000|100%|HC|  |TAMS 0x0000000081c00000, 0x0000000081b00000| Complete 
|  28|0x0000000081c00000, 0x0000000081d00000, 0x0000000081d00000|100%|HC|  |TAMS 0x0000000081d00000, 0x0000000081c00000| Complete 
|  29|0x0000000081d00000, 0x0000000081e00000, 0x0000000081e00000|100%|HS|  |TAMS 0x0000000081e00000, 0x0000000081d00000| Complete 
|  30|0x0000000081e00000, 0x0000000081f00000, 0x0000000081f00000|100%|HC|  |TAMS 0x0000000081f00000, 0x0000000081e00000| Complete 
|  31|0x0000000081f00000, 0x0000000082000000, 0x0000000082000000|100%|HC|  |TAMS 0x0000000082000000, 0x0000000081f00000| Complete 
|  32|0x0000000082000000, 0x0000000082100000, 0x0000000082100000|100%| O|  |TAMS 0x0000000082100000, 0x0000000082000000| Untracked 
|  33|0x0000000082100000, 0x0000000082200000, 0x0000000082200000|100%| O|  |TAMS 0x0000000082200000, 0x0000000082100000| Untracked 
|  34|0x0000000082200000, 0x0000000082300000, 0x0000000082300000|100%| O|  |TAMS 0x0000000082300000, 0x0000000082200000| Untracked 
|  35|0x0000000082300000, 0x0000000082400000, 0x0000000082400000|100%| O|  |TAMS 0x0000000082400000, 0x0000000082300000| Untracked 
|  36|0x0000000082400000, 0x0000000082500000, 0x0000000082500000|100%| O|  |TAMS 0x0000000082500000, 0x0000000082400000| Untracked 
|  37|0x0000000082500000, 0x0000000082600000, 0x0000000082600000|100%| O|  |TAMS 0x0000000082500000, 0x0000000082500000| Untracked 
|  38|0x0000000082600000, 0x0000000082700000, 0x0000000082700000|100%| O|  |TAMS 0x0000000082700000, 0x0000000082600000| Untracked 
|  39|0x0000000082700000, 0x0000000082800000, 0x0000000082800000|100%| O|  |TAMS 0x00000000827dd400, 0x0000000082700000| Untracked 
|  40|0x0000000082800000, 0x0000000082900000, 0x0000000082900000|100%| O|  |TAMS 0x0000000082800000, 0x0000000082800000| Untracked 
|  41|0x0000000082900000, 0x0000000082a00000, 0x0000000082a00000|100%| O|  |TAMS 0x0000000082900000, 0x0000000082900000| Untracked 
|  42|0x0000000082a00000, 0x0000000082b00000, 0x0000000082b00000|100%| O|  |TAMS 0x0000000082a00000, 0x0000000082a00000| Untracked 
|  43|0x0000000082b00000, 0x0000000082c00000, 0x0000000082c00000|100%| O|  |TAMS 0x0000000082b00000, 0x0000000082b00000| Untracked 
|  44|0x0000000082c00000, 0x0000000082d00000, 0x0000000082d00000|100%| O|  |TAMS 0x0000000082c00000, 0x0000000082c00000| Untracked 
|  45|0x0000000082d00000, 0x0000000082e00000, 0x0000000082e00000|100%|HS|  |TAMS 0x0000000082d00000, 0x0000000082d00000| Complete 
|  46|0x0000000082e00000, 0x0000000082f00000, 0x0000000082f00000|100%|HC|  |TAMS 0x0000000082e00000, 0x0000000082e00000| Complete 
|  47|0x0000000082f00000, 0x0000000083000000, 0x0000000083000000|100%|HC|  |TAMS 0x0000000082f00000, 0x0000000082f00000| Complete 
|  48|0x0000000083000000, 0x0000000083100000, 0x0000000083100000|100%| O|  |TAMS 0x0000000083000000, 0x0000000083000000| Untracked 
|  49|0x0000000083100000, 0x0000000083200000, 0x0000000083200000|100%| O|  |TAMS 0x0000000083100000, 0x0000000083100000| Untracked 
|  50|0x0000000083200000, 0x0000000083300000, 0x0000000083300000|100%| O|  |TAMS 0x0000000083200000, 0x0000000083200000| Untracked 
|  51|0x0000000083300000, 0x0000000083400000, 0x0000000083400000|100%| O|  |TAMS 0x0000000083300000, 0x0000000083300000| Untracked 
|  52|0x0000000083400000, 0x0000000083500000, 0x0000000083500000|100%| O|  |TAMS 0x0000000083400000, 0x0000000083400000| Untracked 
|  53|0x0000000083500000, 0x0000000083600000, 0x0000000083600000|100%| O|  |TAMS 0x0000000083500000, 0x0000000083500000| Untracked 
|  54|0x0000000083600000, 0x0000000083700000, 0x0000000083700000|100%| O|  |TAMS 0x0000000083600000, 0x0000000083600000| Untracked 
|  55|0x0000000083700000, 0x0000000083800000, 0x0000000083800000|100%| O|  |TAMS 0x0000000083700000, 0x0000000083700000| Untracked 
|  56|0x0000000083800000, 0x0000000083900000, 0x0000000083900000|100%| O|  |TAMS 0x0000000083800000, 0x0000000083800000| Untracked 
|  57|0x0000000083900000, 0x0000000083a00000, 0x0000000083a00000|100%| O|  |TAMS 0x0000000083900000, 0x0000000083900000| Untracked 
|  58|0x0000000083a00000, 0x0000000083b00000, 0x0000000083b00000|100%| O|  |TAMS 0x0000000083a00000, 0x0000000083a00000| Untracked 
|  59|0x0000000083b00000, 0x0000000083c00000, 0x0000000083c00000|100%| O|  |TAMS 0x0000000083b00000, 0x0000000083b00000| Untracked 
|  60|0x0000000083c00000, 0x0000000083d00000, 0x0000000083d00000|100%| O|  |TAMS 0x0000000083c00000, 0x0000000083c00000| Untracked 
|  61|0x0000000083d00000, 0x0000000083e00000, 0x0000000083e00000|100%| O|  |TAMS 0x0000000083d00000, 0x0000000083d00000| Untracked 
|  62|0x0000000083e00000, 0x0000000083f00000, 0x0000000083f00000|100%| O|  |TAMS 0x0000000083e00000, 0x0000000083e00000| Untracked 
|  63|0x0000000083f00000, 0x0000000084000000, 0x0000000084000000|100%| O|  |TAMS 0x0000000083f00000, 0x0000000083f00000| Untracked 
|  64|0x0000000084000000, 0x0000000084100000, 0x0000000084100000|100%| O|  |TAMS 0x0000000084000000, 0x0000000084000000| Untracked 
|  65|0x0000000084100000, 0x0000000084200000, 0x0000000084200000|100%| O|  |TAMS 0x0000000084100000, 0x0000000084100000| Untracked 
|  66|0x0000000084200000, 0x0000000084300000, 0x0000000084300000|100%| O|  |TAMS 0x0000000084200000, 0x0000000084200000| Untracked 
|  67|0x0000000084300000, 0x0000000084400000, 0x0000000084400000|100%| O|  |TAMS 0x0000000084300000, 0x0000000084300000| Untracked 
|  68|0x0000000084400000, 0x0000000084500000, 0x0000000084500000|100%|HS|  |TAMS 0x0000000084400000, 0x0000000084400000| Complete 
|  69|0x0000000084500000, 0x0000000084600000, 0x0000000084600000|100%|HC|  |TAMS 0x0000000084500000, 0x0000000084500000| Complete 
|  70|0x0000000084600000, 0x0000000084700000, 0x0000000084700000|100%|HS|  |TAMS 0x0000000084600000, 0x0000000084600000| Complete 
|  71|0x0000000084700000, 0x0000000084800000, 0x0000000084800000|100%|HC|  |TAMS 0x0000000084700000, 0x0000000084700000| Complete 
|  72|0x0000000084800000, 0x0000000084900000, 0x0000000084900000|100%|HS|  |TAMS 0x0000000084800000, 0x0000000084800000| Complete 
|  73|0x0000000084900000, 0x0000000084a00000, 0x0000000084a00000|100%|HC|  |TAMS 0x0000000084900000, 0x0000000084900000| Complete 
|  74|0x0000000084a00000, 0x0000000084b00000, 0x0000000084b00000|100%|HC|  |TAMS 0x0000000084a00000, 0x0000000084a00000| Complete 
|  75|0x0000000084b00000, 0x0000000084c00000, 0x0000000084c00000|100%|HC|  |TAMS 0x0000000084b00000, 0x0000000084b00000| Complete 
|  76|0x0000000084c00000, 0x0000000084d00000, 0x0000000084d00000|100%| O|  |TAMS 0x0000000084c00000, 0x0000000084c00000| Untracked 
|  77|0x0000000084d00000, 0x0000000084e00000, 0x0000000084e00000|100%| O|  |TAMS 0x0000000084d00000, 0x0000000084d00000| Untracked 
|  78|0x0000000084e00000, 0x0000000084f00000, 0x0000000084f00000|100%| O|  |TAMS 0x0000000084e00000, 0x0000000084e00000| Untracked 
|  79|0x0000000084f00000, 0x0000000084fad800, 0x0000000085000000| 67%| O|  |TAMS 0x0000000084f00000, 0x0000000084f00000| Untracked 
|  80|0x0000000085000000, 0x0000000085000000, 0x0000000085100000|  0%| F|  |TAMS 0x0000000085000000, 0x0000000085000000| Untracked 
|  81|0x0000000085100000, 0x0000000085100000, 0x0000000085200000|  0%| F|  |TAMS 0x0000000085100000, 0x0000000085100000| Untracked 
|  82|0x0000000085200000, 0x0000000085200000, 0x0000000085300000|  0%| F|  |TAMS 0x0000000085200000, 0x0000000085200000| Untracked 
|  83|0x0000000085300000, 0x0000000085300000, 0x0000000085400000|  0%| F|  |TAMS 0x0000000085300000, 0x0000000085300000| Untracked 
|  84|0x0000000085400000, 0x0000000085400000, 0x0000000085500000|  0%| F|  |TAMS 0x0000000085400000, 0x0000000085400000| Untracked 
|  85|0x0000000085500000, 0x0000000085500000, 0x0000000085600000|  0%| F|  |TAMS 0x0000000085500000, 0x0000000085500000| Untracked 
|  86|0x0000000085600000, 0x0000000085600000, 0x0000000085700000|  0%| F|  |TAMS 0x0000000085600000, 0x0000000085600000| Untracked 
|  87|0x0000000085700000, 0x0000000085700000, 0x0000000085800000|  0%| F|  |TAMS 0x0000000085700000, 0x0000000085700000| Untracked 
|  88|0x0000000085800000, 0x00000000858ab628, 0x0000000085900000| 66%| S|CS|TAMS 0x0000000085800000, 0x0000000085800000| Complete 
|  89|0x0000000085900000, 0x0000000085a00000, 0x0000000085a00000|100%| S|CS|TAMS 0x0000000085900000, 0x0000000085900000| Complete 
|  90|0x0000000085a00000, 0x0000000085a00000, 0x0000000085b00000|  0%| F|  |TAMS 0x0000000085a00000, 0x0000000085a00000| Untracked 
|  91|0x0000000085b00000, 0x0000000085b00000, 0x0000000085c00000|  0%| F|  |TAMS 0x0000000085b00000, 0x0000000085b00000| Untracked 
|  92|0x0000000085c00000, 0x0000000085d00000, 0x0000000085d00000|100%| S|CS|TAMS 0x0000000085c00000, 0x0000000085c00000| Complete 
|  93|0x0000000085d00000, 0x0000000085d00000, 0x0000000085e00000|  0%| F|  |TAMS 0x0000000085d00000, 0x0000000085d00000| Untracked 
|  94|0x0000000085e00000, 0x0000000085e00000, 0x0000000085f00000|  0%| F|  |TAMS 0x0000000085e00000, 0x0000000085e00000| Untracked 
|  95|0x0000000085f00000, 0x0000000085f00000, 0x0000000086000000|  0%| F|  |TAMS 0x0000000085f00000, 0x0000000085f00000| Untracked 
|  96|0x0000000086000000, 0x0000000086000000, 0x0000000086100000|  0%| F|  |TAMS 0x0000000086000000, 0x0000000086000000| Untracked 
|  97|0x0000000086100000, 0x0000000086100000, 0x0000000086200000|  0%| F|  |TAMS 0x0000000086100000, 0x0000000086100000| Untracked 
|  98|0x0000000086200000, 0x0000000086200000, 0x0000000086300000|  0%| F|  |TAMS 0x0000000086200000, 0x0000000086200000| Untracked 
|  99|0x0000000086300000, 0x0000000086300000, 0x0000000086400000|  0%| F|  |TAMS 0x0000000086300000, 0x0000000086300000| Untracked 
| 100|0x0000000086400000, 0x0000000086400000, 0x0000000086500000|  0%| F|  |TAMS 0x0000000086400000, 0x0000000086400000| Untracked 
| 101|0x0000000086500000, 0x0000000086500000, 0x0000000086600000|  0%| F|  |TAMS 0x0000000086500000, 0x0000000086500000| Untracked 
| 102|0x0000000086600000, 0x0000000086600000, 0x0000000086700000|  0%| F|  |TAMS 0x0000000086600000, 0x0000000086600000| Untracked 
| 103|0x0000000086700000, 0x0000000086700000, 0x0000000086800000|  0%| F|  |TAMS 0x0000000086700000, 0x0000000086700000| Untracked 
| 104|0x0000000086800000, 0x0000000086800000, 0x0000000086900000|  0%| F|  |TAMS 0x0000000086800000, 0x0000000086800000| Untracked 
| 105|0x0000000086900000, 0x0000000086900000, 0x0000000086a00000|  0%| F|  |TAMS 0x0000000086900000, 0x0000000086900000| Untracked 
| 106|0x0000000086a00000, 0x0000000086a00000, 0x0000000086b00000|  0%| F|  |TAMS 0x0000000086a00000, 0x0000000086a00000| Untracked 
| 107|0x0000000086b00000, 0x0000000086b00000, 0x0000000086c00000|  0%| F|  |TAMS 0x0000000086b00000, 0x0000000086b00000| Untracked 
| 108|0x0000000086c00000, 0x0000000086c00000, 0x0000000086d00000|  0%| F|  |TAMS 0x0000000086c00000, 0x0000000086c00000| Untracked 
| 109|0x0000000086d00000, 0x0000000086d00000, 0x0000000086e00000|  0%| F|  |TAMS 0x0000000086d00000, 0x0000000086d00000| Untracked 
| 110|0x0000000086e00000, 0x0000000086e00000, 0x0000000086f00000|  0%| F|  |TAMS 0x0000000086e00000, 0x0000000086e00000| Untracked 
| 111|0x0000000086f00000, 0x0000000086f00000, 0x0000000087000000|  0%| F|  |TAMS 0x0000000086f00000, 0x0000000086f00000| Untracked 
| 112|0x0000000087000000, 0x0000000087000000, 0x0000000087100000|  0%| F|  |TAMS 0x0000000087000000, 0x0000000087000000| Untracked 
| 113|0x0000000087100000, 0x0000000087100000, 0x0000000087200000|  0%| F|  |TAMS 0x0000000087100000, 0x0000000087100000| Untracked 
| 114|0x0000000087200000, 0x0000000087200000, 0x0000000087300000|  0%| F|  |TAMS 0x0000000087200000, 0x0000000087200000| Untracked 
| 115|0x0000000087300000, 0x0000000087300000, 0x0000000087400000|  0%| F|  |TAMS 0x0000000087300000, 0x0000000087300000| Untracked 
| 116|0x0000000087400000, 0x0000000087400000, 0x0000000087500000|  0%| F|  |TAMS 0x0000000087400000, 0x0000000087400000| Untracked 
| 117|0x0000000087500000, 0x0000000087500000, 0x0000000087600000|  0%| F|  |TAMS 0x0000000087500000, 0x0000000087500000| Untracked 
| 118|0x0000000087600000, 0x0000000087600000, 0x0000000087700000|  0%| F|  |TAMS 0x0000000087600000, 0x0000000087600000| Untracked 
| 119|0x0000000087700000, 0x0000000087700000, 0x0000000087800000|  0%| F|  |TAMS 0x0000000087700000, 0x0000000087700000| Untracked 
| 120|0x0000000087800000, 0x0000000087800000, 0x0000000087900000|  0%| F|  |TAMS 0x0000000087800000, 0x0000000087800000| Untracked 
| 121|0x0000000087900000, 0x0000000087900000, 0x0000000087a00000|  0%| F|  |TAMS 0x0000000087900000, 0x0000000087900000| Untracked 
| 122|0x0000000087a00000, 0x0000000087a00000, 0x0000000087b00000|  0%| F|  |TAMS 0x0000000087a00000, 0x0000000087a00000| Untracked 
| 123|0x0000000087b00000, 0x0000000087b00000, 0x0000000087c00000|  0%| F|  |TAMS 0x0000000087b00000, 0x0000000087b00000| Untracked 
| 124|0x0000000087c00000, 0x0000000087c00000, 0x0000000087d00000|  0%| F|  |TAMS 0x0000000087c00000, 0x0000000087c00000| Untracked 
| 125|0x0000000087d00000, 0x0000000087d00000, 0x0000000087e00000|  0%| F|  |TAMS 0x0000000087d00000, 0x0000000087d00000| Untracked 
| 126|0x0000000087e00000, 0x0000000087e00000, 0x0000000087f00000|  0%| F|  |TAMS 0x0000000087e00000, 0x0000000087e00000| Untracked 
| 127|0x0000000087f00000, 0x0000000087f00000, 0x0000000088000000|  0%| F|  |TAMS 0x0000000087f00000, 0x0000000087f00000| Untracked 
| 128|0x0000000088000000, 0x0000000088000000, 0x0000000088100000|  0%| F|  |TAMS 0x0000000088000000, 0x0000000088000000| Untracked 
| 129|0x0000000088100000, 0x0000000088100000, 0x0000000088200000|  0%| F|  |TAMS 0x0000000088100000, 0x0000000088100000| Untracked 
| 130|0x0000000088200000, 0x0000000088200000, 0x0000000088300000|  0%| F|  |TAMS 0x0000000088200000, 0x0000000088200000| Untracked 
| 131|0x0000000088300000, 0x0000000088300000, 0x0000000088400000|  0%| F|  |TAMS 0x0000000088300000, 0x0000000088300000| Untracked 
| 132|0x0000000088400000, 0x0000000088400000, 0x0000000088500000|  0%| F|  |TAMS 0x0000000088400000, 0x0000000088400000| Untracked 
| 133|0x0000000088500000, 0x0000000088500000, 0x0000000088600000|  0%| F|  |TAMS 0x0000000088500000, 0x0000000088500000| Untracked 
| 134|0x0000000088600000, 0x0000000088600000, 0x0000000088700000|  0%| F|  |TAMS 0x0000000088600000, 0x0000000088600000| Untracked 
| 135|0x0000000088700000, 0x0000000088700000, 0x0000000088800000|  0%| F|  |TAMS 0x0000000088700000, 0x0000000088700000| Untracked 
| 136|0x0000000088800000, 0x0000000088800000, 0x0000000088900000|  0%| F|  |TAMS 0x0000000088800000, 0x0000000088800000| Untracked 
| 137|0x0000000088900000, 0x0000000088900000, 0x0000000088a00000|  0%| F|  |TAMS 0x0000000088900000, 0x0000000088900000| Untracked 
| 138|0x0000000088a00000, 0x0000000088a00000, 0x0000000088b00000|  0%| F|  |TAMS 0x0000000088a00000, 0x0000000088a00000| Untracked 
| 139|0x0000000088b00000, 0x0000000088b00000, 0x0000000088c00000|  0%| F|  |TAMS 0x0000000088b00000, 0x0000000088b00000| Untracked 
| 140|0x0000000088c00000, 0x0000000088c00000, 0x0000000088d00000|  0%| F|  |TAMS 0x0000000088c00000, 0x0000000088c00000| Untracked 
| 141|0x0000000088d00000, 0x0000000088d00000, 0x0000000088e00000|  0%| F|  |TAMS 0x0000000088d00000, 0x0000000088d00000| Untracked 
| 142|0x0000000088e00000, 0x0000000088e00000, 0x0000000088f00000|  0%| F|  |TAMS 0x0000000088e00000, 0x0000000088e00000| Untracked 
| 143|0x0000000088f00000, 0x0000000088f00000, 0x0000000089000000|  0%| F|  |TAMS 0x0000000088f00000, 0x0000000088f00000| Untracked 
| 144|0x0000000089000000, 0x0000000089000000, 0x0000000089100000|  0%| F|  |TAMS 0x0000000089000000, 0x0000000089000000| Untracked 
| 145|0x0000000089100000, 0x0000000089100000, 0x0000000089200000|  0%| F|  |TAMS 0x0000000089100000, 0x0000000089100000| Untracked 
| 146|0x0000000089200000, 0x0000000089200000, 0x0000000089300000|  0%| F|  |TAMS 0x0000000089200000, 0x0000000089200000| Untracked 
| 147|0x0000000089300000, 0x0000000089300000, 0x0000000089400000|  0%| F|  |TAMS 0x0000000089300000, 0x0000000089300000| Untracked 
| 148|0x0000000089400000, 0x0000000089400000, 0x0000000089500000|  0%| F|  |TAMS 0x0000000089400000, 0x0000000089400000| Untracked 
| 149|0x0000000089500000, 0x0000000089500000, 0x0000000089600000|  0%| F|  |TAMS 0x0000000089500000, 0x0000000089500000| Untracked 
| 150|0x0000000089600000, 0x0000000089600000, 0x0000000089700000|  0%| F|  |TAMS 0x0000000089600000, 0x0000000089600000| Untracked 
| 151|0x0000000089700000, 0x0000000089700000, 0x0000000089800000|  0%| F|  |TAMS 0x0000000089700000, 0x0000000089700000| Untracked 
| 152|0x0000000089800000, 0x0000000089800000, 0x0000000089900000|  0%| F|  |TAMS 0x0000000089800000, 0x0000000089800000| Untracked 
| 153|0x0000000089900000, 0x0000000089900000, 0x0000000089a00000|  0%| F|  |TAMS 0x0000000089900000, 0x0000000089900000| Untracked 
| 154|0x0000000089a00000, 0x0000000089a00000, 0x0000000089b00000|  0%| F|  |TAMS 0x0000000089a00000, 0x0000000089a00000| Untracked 
| 155|0x0000000089b00000, 0x0000000089b00000, 0x0000000089c00000|  0%| F|  |TAMS 0x0000000089b00000, 0x0000000089b00000| Untracked 
| 156|0x0000000089c00000, 0x0000000089c00000, 0x0000000089d00000|  0%| F|  |TAMS 0x0000000089c00000, 0x0000000089c00000| Untracked 
| 157|0x0000000089d00000, 0x0000000089d00000, 0x0000000089e00000|  0%| F|  |TAMS 0x0000000089d00000, 0x0000000089d00000| Untracked 
| 158|0x0000000089e00000, 0x0000000089e00000, 0x0000000089f00000|  0%| F|  |TAMS 0x0000000089e00000, 0x0000000089e00000| Untracked 
| 159|0x0000000089f00000, 0x0000000089f00000, 0x000000008a000000|  0%| F|  |TAMS 0x0000000089f00000, 0x0000000089f00000| Untracked 
| 160|0x000000008a000000, 0x000000008a000000, 0x000000008a100000|  0%| F|  |TAMS 0x000000008a000000, 0x000000008a000000| Untracked 
| 161|0x000000008a100000, 0x000000008a100000, 0x000000008a200000|  0%| F|  |TAMS 0x000000008a100000, 0x000000008a100000| Untracked 
| 162|0x000000008a200000, 0x000000008a200000, 0x000000008a300000|  0%| F|  |TAMS 0x000000008a200000, 0x000000008a200000| Untracked 
| 163|0x000000008a300000, 0x000000008a300000, 0x000000008a400000|  0%| F|  |TAMS 0x000000008a300000, 0x000000008a300000| Untracked 
| 164|0x000000008a400000, 0x000000008a400000, 0x000000008a500000|  0%| F|  |TAMS 0x000000008a400000, 0x000000008a400000| Untracked 
| 165|0x000000008a500000, 0x000000008a500000, 0x000000008a600000|  0%| F|  |TAMS 0x000000008a500000, 0x000000008a500000| Untracked 
| 166|0x000000008a600000, 0x000000008a600000, 0x000000008a700000|  0%| F|  |TAMS 0x000000008a600000, 0x000000008a600000| Untracked 
| 167|0x000000008a700000, 0x000000008a700000, 0x000000008a800000|  0%| F|  |TAMS 0x000000008a700000, 0x000000008a700000| Untracked 
| 168|0x000000008a800000, 0x000000008a800000, 0x000000008a900000|  0%| F|  |TAMS 0x000000008a800000, 0x000000008a800000| Untracked 
| 169|0x000000008a900000, 0x000000008a900000, 0x000000008aa00000|  0%| F|  |TAMS 0x000000008a900000, 0x000000008a900000| Untracked 
| 170|0x000000008aa00000, 0x000000008aa00000, 0x000000008ab00000|  0%| F|  |TAMS 0x000000008aa00000, 0x000000008aa00000| Untracked 
| 171|0x000000008ab00000, 0x000000008ab00000, 0x000000008ac00000|  0%| F|  |TAMS 0x000000008ab00000, 0x000000008ab00000| Untracked 
| 172|0x000000008ac00000, 0x000000008ac00000, 0x000000008ad00000|  0%| F|  |TAMS 0x000000008ac00000, 0x000000008ac00000| Untracked 
| 173|0x000000008ad00000, 0x000000008ad00000, 0x000000008ae00000|  0%| F|  |TAMS 0x000000008ad00000, 0x000000008ad00000| Untracked 
| 174|0x000000008ae00000, 0x000000008ae00000, 0x000000008af00000|  0%| F|  |TAMS 0x000000008ae00000, 0x000000008ae00000| Untracked 
| 175|0x000000008af00000, 0x000000008af00000, 0x000000008b000000|  0%| F|  |TAMS 0x000000008af00000, 0x000000008af00000| Untracked 
| 176|0x000000008b000000, 0x000000008b000000, 0x000000008b100000|  0%| F|  |TAMS 0x000000008b000000, 0x000000008b000000| Untracked 
| 177|0x000000008b100000, 0x000000008b100000, 0x000000008b200000|  0%| F|  |TAMS 0x000000008b100000, 0x000000008b100000| Untracked 
| 178|0x000000008b200000, 0x000000008b200000, 0x000000008b300000|  0%| F|  |TAMS 0x000000008b200000, 0x000000008b200000| Untracked 
| 179|0x000000008b300000, 0x000000008b300000, 0x000000008b400000|  0%| F|  |TAMS 0x000000008b300000, 0x000000008b300000| Untracked 
| 180|0x000000008b400000, 0x000000008b400000, 0x000000008b500000|  0%| F|  |TAMS 0x000000008b400000, 0x000000008b400000| Untracked 
| 181|0x000000008b500000, 0x000000008b500000, 0x000000008b600000|  0%| F|  |TAMS 0x000000008b500000, 0x000000008b500000| Untracked 
| 182|0x000000008b600000, 0x000000008b600000, 0x000000008b700000|  0%| F|  |TAMS 0x000000008b600000, 0x000000008b600000| Untracked 
| 183|0x000000008b700000, 0x000000008b700000, 0x000000008b800000|  0%| F|  |TAMS 0x000000008b700000, 0x000000008b700000| Untracked 
| 184|0x000000008b800000, 0x000000008b800000, 0x000000008b900000|  0%| F|  |TAMS 0x000000008b800000, 0x000000008b800000| Untracked 
| 185|0x000000008b900000, 0x000000008b900000, 0x000000008ba00000|  0%| F|  |TAMS 0x000000008b900000, 0x000000008b900000| Untracked 
| 186|0x000000008ba00000, 0x000000008ba00000, 0x000000008bb00000|  0%| F|  |TAMS 0x000000008ba00000, 0x000000008ba00000| Untracked 
| 187|0x000000008bb00000, 0x000000008bb00000, 0x000000008bc00000|  0%| F|  |TAMS 0x000000008bb00000, 0x000000008bb00000| Untracked 
| 188|0x000000008bc00000, 0x000000008bc00000, 0x000000008bd00000|  0%| F|  |TAMS 0x000000008bc00000, 0x000000008bc00000| Untracked 
| 189|0x000000008bd00000, 0x000000008bd00000, 0x000000008be00000|  0%| F|  |TAMS 0x000000008bd00000, 0x000000008bd00000| Untracked 
| 190|0x000000008be00000, 0x000000008be00000, 0x000000008bf00000|  0%| F|  |TAMS 0x000000008be00000, 0x000000008be00000| Untracked 
| 191|0x000000008bf00000, 0x000000008bf00000, 0x000000008c000000|  0%| F|  |TAMS 0x000000008bf00000, 0x000000008bf00000| Untracked 
| 192|0x000000008c000000, 0x000000008c000000, 0x000000008c100000|  0%| F|  |TAMS 0x000000008c000000, 0x000000008c000000| Untracked 
| 193|0x000000008c100000, 0x000000008c100000, 0x000000008c200000|  0%| F|  |TAMS 0x000000008c100000, 0x000000008c100000| Untracked 
| 194|0x000000008c200000, 0x000000008c200000, 0x000000008c300000|  0%| F|  |TAMS 0x000000008c200000, 0x000000008c200000| Untracked 
| 195|0x000000008c300000, 0x000000008c300000, 0x000000008c400000|  0%| F|  |TAMS 0x000000008c300000, 0x000000008c300000| Untracked 
| 196|0x000000008c400000, 0x000000008c400000, 0x000000008c500000|  0%| F|  |TAMS 0x000000008c400000, 0x000000008c400000| Untracked 
| 197|0x000000008c500000, 0x000000008c500000, 0x000000008c600000|  0%| F|  |TAMS 0x000000008c500000, 0x000000008c500000| Untracked 
| 198|0x000000008c600000, 0x000000008c600000, 0x000000008c700000|  0%| F|  |TAMS 0x000000008c600000, 0x000000008c600000| Untracked 
| 199|0x000000008c700000, 0x000000008c700000, 0x000000008c800000|  0%| F|  |TAMS 0x000000008c700000, 0x000000008c700000| Untracked 
| 200|0x000000008c800000, 0x000000008c800000, 0x000000008c900000|  0%| F|  |TAMS 0x000000008c800000, 0x000000008c800000| Untracked 
| 201|0x000000008c900000, 0x000000008c900000, 0x000000008ca00000|  0%| F|  |TAMS 0x000000008c900000, 0x000000008c900000| Untracked 
| 202|0x000000008ca00000, 0x000000008ca00000, 0x000000008cb00000|  0%| F|  |TAMS 0x000000008ca00000, 0x000000008ca00000| Untracked 
| 247|0x000000008f700000, 0x000000008f700000, 0x000000008f800000|  0%| F|  |TAMS 0x000000008f700000, 0x000000008f700000| Untracked 

Card table byte_map: [0x0000016d6e360000,0x0000016d6e760000] _byte_map_base: 0x0000016d6df60000

Marking Bits (Prev, Next): (CMBitMap*) 0x0000016d5983ace0, (CMBitMap*) 0x0000016d5983aca0
 Prev Bits: [0x0000016d70b60000, 0x0000016d72b60000)
 Next Bits: [0x0000016d6eb60000, 0x0000016d70b60000)

Polling page: 0x0000016d598a0000

Metaspace:

Usage:
  Non-class:     54.85 MB used.
      Class:      8.74 MB used.
       Both:     63.59 MB used.

Virtual space:
  Non-class space:       64.00 MB reserved,      55.25 MB ( 86%) committed,  1 nodes.
      Class space:        1.00 GB reserved,       9.06 MB ( <1%) committed,  1 nodes.
             Both:        1.06 GB reserved,      64.31 MB (  6%) committed. 

Chunk freelists:
   Non-Class:  8.64 MB
       Class:  6.80 MB
        Both:  15.44 MB

MaxMetaspaceSize: unlimited
CompressedClassSpaceSize: 1.00 GB
Initial GC threshold: 21.00 MB
Current GC threshold: 69.50 MB
CDS: off
MetaspaceReclaimPolicy: balanced
 - commit_granule_bytes: 65536.
 - commit_granule_words: 8192.
 - virtual_space_node_default_size: 8388608.
 - enlarge_chunks_in_place: 1.
 - new_chunks_are_fully_committed: 0.
 - uncommit_free_chunks: 1.
 - use_allocation_guard: 0.
 - handle_deallocations: 1.


Internal statistics:

num_allocs_failed_limit: 3.
num_arena_births: 880.
num_arena_deaths: 0.
num_vsnodes_births: 2.
num_vsnodes_deaths: 0.
num_space_committed: 1029.
num_space_uncommitted: 0.
num_chunks_returned_to_freelist: 3.
num_chunks_taken_from_freelist: 3222.
num_chunk_merges: 3.
num_chunk_splits: 2058.
num_chunks_enlarged: 1287.
num_inconsistent_stats: 0.

CodeHeap 'non-profiled nmethods': size=120000Kb used=3931Kb max_used=3931Kb free=116068Kb
 bounds [0x0000016d65fc0000, 0x0000016d663a0000, 0x0000016d6d4f0000]
CodeHeap 'profiled nmethods': size=120000Kb used=12886Kb max_used=12886Kb free=107113Kb
 bounds [0x0000016d5e4f0000, 0x0000016d5f190000, 0x0000016d65a20000]
CodeHeap 'non-nmethods': size=5760Kb used=2343Kb max_used=2401Kb free=3416Kb
 bounds [0x0000016d65a20000, 0x0000016d65c90000, 0x0000016d65fc0000]
 total_blobs=7404 nmethods=6540 adapters=776
 compilation: enabled
              stopped_count=0, restarted_count=0
 full_count=0

Compilation events (20 events):
Event: 12.588 Thread 0x0000016d7587a5e0 7353       3       jdk.internal.reflect.ClassFileAssembler::opc_aaload (11 bytes)
Event: 12.588 Thread 0x0000016d7587a5e0 nmethod 7353 0x0000016d5f181910 code [0x0000016d5f181ac0, 0x0000016d5f181d28]
Event: 12.591 Thread 0x0000016d7587a5e0 7354       3       org.gradle.internal.deprecation.DeprecationLogger::deprecateMethod (10 bytes)
Event: 12.591 Thread 0x0000016d7587a5e0 nmethod 7354 0x0000016d5f181e90 code [0x0000016d5f182060, 0x0000016d5f182518]
Event: 12.591 Thread 0x0000016d7587a5e0 7355       3       org.gradle.internal.deprecation.DeprecationMessageBuilder$DeprecateMethod::<init> (16 bytes)
Event: 12.591 Thread 0x0000016d7587a5e0 nmethod 7355 0x0000016d5f182690 code [0x0000016d5f182860, 0x0000016d5f182c78]
Event: 12.593 Thread 0x0000016d7af3e960 nmethod 7299 0x0000016d66384090 code [0x0000016d66384360, 0x0000016d66386428]
Event: 12.593 Thread 0x0000016d7af3e960 7350       4       java.lang.Class::annotationData (44 bytes)
Event: 12.595 Thread 0x0000016d7d363010 nmethod 7347 0x0000016d66387690 code [0x0000016d66387840, 0x0000016d66388058]
Event: 12.607 Thread 0x0000016d7587a5e0 7356       3       sun.nio.fs.WindowsFileSystemProvider::readAttributes (63 bytes)
Event: 12.607 Thread 0x0000016d7d363010 7357       4       jdk.internal.misc.Unsafe::checkNativeAddress (28 bytes)
Event: 12.608 Thread 0x0000016d7d363010 nmethod 7357 0x0000016d66388490 code [0x0000016d66388600, 0x0000016d66388678]
Event: 12.608 Thread 0x0000016d7587a5e0 nmethod 7356 0x0000016d5f182d90 code [0x0000016d5f182fa0, 0x0000016d5f1835b8]
Event: 12.618 Thread 0x0000016d7587a5e0 7358       3       java.util.jar.JarFile::runtimeVersion (4 bytes)
Event: 12.618 Thread 0x0000016d7587a5e0 nmethod 7358 0x0000016d5f183790 code [0x0000016d5f183920, 0x0000016d5f183a18]
Event: 12.621 Thread 0x0000016d7587a5e0 7359       3       jdk.internal.loader.URLClassPath$3::run (172 bytes)
Event: 12.622 Thread 0x0000016d7587a5e0 nmethod 7359 0x0000016d5f183a90 code [0x0000016d5f183dc0, 0x0000016d5f184f68]
Event: 12.622 Thread 0x0000016d7587a5e0 7360       3       jdk.internal.loader.URLClassPath$Loader::<init> (10 bytes)
Event: 12.623 Thread 0x0000016d7587a5e0 nmethod 7360 0x0000016d5f185610 code [0x0000016d5f1857a0, 0x0000016d5f185958]
Event: 12.628 Thread 0x0000016d7584aa70 nmethod 7241 0x0000016d66388790 code [0x0000016d66389b40, 0x0000016d663912a0]

GC Heap History (20 events):
Event: 6.948 GC heap after
{Heap after GC invocations=15 (full 0):
 garbage-first heap   total 73728K, used 44061K [0x0000000080000000, 0x0000000100000000)
  region size 1024K, 3 young (3072K), 3 survivors (3072K)
 Metaspace       used 42707K, committed 43200K, reserved 1114112K
  class space    used 5709K, committed 5952K, reserved 1048576K
}
Event: 6.952 GC heap before
{Heap before GC invocations=15 (full 0):
 garbage-first heap   total 73728K, used 45085K [0x0000000080000000, 0x0000000100000000)
  region size 1024K, 4 young (4096K), 3 survivors (3072K)
 Metaspace       used 42707K, committed 43200K, reserved 1114112K
  class space    used 5709K, committed 5952K, reserved 1048576K
}
Event: 6.955 GC heap after
{Heap after GC invocations=16 (full 0):
 garbage-first heap   total 117760K, used 44712K [0x0000000080000000, 0x0000000100000000)
  region size 1024K, 1 young (1024K), 1 survivors (1024K)
 Metaspace       used 42707K, committed 43200K, reserved 1114112K
  class space    used 5709K, committed 5952K, reserved 1048576K
}
Event: 7.748 GC heap before
{Heap before GC invocations=16 (full 0):
 garbage-first heap   total 117760K, used 86696K [0x0000000080000000, 0x0000000100000000)
  region size 1024K, 37 young (37888K), 1 survivors (1024K)
 Metaspace       used 47207K, committed 47680K, reserved 1114112K
  class space    used 6251K, committed 6464K, reserved 1048576K
}
Event: 7.751 GC heap after
{Heap after GC invocations=17 (full 0):
 garbage-first heap   total 117760K, used 47445K [0x0000000080000000, 0x0000000100000000)
  region size 1024K, 4 young (4096K), 4 survivors (4096K)
 Metaspace       used 47207K, committed 47680K, reserved 1114112K
  class space    used 6251K, committed 6464K, reserved 1048576K
}
Event: 8.415 GC heap before
{Heap before GC invocations=17 (full 0):
 garbage-first heap   total 117760K, used 89429K [0x0000000080000000, 0x0000000100000000)
  region size 1024K, 40 young (40960K), 4 survivors (4096K)
 Metaspace       used 50782K, committed 51328K, reserved 1114112K
  class space    used 6665K, committed 6912K, reserved 1048576K
}
Event: 8.421 GC heap after
{Heap after GC invocations=18 (full 0):
 garbage-first heap   total 117760K, used 55077K [0x0000000080000000, 0x0000000100000000)
  region size 1024K, 5 young (5120K), 5 survivors (5120K)
 Metaspace       used 50782K, committed 51328K, reserved 1114112K
  class space    used 6665K, committed 6912K, reserved 1048576K
}
Event: 8.954 GC heap before
{Heap before GC invocations=18 (full 0):
 garbage-first heap   total 117760K, used 88869K [0x0000000080000000, 0x0000000100000000)
  region size 1024K, 38 young (38912K), 5 survivors (5120K)
 Metaspace       used 52864K, committed 53376K, reserved 1114112K
  class space    used 7029K, committed 7232K, reserved 1048576K
}
Event: 8.958 GC heap after
{Heap after GC invocations=19 (full 0):
 garbage-first heap   total 117760K, used 57398K [0x0000000080000000, 0x0000000100000000)
  region size 1024K, 3 young (3072K), 3 survivors (3072K)
 Metaspace       used 52864K, committed 53376K, reserved 1114112K
  class space    used 7029K, committed 7232K, reserved 1048576K
}
Event: 9.486 GC heap before
{Heap before GC invocations=19 (full 0):
 garbage-first heap   total 117760K, used 91190K [0x0000000080000000, 0x0000000100000000)
  region size 1024K, 36 young (36864K), 3 survivors (3072K)
 Metaspace       used 55548K, committed 56128K, reserved 1114112K
  class space    used 7423K, committed 7680K, reserved 1048576K
}
Event: 9.489 GC heap after
{Heap after GC invocations=20 (full 0):
 garbage-first heap   total 117760K, used 58722K [0x0000000080000000, 0x0000000100000000)
  region size 1024K, 4 young (4096K), 4 survivors (4096K)
 Metaspace       used 55548K, committed 56128K, reserved 1114112K
  class space    used 7423K, committed 7680K, reserved 1048576K
}
Event: 10.261 GC heap before
{Heap before GC invocations=20 (full 0):
 garbage-first heap   total 117760K, used 92514K [0x0000000080000000, 0x0000000100000000)
  region size 1024K, 37 young (37888K), 4 survivors (4096K)
 Metaspace       used 57870K, committed 58496K, reserved 1114112K
  class space    used 7823K, committed 8128K, reserved 1048576K
}
Event: 10.269 GC heap after
{Heap after GC invocations=21 (full 0):
 garbage-first heap   total 117760K, used 62618K [0x0000000080000000, 0x0000000100000000)
  region size 1024K, 5 young (5120K), 5 survivors (5120K)
 Metaspace       used 57870K, committed 58496K, reserved 1114112K
  class space    used 7823K, committed 8128K, reserved 1048576K
}
Event: 11.052 GC heap before
{Heap before GC invocations=21 (full 0):
 garbage-first heap   total 117760K, used 93338K [0x0000000080000000, 0x0000000100000000)
  region size 1024K, 35 young (35840K), 5 survivors (5120K)
 Metaspace       used 59441K, committed 60160K, reserved 1114112K
  class space    used 8075K, committed 8384K, reserved 1048576K
}
Event: 11.061 GC heap after
{Heap after GC invocations=22 (full 0):
 garbage-first heap   total 117760K, used 68608K [0x0000000080000000, 0x0000000100000000)
  region size 1024K, 5 young (5120K), 5 survivors (5120K)
 Metaspace       used 59441K, committed 60160K, reserved 1114112K
  class space    used 8075K, committed 8384K, reserved 1048576K
}
Event: 11.686 GC heap before
{Heap before GC invocations=22 (full 0):
 garbage-first heap   total 117760K, used 94208K [0x0000000080000000, 0x0000000100000000)
  region size 1024K, 30 young (30720K), 5 survivors (5120K)
 Metaspace       used 60738K, committed 61440K, reserved 1114112K
  class space    used 8270K, committed 8576K, reserved 1048576K
}
Event: 11.693 GC heap after
{Heap after GC invocations=23 (full 0):
 garbage-first heap   total 117760K, used 70900K [0x0000000080000000, 0x0000000100000000)
  region size 1024K, 3 young (3072K), 3 survivors (3072K)
 Metaspace       used 60738K, committed 61440K, reserved 1114112K
  class space    used 8270K, committed 8576K, reserved 1048576K
}
Event: 12.157 GC heap before
{Heap before GC invocations=23 (full 0):
 garbage-first heap   total 117760K, used 93428K [0x0000000080000000, 0x0000000100000000)
  region size 1024K, 26 young (26624K), 3 survivors (3072K)
 Metaspace       used 63251K, committed 63936K, reserved 1114112K
  class space    used 8653K, committed 8960K, reserved 1048576K
}
Event: 12.163 GC heap after
{Heap after GC invocations=24 (full 0):
 garbage-first heap   total 117760K, used 73290K [0x0000000080000000, 0x0000000100000000)
  region size 1024K, 4 young (4096K), 4 survivors (4096K)
 Metaspace       used 63251K, committed 63936K, reserved 1114112K
  class space    used 8653K, committed 8960K, reserved 1048576K
}
Event: 12.631 GC heap before
{Heap before GC invocations=24 (full 0):
 garbage-first heap   total 117760K, used 102986K [0x0000000080000000, 0x0000000100000000)
  region size 1024K, 26 young (26624K), 4 survivors (4096K)
 Metaspace       used 65116K, committed 65856K, reserved 1114112K
  class space    used 8948K, committed 9280K, reserved 1048576K
}

Dll operation events (3 events):
Event: 0.012 Loaded shared library C:\Program Files\Android\Android Studio\jbr\bin\java.dll
Event: 0.251 Loaded shared library C:\Program Files\Android\Android Studio\jbr\bin\zip.dll
Event: 0.707 Loaded shared library C:\Program Files\Android\Android Studio\jbr\bin\verify.dll

Deoptimization events (20 events):
Event: 12.347 Thread 0x0000016d7b162c80 Uncommon trap: trap_request=0xffffffde fr.pc=0x0000016d66238f0c relative=0x000000000000062c
Event: 12.347 Thread 0x0000016d7b162c80 Uncommon trap: reason=class_check action=maybe_recompile pc=0x0000016d66238f0c method=java.util.regex.Matcher.search(I)Z @ 121 c2
Event: 12.347 Thread 0x0000016d7b162c80 DEOPT PACKING pc=0x0000016d66238f0c sp=0x0000005a1f9f1330
Event: 12.347 Thread 0x0000016d7b162c80 DEOPT UNPACKING pc=0x0000016d65a769a3 sp=0x0000005a1f9f1310 mode 2
Event: 12.405 Thread 0x0000016d7b162c80 Uncommon trap: trap_request=0xffffffde fr.pc=0x0000016d66039938 relative=0x0000000000001e78
Event: 12.405 Thread 0x0000016d7b162c80 Uncommon trap: reason=class_check action=maybe_recompile pc=0x0000016d66039938 method=java.lang.Class.createAnnotationData(I)Ljava/lang/Class$AnnotationData; @ 152 c2
Event: 12.405 Thread 0x0000016d7b162c80 DEOPT PACKING pc=0x0000016d66039938 sp=0x0000005a1f9f2430
Event: 12.405 Thread 0x0000016d7b162c80 DEOPT UNPACKING pc=0x0000016d65a769a3 sp=0x0000005a1f9f23a0 mode 2
Event: 12.415 Thread 0x0000016d7b162c80 Uncommon trap: trap_request=0xffffffc6 fr.pc=0x0000016d66238084 relative=0x00000000000005a4
Event: 12.415 Thread 0x0000016d7b162c80 Uncommon trap: reason=bimorphic_or_optimized_type_check action=maybe_recompile pc=0x0000016d66238084 method=java.util.regex.Pattern$Start.match(Ljava/util/regex/Matcher;ILjava/lang/CharSequence;)Z @ 44 c2
Event: 12.415 Thread 0x0000016d7b162c80 DEOPT PACKING pc=0x0000016d66238084 sp=0x0000005a1f9f0aa0
Event: 12.415 Thread 0x0000016d7b162c80 DEOPT UNPACKING pc=0x0000016d65a769a3 sp=0x0000005a1f9f0a80 mode 2
Event: 12.443 Thread 0x0000016d7b162c80 Uncommon trap: trap_request=0xffffffde fr.pc=0x0000016d66039938 relative=0x0000000000001e78
Event: 12.443 Thread 0x0000016d7b162c80 Uncommon trap: reason=class_check action=maybe_recompile pc=0x0000016d66039938 method=java.lang.Class.createAnnotationData(I)Ljava/lang/Class$AnnotationData; @ 152 c2
Event: 12.443 Thread 0x0000016d7b162c80 DEOPT PACKING pc=0x0000016d66039938 sp=0x0000005a1f9f1120
Event: 12.443 Thread 0x0000016d7b162c80 DEOPT UNPACKING pc=0x0000016d65a769a3 sp=0x0000005a1f9f1090 mode 2
Event: 12.589 Thread 0x0000016d7b162c80 Uncommon trap: trap_request=0xffffffc6 fr.pc=0x0000016d66014d00 relative=0x0000000000000260
Event: 12.589 Thread 0x0000016d7b162c80 Uncommon trap: reason=bimorphic_or_optimized_type_check action=maybe_recompile pc=0x0000016d66014d00 method=java.util.stream.StreamOpFlag.fromCharacteristics(Ljava/util/Spliterator;)I @ 14 c2
Event: 12.589 Thread 0x0000016d7b162c80 DEOPT PACKING pc=0x0000016d66014d00 sp=0x0000005a1f9f1600
Event: 12.589 Thread 0x0000016d7b162c80 DEOPT UNPACKING pc=0x0000016d65a769a3 sp=0x0000005a1f9f14e8 mode 2

Classes unloaded (0 events):
No events

Classes redefined (0 events):
No events

Internal exceptions (20 events):
Event: 10.836 Thread 0x0000016d7b162c80 Exception <a 'java/lang/NoSuchMethodError'{0x00000000860223d8}: static Lorg/gradle/api/internal/catalog/DependencyModel;.<clinit>()V> (0x00000000860223d8) 
thrown [s\src\hotspot\share\prims\jni.cpp, line 1108]
Event: 10.836 Thread 0x0000016d7b162c80 Exception <a 'java/lang/NoSuchMethodError'{0x0000000086025a88}: static Lorg/gradle/api/internal/catalog/AbstractContextAwareModel;.<clinit>()V> (0x0000000086025a88) 
thrown [s\src\hotspot\share\prims\jni.cpp, line 1108]
Event: 10.838 Thread 0x0000016d7b162c80 Exception <a 'java/lang/NoSuchMethodError'{0x000000008603ed58}: static Lorg/gradle/api/internal/artifacts/dependencies/AbstractVersionConstraint;.<clinit>()V> (0x000000008603ed58) 
thrown [s\src\hotspot\share\prims\jni.cpp, line 1108]
Event: 10.859 Thread 0x0000016d7b162c80 Exception <a 'java/lang/NoSuchMethodError'{0x00000000860adf40}: static Lorg/gradle/api/internal/catalog/PluginModel;.<clinit>()V> (0x00000000860adf40) 
thrown [s\src\hotspot\share\prims\jni.cpp, line 1108]
Event: 10.864 Thread 0x0000016d7b162c80 Exception <a 'java/lang/NoSuchMethodError'{0x00000000860c6260}: static Lorg/gradle/api/internal/catalog/VersionModel;.<clinit>()V> (0x00000000860c6260) 
thrown [s\src\hotspot\share\prims\jni.cpp, line 1108]
Event: 11.020 Thread 0x0000016d7b162c80 Exception <a 'sun/nio/fs/WindowsException'{0x0000000085bf6108}> (0x0000000085bf6108) 
thrown [s\src\hotspot\share\prims\jni.cpp, line 517]
Event: 11.020 Thread 0x0000016d7b162c80 Exception <a 'sun/nio/fs/WindowsException'{0x0000000085bf6378}> (0x0000000085bf6378) 
thrown [s\src\hotspot\share\prims\jni.cpp, line 517]
Event: 11.020 Thread 0x0000016d7b162c80 Exception <a 'sun/nio/fs/WindowsException'{0x0000000085bf9af0}> (0x0000000085bf9af0) 
thrown [s\src\hotspot\share\prims\jni.cpp, line 517]
Event: 11.020 Thread 0x0000016d7b162c80 Exception <a 'sun/nio/fs/WindowsException'{0x0000000085bf9e60}> (0x0000000085bf9e60) 
thrown [s\src\hotspot\share\prims\jni.cpp, line 517]
Event: 11.022 Thread 0x0000016d7b162c80 Exception <a 'sun/nio/fs/WindowsException'{0x0000000085a023c8}> (0x0000000085a023c8) 
thrown [s\src\hotspot\share\prims\jni.cpp, line 517]
Event: 11.022 Thread 0x0000016d7b162c80 Exception <a 'sun/nio/fs/WindowsException'{0x0000000085a02738}> (0x0000000085a02738) 
thrown [s\src\hotspot\share\prims\jni.cpp, line 517]
Event: 11.335 Thread 0x0000016d7b162c80 Exception <a 'java/lang/NoSuchMethodError'{0x00000000866289f8}: 'int java.lang.invoke.DirectMethodHandle$Holder.invokeSpecialIFC(java.lang.Object, java.lang.Object, java.lang.Object)'> (0x00000000866289f8) 
thrown [s\src\hotspot\share\interpreter\linkResolver.cpp, line 771]
Event: 11.430 Thread 0x0000016d7b162c80 Exception <a 'java/lang/NoSuchMethodError'{0x000000008623a930}: 'java.lang.Object java.lang.invoke.DirectMethodHandle$Holder.newInvokeSpecial(java.lang.Object, java.lang.Object, java.lang.Object, java.lang.Object, java.lang.Object, int)'> (0x000000008623a930) 
thrown [s\src\hotspot\share\interpreter\linkResolver.cpp, line 771]
Event: 11.431 Thread 0x0000016d7b162c80 Exception <a 'java/lang/NoSuchMethodError'{0x0000000086240580}: 'java.lang.Object java.lang.invoke.DirectMethodHandle$Holder.invokeSpecial(java.lang.Object, java.lang.Object, java.lang.Object, java.lang.Object, java.lang.Object, java.lang.Object, int)'> (0x0000000086240580) 
thrown [s\src\hotspot\share\interpreter\linkResolver.cpp, line 771]
Event: 11.450 Thread 0x0000016d7b162c80 Exception <a 'java/lang/NoSuchMethodError'{0x00000000862fd7c8}: 'void java.lang.invoke.DirectMethodHandle$Holder.invokeStatic(java.lang.Object, java.lang.Object, java.lang.Object, int, java.lang.Object)'> (0x00000000862fd7c8) 
thrown [s\src\hotspot\share\interpreter\linkResolver.cpp, line 771]
Event: 11.699 Thread 0x0000016d7b162c80 Implicit null exception at 0x0000016d662c47ef to 0x0000016d662c4a30
Event: 12.083 Thread 0x0000016d7b162c80 Exception <a 'java/lang/IncompatibleClassChangeError'{0x0000000085d42060}: Found class java.lang.Object, but interface was expected> (0x0000000085d42060) 
thrown [s\src\hotspot\share\interpreter\linkResolver.cpp, line 838]
Event: 12.165 Thread 0x0000016d7b162c80 Implicit null exception at 0x0000016d6623bc54 to 0x0000016d6623be04
Event: 12.165 Thread 0x0000016d7b162c80 Implicit null exception at 0x0000016d6622415d to 0x0000016d66225dc8
Event: 12.626 Thread 0x0000016d7b162c80 Exception <a 'java/lang/IncompatibleClassChangeError'{0x0000000085dc5ad8}: Found class java.lang.Object, but interface was expected> (0x0000000085dc5ad8) 
thrown [s\src\hotspot\share\interpreter\linkResolver.cpp, line 838]

VM Operations (20 events):
Event: 10.824 Executing VM operation: HandshakeAllThreads done
Event: 10.922 Executing VM operation: HandshakeAllThreads
Event: 10.922 Executing VM operation: HandshakeAllThreads done
Event: 11.018 Executing VM operation: ICBufferFull
Event: 11.018 Executing VM operation: ICBufferFull done
Event: 11.052 Executing VM operation: G1CollectForAllocation
Event: 11.061 Executing VM operation: G1CollectForAllocation done
Event: 11.341 Executing VM operation: HandshakeAllThreads
Event: 11.342 Executing VM operation: HandshakeAllThreads done
Event: 11.669 Executing VM operation: ICBufferFull
Event: 11.669 Executing VM operation: ICBufferFull done
Event: 11.686 Executing VM operation: G1CollectForAllocation
Event: 11.693 Executing VM operation: G1CollectForAllocation done
Event: 12.065 Executing VM operation: ICBufferFull
Event: 12.065 Executing VM operation: ICBufferFull done
Event: 12.157 Executing VM operation: G1CollectForAllocation
Event: 12.163 Executing VM operation: G1CollectForAllocation done
Event: 12.565 Executing VM operation: HandshakeAllThreads
Event: 12.565 Executing VM operation: HandshakeAllThreads done
Event: 12.631 Executing VM operation: G1CollectForAllocation

Events (20 events):
Event: 12.164 loading class sun/reflect/misc/MethodUtil$1 done
Event: 12.170 Thread 0x0000016d7d6aa730 Thread added: 0x0000016d7d6aa730
Event: 12.175 loading class java/lang/Byte$ByteCache
Event: 12.175 loading class java/lang/Byte$ByteCache done
Event: 12.564 loading class java/net/SocketTimeoutException
Event: 12.564 loading class java/net/SocketTimeoutException done
Event: 12.589 loading class java/util/TreeMap$EntrySpliterator
Event: 12.589 loading class java/util/TreeMap$TreeMapSpliterator
Event: 12.589 loading class java/util/TreeMap$TreeMapSpliterator done
Event: 12.589 loading class java/util/TreeMap$EntrySpliterator done
Event: 12.600 loading class java/util/Stack
Event: 12.600 loading class java/util/Stack done
Event: 12.602 loading class java/lang/ThreadLocal$SuppliedThreadLocal
Event: 12.602 loading class java/lang/ThreadLocal$SuppliedThreadLocal done
Event: 12.625 loading class org/xml/sax/ContentHandler
Event: 12.625 loading class org/xml/sax/ContentHandler done
Event: 12.625 loading class org/xml/sax/EntityResolver
Event: 12.625 loading class org/xml/sax/EntityResolver done
Event: 12.625 loading class org/xml/sax/DTDHandler
Event: 12.626 loading class org/xml/sax/DTDHandler done


Dynamic libraries:
0x00007ff7b2e90000 - 0x00007ff7b2e9a000 	C:\Program Files\Android\Android Studio\jbr\bin\java.exe
0x00007fffc9b70000 - 0x00007fffc9d68000 	C:\WINDOWS\SYSTEM32\ntdll.dll
0x00007fffc9a70000 - 0x00007fffc9b2d000 	C:\WINDOWS\System32\KERNEL32.DLL
0x00007fffc73e0000 - 0x00007fffc76d6000 	C:\WINDOWS\System32\KERNELBASE.dll
0x00007fffc7250000 - 0x00007fffc7350000 	C:\WINDOWS\System32\ucrtbase.dll
0x00007fffb64f0000 - 0x00007fffb650b000 	C:\Program Files\Android\Android Studio\jbr\bin\VCRUNTIME140.dll
0x00007fff9a150000 - 0x00007fff9a167000 	C:\Program Files\Android\Android Studio\jbr\bin\jli.dll
0x00007fffc81b0000 - 0x00007fffc834f000 	C:\WINDOWS\System32\USER32.dll
0x00007fffc7220000 - 0x00007fffc7242000 	C:\WINDOWS\System32\win32u.dll
0x00007fffc8ed0000 - 0x00007fffc8efb000 	C:\WINDOWS\System32\GDI32.dll
0x00007fffc79e0000 - 0x00007fffc7af7000 	C:\WINDOWS\System32\gdi32full.dll
0x00007fffc7b00000 - 0x00007fffc7b9d000 	C:\WINDOWS\System32\msvcp_win.dll
0x00007fffb69b0000 - 0x00007fffb6c4a000 	C:\WINDOWS\WinSxS\amd64_microsoft.windows.common-controls_6595b64144ccf1df_6.0.19041.3636_none_60b6a03d71f818d5\COMCTL32.dll
0x00007fffc99d0000 - 0x00007fffc9a6e000 	C:\WINDOWS\System32\msvcrt.dll
0x00007fffc8e90000 - 0x00007fffc8ec2000 	C:\WINDOWS\System32\IMM32.DLL
0x00007fffc08c0000 - 0x00007fffc08cc000 	C:\Program Files\Android\Android Studio\jbr\bin\vcruntime140_1.dll
0x00007fffb39b0000 - 0x00007fffb3a3d000 	C:\Program Files\Android\Android Studio\jbr\bin\msvcp140.dll
0x00007fff6e8f0000 - 0x00007fff6f573000 	C:\Program Files\Android\Android Studio\jbr\bin\server\jvm.dll
0x00007fffc80d0000 - 0x00007fffc8180000 	C:\WINDOWS\System32\ADVAPI32.dll
0x00007fffc7d80000 - 0x00007fffc7e20000 	C:\WINDOWS\System32\sechost.dll
0x00007fffc7e30000 - 0x00007fffc7f53000 	C:\WINDOWS\System32\RPCRT4.dll
0x00007fffc7900000 - 0x00007fffc7927000 	C:\WINDOWS\System32\bcrypt.dll
0x00007fffc67b0000 - 0x00007fffc67fb000 	C:\WINDOWS\SYSTEM32\POWRPROF.dll
0x00007fffbcab0000 - 0x00007fffbcad7000 	C:\WINDOWS\SYSTEM32\WINMM.dll
0x00007fffc16c0000 - 0x00007fffc16c9000 	C:\WINDOWS\SYSTEM32\WSOCK32.dll
0x00007fffc8430000 - 0x00007fffc849b000 	C:\WINDOWS\System32\WS2_32.dll
0x00007fffbee50000 - 0x00007fffbee5a000 	C:\WINDOWS\SYSTEM32\VERSION.dll
0x00007fffc6620000 - 0x00007fffc6632000 	C:\WINDOWS\SYSTEM32\UMPDC.dll
0x00007fffc50b0000 - 0x00007fffc50c2000 	C:\WINDOWS\SYSTEM32\kernel.appcore.dll
0x00007fffbd050000 - 0x00007fffbd05a000 	C:\Program Files\Android\Android Studio\jbr\bin\jimage.dll
0x00007fffbb140000 - 0x00007fffbb324000 	C:\WINDOWS\SYSTEM32\DBGHELP.DLL
0x00007fffb30c0000 - 0x00007fffb30f4000 	C:\WINDOWS\SYSTEM32\dbgcore.DLL
0x00007fffc7350000 - 0x00007fffc73d2000 	C:\WINDOWS\System32\bcryptPrimitives.dll
0x00007fffaba50000 - 0x00007fffaba5e000 	C:\Program Files\Android\Android Studio\jbr\bin\instrument.dll
0x00007fffbadd0000 - 0x00007fffbadf5000 	C:\Program Files\Android\Android Studio\jbr\bin\java.dll
0x00007fffbcfd0000 - 0x00007fffbcfe8000 	C:\Program Files\Android\Android Studio\jbr\bin\zip.dll
0x00007fffc9260000 - 0x00007fffc99cb000 	C:\WINDOWS\System32\SHELL32.dll
0x00007fffc52b0000 - 0x00007fffc5a4e000 	C:\WINDOWS\SYSTEM32\windows.storage.dll
0x00007fffc8f00000 - 0x00007fffc9253000 	C:\WINDOWS\System32\combase.dll
0x00007fffc6c50000 - 0x00007fffc6c7e000 	C:\WINDOWS\SYSTEM32\Wldp.dll
0x00007fffc7c00000 - 0x00007fffc7ccd000 	C:\WINDOWS\System32\OLEAUT32.dll
0x00007fffc7cd0000 - 0x00007fffc7d7d000 	C:\WINDOWS\System32\SHCORE.dll
0x00007fffc8070000 - 0x00007fffc80c5000 	C:\WINDOWS\System32\shlwapi.dll
0x00007fffc7150000 - 0x00007fffc7173000 	C:\WINDOWS\SYSTEM32\profapi.dll
0x00007fffad670000 - 0x00007fffad689000 	C:\Program Files\Android\Android Studio\jbr\bin\net.dll
0x00007fffbebb0000 - 0x00007fffbecba000 	C:\WINDOWS\SYSTEM32\WINHTTP.dll
0x00007fffc69b0000 - 0x00007fffc6a1a000 	C:\WINDOWS\system32\mswsock.dll
0x00007fffabbe0000 - 0x00007fffabbf6000 	C:\Program Files\Android\Android Studio\jbr\bin\nio.dll
0x00007fffb4df0000 - 0x00007fffb4e00000 	C:\Program Files\Android\Android Studio\jbr\bin\verify.dll
0x00007fff90820000 - 0x00007fff90847000 	C:\Users\91914\.gradle\native\68d5fa5c4cc2d200863cafc0d521ce42e7d3e7ee720ec0a83991735586a16f82\windows-amd64\native-platform.dll
0x00007fff77a60000 - 0x00007fff77ba4000 	C:\Users\91914\.gradle\native\e376f236ea51e6404a007f0833ffe2c6e607c4080706a723a18a27aeea778392\windows-amd64\native-platform-file-events.dll
0x00007fffabbd0000 - 0x00007fffabbd9000 	C:\Program Files\Android\Android Studio\jbr\bin\management.dll
0x00007fffaba60000 - 0x00007fffaba6b000 	C:\Program Files\Android\Android Studio\jbr\bin\management_ext.dll
0x00007fffc8180000 - 0x00007fffc8188000 	C:\WINDOWS\System32\PSAPI.DLL
0x00007fffc6bb0000 - 0x00007fffc6bc8000 	C:\WINDOWS\SYSTEM32\CRYPTSP.dll
0x00007fffc6260000 - 0x00007fffc6294000 	C:\WINDOWS\system32\rsaenh.dll
0x00007fffc7110000 - 0x00007fffc713e000 	C:\WINDOWS\SYSTEM32\USERENV.dll
0x00007fffc6ba0000 - 0x00007fffc6bac000 	C:\WINDOWS\SYSTEM32\CRYPTBASE.dll
0x00007fffc6640000 - 0x00007fffc667b000 	C:\WINDOWS\SYSTEM32\IPHLPAPI.DLL
0x00007fffc7e20000 - 0x00007fffc7e28000 	C:\WINDOWS\System32\NSI.dll
0x00007fffbf160000 - 0x00007fffbf177000 	C:\WINDOWS\SYSTEM32\dhcpcsvc6.DLL
0x00007fffc0640000 - 0x00007fffc065d000 	C:\WINDOWS\SYSTEM32\dhcpcsvc.DLL
0x00007fffc6690000 - 0x00007fffc675b000 	C:\WINDOWS\SYSTEM32\DNSAPI.dll
0x00007fffb4b00000 - 0x00007fffb4b09000 	C:\Program Files\Android\Android Studio\jbr\bin\extnet.dll
0x00007fffc1980000 - 0x00007fffc1987000 	C:\WINDOWS\system32\wshunix.dll

dbghelp: loaded successfully - version: 4.0.5 - missing functions: none
symbol engine: initialized successfully - sym options: 0x614 - pdb path: .;C:\Program Files\Android\Android Studio\jbr\bin;C:\WINDOWS\SYSTEM32;C:\WINDOWS\WinSxS\amd64_microsoft.windows.common-controls_6595b64144ccf1df_6.0.19041.3636_none_60b6a03d71f818d5;C:\Program Files\Android\Android Studio\jbr\bin\server;C:\Users\91914\.gradle\native\68d5fa5c4cc2d200863cafc0d521ce42e7d3e7ee720ec0a83991735586a16f82\windows-amd64;C:\Users\91914\.gradle\native\e376f236ea51e6404a007f0833ffe2c6e607c4080706a723a18a27aeea778392\windows-amd64

VM Arguments:
jvm_args: --add-opens=java.base/java.util=ALL-UNNAMED --add-opens=java.base/java.lang=ALL-UNNAMED --add-opens=java.base/java.lang.invoke=ALL-UNNAMED --add-opens=java.prefs/java.util.prefs=ALL-UNNAMED --add-opens=java.base/java.nio.charset=ALL-UNNAMED --add-opens=java.base/java.net=ALL-UNNAMED --add-opens=java.base/java.util.concurrent.atomic=ALL-UNNAMED -Xmx2048m -Dfile.encoding=UTF-8 -Duser.country=US -Duser.language=en -Duser.variant -javaagent:C:\Users\91914\.gradle\wrapper\dists\gradle-8.2-bin\bbg7u40eoinfdyxsxr3z4i7ta\gradle-8.2\lib\agents\gradle-instrumentation-agent-8.2.jar 
java_command: org.gradle.launcher.daemon.bootstrap.GradleDaemon 8.2
java_class_path (initial): C:\Users\91914\.gradle\wrapper\dists\gradle-8.2-bin\bbg7u40eoinfdyxsxr3z4i7ta\gradle-8.2\lib\gradle-launcher-8.2.jar
Launcher Type: SUN_STANDARD

[Global flags]
     intx CICompilerCount                          = 4                                         {product} {ergonomic}
     uint ConcGCThreads                            = 2                                         {product} {ergonomic}
     uint G1ConcRefinementThreads                  = 8                                         {product} {ergonomic}
   size_t G1HeapRegionSize                         = 1048576                                   {product} {ergonomic}
    uintx GCDrainStackTargetSize                   = 64                                        {product} {ergonomic}
   size_t InitialHeapSize                          = 260046848                                 {product} {ergonomic}
   size_t MarkStackSize                            = 4194304                                   {product} {ergonomic}
   size_t MaxHeapSize                              = 2147483648                                {product} {command line}
   size_t MaxNewSize                               = 1287651328                                {product} {ergonomic}
   size_t MinHeapDeltaBytes                        = 1048576                                   {product} {ergonomic}
   size_t MinHeapSize                              = 8388608                                   {product} {ergonomic}
    uintx NonNMethodCodeHeapSize                   = 5839372                                {pd product} {ergonomic}
    uintx NonProfiledCodeHeapSize                  = 122909434                              {pd product} {ergonomic}
    uintx ProfiledCodeHeapSize                     = 122909434                              {pd product} {ergonomic}
    uintx ReservedCodeCacheSize                    = 251658240                              {pd product} {ergonomic}
     bool SegmentedCodeCache                       = true                                      {product} {ergonomic}
   size_t SoftMaxHeapSize                          = 2147483648                             {manageable} {ergonomic}
     bool UseCompressedClassPointers               = true                           {product lp64_product} {ergonomic}
     bool UseCompressedOops                        = true                           {product lp64_product} {ergonomic}
     bool UseG1GC                                  = true                                      {product} {ergonomic}
     bool UseLargePagesIndividualAllocation        = false                                  {pd product} {ergonomic}

Logging:
Log output configuration:
 #0: stdout all=warning uptime,level,tags
 #1: stderr all=off uptime,level,tags

Environment Variables:
JAVA_HOME=C:\Program Files\Java\jdk-17
PATH=C:\Python311\Scripts\;C:\Python311\;C:\Program Files\Common Files\Oracle\Java\javapath;C:\Program Files (x86)\Common Files\Intel\Shared Libraries\redist\intel64\compiler;C:\WINDOWS\system32;C:\WINDOWS;C:\WINDOWS\System32\Wbem;C:\WINDOWS\System32\WindowsPowerShell\v1.0\;C:\WINDOWS\System32\OpenSSH\;C:\ProgramData\chocolatey\bin;C:\Python310;C:\Program Files\dotnet\;C:\Program Files\NVIDIA Corporation\NVIDIA NvDLISR;C:\Program Files (x86)\NVIDIA Corporation\PhysX\Common;C:\MinGW\bin;C:\Program Files\apache-maven-3.8.7\bin;C:\Program Files\Java\jdk-17\bin;C:\Program Files\nodejs\;C:\Program Files\Git\cmd;C:\Program Files\PuTTY\;C:\Users\91914\AppData\Local\Programs\Python\Python38\Scripts\;C:\Users\91914\AppData\Local\Programs\Python\Python38\;C:\Users\91914\miniconda3;C:\Users\91914\miniconda3\Library\mingw-w64\bin;C:\Users\91914\miniconda3\Library\usr\bin;C:\Users\91914\miniconda3\Library\bin;C:\Users\91914\miniconda3\Scripts;C:\Users\91914\AppData\Local\Programs\Python\Python37\Scripts\;C:\Users\91914\AppData\Local\Programs\Python\Python37\;C:\Users\91914\AppData\Local\Programs\Python\Python310\Scripts\;C:\Users\91914\AppData\Local\Programs\Python\Python310\;C:\Users\91914\AppData\Local\Microsoft\WindowsApps;C:\Users\91914\AppData\Local\Programs\Microsoft VS Code\bin;C:\Users\91914\AppData\Roaming\npm;C:\Program Files\JetBrains\IntelliJ IDEA 2023.2\bin;
USERNAME=91914
OS=Windows_NT
PROCESSOR_IDENTIFIER=AMD64 Family 23 Model 24 Stepping 1, AuthenticAMD
TMP=C:\Users\91914\AppData\Local\Temp
TEMP=C:\Users\91914\AppData\Local\Temp



Periodic native trim disabled

JNI global refs:
JNI global refs: 26, weak refs: 0

JNI global refs memory usage: 843, weak refs: 841

OOME stack traces (most recent first):
Classloader memory used:
Loader org.gradle.internal.classloader.VisitableURLClassLoader                         : 3831K
Loader bootstrap                                                                       : 2683K
Loader org.gradle.initialization.MixInLegacyTypesClassLoader                           : 1206K
Loader org.gradle.internal.classloader.VisitableURLClassLoader                         : 153K
Loader org.gradle.internal.classloader.VisitableURLClassLoader$InstrumentingVisitableURLClassLoader: 110K
Loader jdk.internal.loader.ClassLoaders$PlatformClassLoader                            : 64983B
Loader jdk.internal.reflect.DelegatingClassLoader                                      : 48477B
Loader jdk.internal.loader.ClassLoaders$AppClassLoader                                 : 28458B
Loader org.gradle.groovy.scripts.internal.DefaultScriptCompilationHandler$ScriptClassLoader: 9896B
Loader org.codehaus.groovy.runtime.callsite.CallSiteClassLoader                        : 6074B
Loader sun.reflect.misc.MethodUtil                                                     : 373B

Classes loaded by more than one classloader:
Class Program                                                                         : loaded 5 times (x 72B)
Class org.gradle.internal.Cast                                                        : loaded 3 times (x 69B)
Class Settings_gradle                                                                 : loaded 3 times (x 126B)
Class Settings_gradle$1                                                               : loaded 3 times (x 73B)
Class org.gradle.api.GradleException                                                  : loaded 3 times (x 80B)
Class Settings_gradle$1$1                                                             : loaded 3 times (x 72B)
Class org.gradle.internal.exceptions.NonGradleCauseExceptionsHolder                   : loaded 2 times (x 68B)
Class org.gradle.api.Action                                                           : loaded 2 times (x 68B)
Class org.jetbrains.kotlin.idea.gradleTooling.model.samWithReceiver.SamWithReceiverModel: loaded 2 times (x 68B)
Class org.jetbrains.plugins.gradle.model.ExternalProject                              : loaded 2 times (x 68B)
Class org.jetbrains.plugins.gradle.model.IntelliJSettings                             : loaded 2 times (x 68B)
Class org.jetbrains.kotlin.idea.gradleTooling.KotlinMPPGradleModel                    : loaded 2 times (x 68B)
Class org.gradle.api.internal.DefaultClassPathProvider                                : loaded 2 times (x 74B)
Class org.gradle.internal.installation.GradleInstallation$1                           : loaded 2 times (x 73B)
Class org.gradle.internal.exceptions.DefaultMultiCauseException                       : loaded 2 times (x 89B)
Class org.gradle.tooling.model.UnsupportedMethodException                             : loaded 2 times (x 80B)
Class org.gradle.internal.time.MonotonicClock                                         : loaded 2 times (x 75B)
Class org.gradle.internal.classloader.FilteringClassLoader                            : loaded 2 times (x 103B)
Class org.gradle.tooling.model.Model                                                  : loaded 2 times (x 68B)
Class org.gradle.internal.classpath.DefaultClassPath$ImmutableUniqueList$Builder      : loaded 2 times (x 73B)
Class org.jetbrains.kotlin.idea.gradleTooling.KotlinSourceSetContainer                : loaded 2 times (x 68B)
Class sync_studio_tooling1221_eq9aadns21kd8boznmi956c9a                               : loaded 2 times (x 177B)
Class org.gradle.internal.classloader.ClassLoaderVisitor                              : loaded 2 times (x 74B)
Class org.gradle.internal.time.DefaultCountdownTimer                                  : loaded 2 times (x 86B)
Class org.gradle.internal.service.DefaultServiceLocator                               : loaded 2 times (x 81B)
Class org.gradle.internal.service.UnknownServiceException                             : loaded 2 times (x 81B)
Class org.jetbrains.plugins.gradle.model.DependencyAccessorsModel                     : loaded 2 times (x 68B)
Class org.gradle.internal.classloader.DefaultClassLoaderFactory                       : loaded 2 times (x 80B)
Class org.jetbrains.plugins.gradle.model.GradleExtensions                             : loaded 2 times (x 68B)
Class org.jetbrains.plugins.gradle.model.VersionCatalogsModel                         : loaded 2 times (x 68B)
Class org.gradle.internal.classloader.VisitableURLClassLoader$Spec                    : loaded 2 times (x 72B)
Class org.gradle.tooling.model.ProjectModel                                           : loaded 2 times (x 68B)
Class org.gradle.api.internal.classpath.DefaultModuleRegistry                         : loaded 2 times (x 84B)
Class org.gradle.tooling.internal.gradle.DefaultProjectIdentifier                     : loaded 2 times (x 84B)
Class org.gradle.api.internal.classpath.ModuleRegistry                                : loaded 2 times (x 68B)
Class org.jetbrains.plugins.gradle.model.RepositoriesModel                            : loaded 2 times (x 68B)
Class kotlin.jvm.internal.markers.KMappedMarker                                       : loaded 2 times (x 68B)
Class org.gradle.api.internal.ClassPathProvider                                       : loaded 2 times (x 68B)
Class org.gradle.internal.classloader.ClasspathUtil$1                                 : loaded 2 times (x 74B)
Class org.gradle.internal.classloader.ClassLoaderFactory                              : loaded 2 times (x 68B)
Class ijInit2_31f9pk3t0w1rf31fmmp0hbswr                                               : loaded 2 times (x 177B)
Class org.gradle.api.internal.classpath.ManifestUtil                                  : loaded 2 times (x 69B)
Class org.gradle.api.specs.Spec                                                       : loaded 2 times (x 68B)
Class org.gradle.tooling.internal.gradle.GradleBuildIdentity                          : loaded 2 times (x 68B)
Class org.gradle.internal.IoActions                                                   : loaded 2 times (x 69B)
Class org.gradle.api.internal.classpath.EffectiveClassPath                            : loaded 2 times (x 88B)
Class kotlin.jvm.internal.DefaultConstructorMarker                                    : loaded 2 times (x 69B)
Class org.jetbrains.kotlin.idea.gradleTooling.model.annotation.AnnotationBasedPluginModel: loaded 2 times (x 68B)
Class org.jetbrains.kotlin.idea.gradleTooling.model.assignment.AssignmentModel        : loaded 2 times (x 68B)
Class org.gradle.internal.installation.CurrentGradleInstallation                      : loaded 2 times (x 71B)
Class org.gradle.internal.agents.InstrumentingClassLoader                             : loaded 2 times (x 68B)
Class org.gradle.internal.installation.CurrentGradleInstallationLocator               : loaded 2 times (x 69B)
Class org.gradle.internal.classpath.ClassPath                                         : loaded 2 times (x 68B)
Class org.gradle.internal.service.CachingServiceLocator                               : loaded 2 times (x 80B)
Class org.gradle.internal.time.Timer                                                  : loaded 2 times (x 68B)
Class org.jetbrains.plugins.gradle.model.tests.ExternalTestsModel                     : loaded 2 times (x 68B)
Class org.jetbrains.kotlin.idea.gradleTooling.KotlinDslScriptAdditionalTask           : loaded 2 times (x 68B)
Class org.gradle.internal.classpath.DefaultClassPath                                  : loaded 2 times (x 88B)
Class com.intellij.openapi.externalSystem.model.project.dependencies.ProjectDependencies: loaded 2 times (x 68B)
Class Build_gradle$1                                                                  : loaded 2 times (x 76B)
Class org.jetbrains.kotlin.idea.gradleTooling.PrepareKotlinIdeImportTaskModel         : loaded 2 times (x 68B)
Class org.gradle.internal.impldep.com.google.common.base.Preconditions                : loaded 2 times (x 69B)
Class kotlin.jvm.functions.Function1                                                  : loaded 2 times (x 68B)
Class org.gradle.internal.time.Time                                                   : loaded 2 times (x 69B)
Class org.gradle.internal.time.TimeSource$1                                           : loaded 2 times (x 75B)
Class org.gradle.internal.classloader.SystemClassLoaderSpec                           : loaded 2 times (x 69B)
Class kotlin.Function                                                                 : loaded 2 times (x 68B)
Class org.gradle.api.UncheckedIOException                                             : loaded 2 times (x 80B)
Class org.jetbrains.plugins.gradle.model.MavenRepositoryModel                         : loaded 2 times (x 68B)
Class org.gradle.tooling.internal.gradle.GradleProjectIdentity                        : loaded 2 times (x 68B)
Class org.gradle.internal.time.CountdownTimer                                         : loaded 2 times (x 68B)
Class org.gradle.internal.time.Clock                                                  : loaded 2 times (x 68B)
Class org.gradle.internal.classloader.ClasspathUtil                                   : loaded 2 times (x 69B)
Class org.gradle.tooling.model.BuildIdentifier                                        : loaded 2 times (x 68B)
Class org.gradle.api.internal.DefaultClassPathRegistry                                : loaded 2 times (x 74B)
Class org.gradle.api.internal.classpath.DefaultModuleRegistry$DefaultModule           : loaded 2 times (x 84B)
Class org.gradle.internal.time.TimeSource                                             : loaded 2 times (x 68B)
Class org.jetbrains.kotlin.android.synthetic.idea.AndroidExtensionsGradleModel        : loaded 2 times (x 68B)
Class org.gradle.api.internal.classpath.UnknownModuleException                        : loaded 2 times (x 80B)
Class org.jetbrains.plugins.gradle.model.IntelliJProjectSettings                      : loaded 2 times (x 68B)
Class org.gradle.internal.service.ServiceLookupException                              : loaded 2 times (x 80B)
Class org.gradle.cache.GlobalCache                                                    : loaded 2 times (x 68B)
Class org.jetbrains.kotlin.idea.gradleTooling.model.lombok.LombokModel                : loaded 2 times (x 68B)
Class org.gradle.tooling.model.ProjectIdentifier                                      : loaded 2 times (x 68B)
Class [Lorg.gradle.api.internal.ClassPathProvider;                                    : loaded 2 times (x 67B)
Class org.gradle.internal.operations.MultipleBuildOperationFailures                   : loaded 2 times (x 89B)
Class org.gradle.util.internal.GUtil                                                  : loaded 2 times (x 69B)
Class org.jetbrains.plugins.gradle.model.AnnotationProcessingModel                    : loaded 2 times (x 68B)
Class org.gradle.internal.classloader.ClassLoaderSpec                                 : loaded 2 times (x 69B)
Class org.jetbrains.plugins.gradle.model.BuildScriptClasspathModel                    : loaded 2 times (x 68B)
Class org.gradle.internal.classloader.VisitableURLClassLoader                         : loaded 2 times (x 115B)
Class org.gradle.util.GradleVersion                                                   : loaded 2 times (x 81B)
Class Build_gradle                                                                    : loaded 2 times (x 70B)
Class org.gradle.api.internal.ClassPathRegistry                                       : loaded 2 times (x 68B)
Class sync_studio_tooling1221_eq9aadns21kd8boznmi956c9a$_run_closure1                 : loaded 2 times (x 134B)
Class org.gradle.internal.classloader.VisitableURLClassLoader$InstrumentingVisitableURLClassLoader: loaded 2 times (x 121B)
Class org.gradle.internal.classloader.ClassLoaderHierarchy                            : loaded 2 times (x 68B)
Class org.gradle.internal.exceptions.MultiCauseException                              : loaded 2 times (x 68B)
Class org.jetbrains.kotlin.idea.gradleTooling.model.parcelize.ParcelizeGradleModel    : loaded 2 times (x 68B)
Class org.gradle.internal.InternalTransformer                                         : loaded 2 times (x 68B)
Class org.jetbrains.kotlin.idea.gradleTooling.model.noarg.NoArgModel                  : loaded 2 times (x 68B)
Class org.jetbrains.kotlin.idea.gradleTooling.KotlinGradleModel                       : loaded 2 times (x 68B)
Class org.gradle.tooling.internal.gradle.DefaultBuildIdentifier                       : loaded 2 times (x 77B)
Class org.gradle.internal.service.ServiceLocator                                      : loaded 2 times (x 68B)
Class org.gradle.api.internal.classpath.Module                                        : loaded 2 times (x 68B)
Class org.jetbrains.kotlin.idea.gradleTooling.model.allopen.AllOpenModel              : loaded 2 times (x 68B)
Class org.gradle.internal.classpath.DefaultClassPath$ImmutableUniqueList              : loaded 2 times (x 159B)
Class org.gradle.internal.time.DefaultTimer                                           : loaded 2 times (x 78B)
Class org.gradle.internal.classpath.TransformedClassPath                              : loaded 2 times (x 94B)
Class org.gradle.internal.installation.GradleInstallation                             : loaded 2 times (x 73B)


---------------  S Y S T E M  ---------------

OS:
 Windows 10 , 64 bit Build 19041 (10.0.19041.3636)
OS uptime: 0 days 6:28 hours

CPU: total 8 (initial active 8) (8 cores per cpu, 2 threads per core) family 23 model 24 stepping 1 microcode 0x0, cx8, cmov, fxsr, ht, mmx, 3dnowpref, sse, sse2, sse3, ssse3, sse4a, sse4.1, sse4.2, popcnt, lzcnt, tsc, tscinvbit, avx, avx2, aes, clmul, bmi1, bmi2, adx, sha, fma, vzeroupper, clflush, clflushopt
Processor Information for all 8 processors :
  Max Mhz: 2300, Current Mhz: 2300, Mhz Limit: 2300

Memory: 4k page, system-wide physical 15808M (2014M free)
TotalPageFile size 17856M (AvailPageFile size 19M)
current process WorkingSet (physical memory assigned to process): 318M, peak: 324M
current process commit charge ("private bytes"): 447M, peak: 470M

vm_info: OpenJDK 64-Bit Server VM (17.0.10+0--11572160) for windows-amd64 JRE (17.0.10+0--11572160), built on Mar 13 2024 23:56:38 by "androidbuild" with MS VC++ 16.10 / 16.11 (VS2019)

END.
