#
# There is insufficient memory for the Java Runtime Environment to continue.
# Native memory allocation (mmap) failed to map 260046848 bytes for G1 virtual space
# Possible reasons:
#   The system is out of physical RAM or swap space
#   The process is running with CompressedOops enabled, and the Java Heap may be blocking the growth of the native heap
# Possible solutions:
#   Reduce memory load on the system
#   Increase physical memory or swap space
#   Check if swap backing store is full
#   Decrease Java heap size (-Xmx/-Xms)
#   Decrease number of Java threads
#   Decrease Java thread stack sizes (-Xss)
#   Set larger code cache with -XX:ReservedCodeCacheSize=
#   JVM is running with Unscaled Compressed Oops mode in which the Java heap is
#     placed in the first 4GB address space. The Java Heap base address is the
#     maximum limit for the native heap growth. Please use -XX:HeapBaseMinAddress
#     to set the Java Heap base and to place the Java Heap above 4GB virtual address.
# This output file may be truncated or incomplete.
#
#  Out of Memory Error (os_windows.cpp:3550), pid=18576, tid=18080
#
# JRE version:  (17.0.6+9) (build )
# Java VM: Java HotSpot(TM) 64-Bit Server VM (17.0.6+9-LTS-190, mixed mode, sharing, tiered, compressed oops, compressed class ptrs, g1 gc, windows-amd64)
# No core dump will be written. Minidumps are not enabled by default on client versions of Windows
#

---------------  S U M M A R Y ------------

Command Line: -Djava.awt.headless=true -Dorg.gradle.internal.worker.tmpdir=C:\Users\91914\android-client\core\common\build\tmp\testDebugUnitTest\work -Dorg.gradle.native=false -Xmx512m -Dfile.encoding=UTF-8 -Duser.country=IN -Duser.language=en -Duser.variant -ea worker.org.gradle.process.internal.worker.GradleWorkerMain 'Gradle Test Executor 1'

Host: AMD Ryzen 7 3750H with Radeon Vega Mobile Gfx  , 8 cores, 15G,  Windows 10 , 64 bit Build 19041 (10.0.19041.3636)
Time: Sun May 12 19:44:54 2024 India Standard Time elapsed time: 0.098676 seconds (0d 0h 0m 0s)

---------------  T H R E A D  ---------------

Current thread (0x000001a6632941e0):  JavaThread "Unknown thread" [_thread_in_vm, id=18080, stack(0x00000020c7700000,0x00000020c7800000)]

Stack: [0x00000020c7700000,0x00000020c7800000]
Native frames: (J=compiled Java code, j=interpreted, Vv=VM code, C=native code)
V  [jvm.dll+0x6734ea]
V  [jvm.dll+0x7d18f4]
V  [jvm.dll+0x7d309e]
V  [jvm.dll+0x7d3703]
V  [jvm.dll+0x2433c5]
V  [jvm.dll+0x6703f9]
V  [jvm.dll+0x664d32]
V  [jvm.dll+0x300086]
V  [jvm.dll+0x307606]
V  [jvm.dll+0x356c1e]
V  [jvm.dll+0x356e4f]
V  [jvm.dll+0x2d72e8]
V  [jvm.dll+0x2d8254]
V  [jvm.dll+0x7a33b1]
V  [jvm.dll+0x3647f1]
V  [jvm.dll+0x782839]
V  [jvm.dll+0x3e757f]
V  [jvm.dll+0x3e9001]
C  [jli.dll+0x5297]
C  [ucrtbase.dll+0x21bb2]
C  [KERNEL32.DLL+0x17344]
C  [ntdll.dll+0x526b1]


---------------  P R O C E S S  ---------------

Threads class SMR info:
_java_thread_list=0x00007ffbd1a7e958, length=0, elements={
}

Java Threads: ( => current thread )

Other Threads:
  0x000001a6632c1ec0 GCTaskThread "GC Thread#0" [stack: 0x00000020c7800000,0x00000020c7900000] [id=7948]
  0x000001a6632c7e10 ConcurrentGCThread "G1 Main Marker" [stack: 0x00000020c7900000,0x00000020c7a00000] [id=18148]
  0x000001a6632c8820 ConcurrentGCThread "G1 Conc#0" [stack: 0x00000020c7a00000,0x00000020c7b00000] [id=18560]

[error occurred during error reporting (printing all threads), id 0xc0000005, EXCEPTION_ACCESS_VIOLATION (0xc0000005) at pc=0x00007ffbd12b7f07]

VM state: not at safepoint (not fully initialized)

VM Mutex/Monitor currently owned by a thread:  ([mutex/lock_event])
[0x000001a663290be0] Heap_lock - owner thread: 0x000001a6632941e0

Heap address: 0x00000000e0000000, size: 512 MB, Compressed Oops mode: 32-bit

CDS archive(s) mapped at: [0x0000000000000000-0x0000000000000000-0x0000000000000000), size 0, SharedBaseAddress: 0x0000000800000000, ArchiveRelocationMode: 0.
Narrow klass base: 0x0000000000000000, Narrow klass shift: 0, Narrow klass range: 0x0

GC Precious Log:
<Empty>

Heap:
 garbage-first heap   total 0K, used 0K [0x00000000e0000000, 0x0000000100000000)
  region size 1024K, 0 young (0K), 0 survivors (0K)

[error occurred during error reporting (printing heap information), id 0xc0000005, EXCEPTION_ACCESS_VIOLATION (0xc0000005) at pc=0x00007ffbd169c759]

GC Heap History (0 events):
No events

Deoptimization events (0 events):
No events

Classes unloaded (0 events):
No events

Classes redefined (0 events):
No events

Internal exceptions (0 events):
No events

VM Operations (0 events):
No events

Events (1 events):
Event: 0.027 Loaded shared library C:\Program Files\Java\jdk-17\bin\java.dll


Dynamic libraries:
0x00007ff7fe540000 - 0x00007ff7fe550000 	C:\Program Files\Java\jdk-17\bin\java.exe
0x00007ffc59c90000 - 0x00007ffc59e88000 	C:\WINDOWS\SYSTEM32\ntdll.dll
0x00007ffc58ce0000 - 0x00007ffc58d9d000 	C:\WINDOWS\System32\KERNEL32.DLL
0x00007ffc57340000 - 0x00007ffc57636000 	C:\WINDOWS\System32\KERNELBASE.dll
0x00007ffc57bc0000 - 0x00007ffc57cc0000 	C:\WINDOWS\System32\ucrtbase.dll
0x00007ffc3bf60000 - 0x00007ffc3bf78000 	C:\Program Files\Java\jdk-17\bin\jli.dll
0x00007ffc2b450000 - 0x00007ffc2b46b000 	C:\Program Files\Java\jdk-17\bin\VCRUNTIME140.dll
0x00007ffc58420000 - 0x00007ffc584d0000 	C:\WINDOWS\System32\ADVAPI32.dll
0x00007ffc59ad0000 - 0x00007ffc59b6e000 	C:\WINDOWS\System32\msvcrt.dll
0x00007ffc58c40000 - 0x00007ffc58ce0000 	C:\WINDOWS\System32\sechost.dll
0x00007ffc57dd0000 - 0x00007ffc57ef3000 	C:\WINDOWS\System32\RPCRT4.dll
0x00007ffc57a50000 - 0x00007ffc57a77000 	C:\WINDOWS\System32\bcrypt.dll
0x00007ffc59900000 - 0x00007ffc59a9f000 	C:\WINDOWS\System32\USER32.dll
0x00007ffc57a20000 - 0x00007ffc57a42000 	C:\WINDOWS\System32\win32u.dll
0x00007ffc59aa0000 - 0x00007ffc59acb000 	C:\WINDOWS\System32\GDI32.dll
0x00007ffc57750000 - 0x00007ffc57867000 	C:\WINDOWS\System32\gdi32full.dll
0x00007ffc57640000 - 0x00007ffc576dd000 	C:\WINDOWS\System32\msvcp_win.dll
0x00007ffc46960000 - 0x00007ffc46bfa000 	C:\WINDOWS\WinSxS\amd64_microsoft.windows.common-controls_6595b64144ccf1df_6.0.19041.3636_none_60b6a03d71f818d5\COMCTL32.dll
0x00007ffc4fb50000 - 0x00007ffc4fb5a000 	C:\WINDOWS\SYSTEM32\VERSION.dll
0x00007ffc58da0000 - 0x00007ffc58dd2000 	C:\WINDOWS\System32\IMM32.DLL
0x00007ffc50b80000 - 0x00007ffc50b8c000 	C:\Program Files\Java\jdk-17\bin\vcruntime140_1.dll
0x00007ffc2b3c0000 - 0x00007ffc2b44e000 	C:\Program Files\Java\jdk-17\bin\msvcp140.dll
0x00007ffbd0fd0000 - 0x00007ffbd1ba7000 	C:\Program Files\Java\jdk-17\bin\server\jvm.dll
0x00007ffc592d0000 - 0x00007ffc592d8000 	C:\WINDOWS\System32\PSAPI.DLL
0x00007ffc3be60000 - 0x00007ffc3be69000 	C:\WINDOWS\SYSTEM32\WSOCK32.dll
0x00007ffc58f30000 - 0x00007ffc58f9b000 	C:\WINDOWS\System32\WS2_32.dll
0x00007ffc4cb10000 - 0x00007ffc4cb37000 	C:\WINDOWS\SYSTEM32\WINMM.dll
0x00007ffc551d0000 - 0x00007ffc551e2000 	C:\WINDOWS\SYSTEM32\kernel.appcore.dll
0x00007ffc3c3f0000 - 0x00007ffc3c3fa000 	C:\Program Files\Java\jdk-17\bin\jimage.dll
0x00007ffc48fd0000 - 0x00007ffc491b4000 	C:\WINDOWS\SYSTEM32\DBGHELP.DLL
0x00007ffc42f10000 - 0x00007ffc42f44000 	C:\WINDOWS\SYSTEM32\dbgcore.DLL
0x00007ffc57a80000 - 0x00007ffc57b02000 	C:\WINDOWS\System32\bcryptPrimitives.dll
0x00007ffc2b390000 - 0x00007ffc2b3b5000 	C:\Program Files\Java\jdk-17\bin\java.dll

dbghelp: loaded successfully - version: 4.0.5 - missing functions: none
symbol engine: initialized successfully - sym options: 0x614 - pdb path: .;C:\Program Files\Java\jdk-17\bin;C:\WINDOWS\SYSTEM32;C:\WINDOWS\WinSxS\amd64_microsoft.windows.common-controls_6595b64144ccf1df_6.0.19041.3636_none_60b6a03d71f818d5;C:\Program Files\Java\jdk-17\bin\server

VM Arguments:
jvm_args: -Djava.awt.headless=true -Dorg.gradle.internal.worker.tmpdir=C:\Users\91914\android-client\core\common\build\tmp\testDebugUnitTest\work -Dorg.gradle.native=false -Xmx512m -Dfile.encoding=UTF-8 -Duser.country=IN -Duser.language=en -Duser.variant -ea 
java_command: worker.org.gradle.process.internal.worker.GradleWorkerMain 'Gradle Test Executor 1'
java_class_path (initial): C:\\Users\\91914\\.gradle\\caches\\8.2\\workerMain\\gradle-worker.jar;C:\\Users\\91914\\android-client\\core\\common\\build\\tmp\\kotlin-classes\\debugUnitTest;C:\\Users\\91914\\android-client\\core\\common\\build\\intermediates\\java_res\\debugUnitTest\\out;C:\\Users\\91914\\android-client\\core\\common\\build\\intermediates\\runtime_library_classes_jar\\debug\\classes.jar;C:\\Users\\91914\\.gradle\\caches\\transforms-3\\375f93c9200f9c27353dd531821d7c29\\transformed\\jetified-junit-4.13.2.jar;C:\\Users\\91914\\.gradle\\caches\\transforms-3\\e7ba63874158e5e12dbccd215496abe5\\transformed\\material-1.11.0-runtime.jar;C:\\Users\\91914\\.gradle\\caches\\transforms-3\\64dbe271393c18543d39174bce4246d4\\transformed\\jetified-appcompat-resources-1.6.1-runtime.jar;C:\\Users\\91914\\.gradle\\caches\\transforms-3\\827283a01f905653f89a0482c0ef0c5c\\transformed\\constraintlayout-2.0.1-runtime.jar;C:\\Users\\91914\\.gradle\\caches\\transforms-3\\9dc74c18fa4501d90200be23f0016926\\transformed\\appcompat-1.6.1-runtime.jar;C:\\Users\\91914\\.gradle\\caches\\transforms-3\\9b5d5c22ecc38b5564576b27721cd7f3\\transformed\\jetified-emoji2-views-helper-1.2.0-runtime.jar;C:\\Users\\91914\\.gradle\\caches\\transforms-3\\a4c191eaac4205e93d9dc8b0bc3f4ec0\\transformed\\jetified-emoji2-1.2.0-runtime.jar;C:\\Users\\91914\\.gradle\\caches\\transforms-3\\683b6839ce1632a9afb69d0d4b1afc0a\\transformed\\jetified-viewpager2-1.0.0-runtime.jar;C:\\Users\\91914\\.gradle\\caches\\transforms-3\\2a4e1670ba828e90ccfb49303327a4d8\\transformed\\fragment-1.3.6-runtime.jar;C:\\Users\\91914\\.gradle\\caches\\transforms-3\\16c6e19bb84dadc86db7d3788b3b5abf\\transformed\\jetified-activity-1.8.0-runtime.jar;C:\\Users\\91914\\.gradle\\caches\\transforms-3\\25d5419bb796d3f2ca852a286c454c30\\transformed\\drawerlayout-1.1.1-runtime.jar;C:\\Users\\91914\\.gradle\\caches\\transforms-3\\998f827c26c2c74bd01510caf875a765\\transformed\\coordinatorlayout-1.1.0-runtime.jar;C:\\Users\\91914\\.gradle\\ca
Launcher Type: SUN_STANDARD

[Global flags]
     intx CICompilerCount                          = 4                                         {product} {ergonomic}
     uint ConcGCThreads                            = 2                                         {product} {ergonomic}
     uint G1ConcRefinementThreads                  = 8                                         {product} {ergonomic}
   size_t G1HeapRegionSize                         = 1048576                                   {product} {ergonomic}
    uintx GCDrainStackTargetSize                   = 64                                        {product} {ergonomic}
   size_t InitialHeapSize                          = 260046848                                 {product} {ergonomic}
   size_t MarkStackSize                            = 4194304                                   {product} {ergonomic}
   size_t MaxHeapSize                              = 536870912                                 {product} {command line}
   size_t MinHeapDeltaBytes                        = 1048576                                   {product} {ergonomic}
   size_t MinHeapSize                              = 8388608                                   {product} {ergonomic}
    uintx NonNMethodCodeHeapSize                   = 5839372                                {pd product} {ergonomic}
    uintx NonProfiledCodeHeapSize                  = 122909434                              {pd product} {ergonomic}
    uintx ProfiledCodeHeapSize                     = 122909434                              {pd product} {ergonomic}
    uintx ReservedCodeCacheSize                    = 251658240                              {pd product} {ergonomic}
     bool SegmentedCodeCache                       = true                                      {product} {ergonomic}
   size_t SoftMaxHeapSize                          = 536870912                              {manageable} {ergonomic}
     bool UseCompressedClassPointers               = true                           {product lp64_product} {ergonomic}
     bool UseCompressedOops                        = true                           {product lp64_product} {ergonomic}
     bool UseG1GC                                  = true                                      {product} {ergonomic}
     bool UseLargePagesIndividualAllocation        = false                                  {pd product} {ergonomic}

Logging:
Log output configuration:
 #0: stdout all=warning uptime,level,tags
 #1: stderr all=off uptime,level,tags

Environment Variables:
JAVA_HOME=C:\Program Files\Java\jdk-17
PATH=C:\Users\91914\bin;C:\Program Files\Git\mingw64\bin;C:\Program Files\Git\usr\local\bin;C:\Program Files\Git\usr\bin;C:\Program Files\Git\usr\bin;C:\Program Files\Git\mingw64\bin;C:\Program Files\Git\usr\bin;C:\Users\91914\bin;C:\Python311\Scripts;C:\Python311;C:\Program Files\Common Files\Oracle\Java\javapath;C:\Program Files (x86)\Common Files\Intel\Shared Libraries\redist\intel64\compiler;C:\WINDOWS\system32;C:\WINDOWS;C:\WINDOWS\System32\Wbem;C:\WINDOWS\System32\WindowsPowerShell\v1.0;C:\WINDOWS\System32\OpenSSH;C:\ProgramData\chocolatey\bin;C:\Python310;C:\Program Files\dotnet;C:\Program Files\NVIDIA Corporation\NVIDIA NvDLISR;C:\Program Files (x86)\NVIDIA Corporation\PhysX\Common;C:\MinGW\bin;C:\Program Files\apache-maven-3.8.7\bin;C:\Program Files\Java\jdk-17\bin;C:\Program Files\nodejs;C:\Program Files\Git\cmd;C:\Program Files\PuTTY;C:\Users\91914\AppData\Local\Programs\Python\Python38\Scripts;C:\Users\91914\AppData\Local\Programs\Python\Python38;C:\Users\91914\miniconda3;C:\Users\91914\miniconda3\Library\mingw-w64\bin;C:\Users\91914\miniconda3\Library\usr\bin;C:\Users\91914\miniconda3\Library\bin;C:\Users\91914\miniconda3\Scripts;C:\Users\91914\AppData\Local\Programs\Python\Python37\Scripts;C:\Users\91914\AppData\Local\Programs\Python\Python37;C:\Users\91914\AppData\Local\Programs\Python\Python310\Scripts;C:\Users\91914\AppData\Local\Programs\Python\Python310;C:\Users\91914\AppData\Local\Microsoft\WindowsApps;C:\Users\91914\AppData\Local\Programs\Microsoft VS Code\bin;C:\Users\91914\AppData\Roaming\npm;C:\Program Files\JetBrains\IntelliJ IDEA 2023.2\bin;C:\Program Files\Git\usr\bin\vendor_perl;C:\Program Files\Git\usr\bin\core_perl
USERNAME=91914
SHELL=C:\Program Files\Git\usr\bin\bash.exe
DISPLAY=needs-to-be-defined
LC_CTYPE=en_US.UTF-8
OS=Windows_NT
PROCESSOR_IDENTIFIER=AMD64 Family 23 Model 24 Stepping 1, AuthenticAMD



---------------  S Y S T E M  ---------------

OS:
 Windows 10 , 64 bit Build 19041 (10.0.19041.3636)
OS uptime: 0 days 0:12 hours

CPU: total 8 (initial active 8) (8 cores per cpu, 2 threads per core) family 23 model 24 stepping 1 microcode 0x0, cx8, cmov, fxsr, ht, mmx, 3dnowpref, sse, sse2, sse3, ssse3, sse4a, sse4.1, sse4.2, popcnt, lzcnt, tsc, tscinvbit, avx, avx2, aes, clmul, bmi1, bmi2, adx, sha, fma, vzeroupper, clflush, clflushopt

Memory: 4k page, system-wide physical 15808M (723M free)
TotalPageFile size 17856M (AvailPageFile size 41M)
current process WorkingSet (physical memory assigned to process): 10M, peak: 10M
current process commit charge ("private bytes"): 59M, peak: 307M

vm_info: Java HotSpot(TM) 64-Bit Server VM (17.0.6+9-LTS-190) for windows-amd64 JRE (17.0.6+9-LTS-190), built on Dec  6 2022 15:53:54 by "mach5one" with MS VC++ 17.1 (VS2022)

END.
